#
# A fatal error has been detected by the Java Runtime Environment:
#
#  EXCEPTION_ACCESS_VIOLATION (0xc0000005) at pc=0x00007ffdccec375f, pid=828, tid=14672
#
# JRE version: OpenJDK Runtime Environment 18.9 (11.0.11+9) (build 11.0.11+9)
# Java VM: OpenJDK 64-Bit Server VM 18.9 (11.0.11+9, mixed mode, tiered, compressed oops, g1 gc, windows-amd64)
# Problematic frame:
# C  0x00007ffdccec375f
#
# No core dump will be written. Minidumps are not enabled by default on client versions of Windows
#
# If you would like to submit a bug report, please visit:
#   https://bugreport.java.com/bugreport/crash.jsp
# The crash happened outside the Java Virtual Machine in native code.
# See problematic frame for where to report the bug.
#

---------------  S U M M A R Y ------------

Command Line: -Dsun.java2d.pmoffscreen=false -Dhttps.protocols=TLSv1,TLSv1.1,TLSv1.2 -Dsun.java2d.xrender=false -Dsun.java2d.d3d=false -Dsun.awt.nopixfmt=true -Dsun.java2d.dpiaware=true -Dsun.java2d.uiScale.enabled=false -Xverify:none -Dswing.aatext=true -XX:-UsePerfData -Djdk.map.althashing.threshold=512 -XX:StringTableSize=4072 --add-opens=java.base/java.nio=ALL-UNNAMED --add-opens=java.desktop/sun.swing=ALL-UNNAMED --add-opens=java.desktop/javax.swing=ALL-UNNAMED --add-opens=java.desktop/javax.swing.tree=ALL-UNNAMED --add-opens=java.desktop/javax.swing.plaf.basic=ALL-UNNAMED --add-opens=java.desktop/javax.swing.plaf.synth=ALL-UNNAMED --add-opens=java.desktop/com.sun.awt=ALL-UNNAMED -XX:NewSize=60m -XX:MaxNewSize=60m -Xms256m -Xmx3072m -Xss5m 

Host: Intel(R) Core(TM) i7-6700HQ CPU @ 2.60GHz, 8 cores, 7G,  Windows 10 , 64 bit Build 19041 (10.0.19041.1645)
Time: Mon Apr 25 22:06:02 2022 India Standard Time elapsed time: 81.239265 seconds (0d 0h 1m 21s)

---------------  T H R E A D  ---------------

Current thread (0x0000017c4ea4f800):  JavaThread "AWT-EventQueue-0" [_thread_in_native, id=14672, stack(0x00000006bda00000,0x00000006bdf00000)]

Stack: [0x00000006bda00000,0x00000006bdf00000],  sp=0x00000006bdefbc00,  free space=5103k
Native frames: (J=compiled Java code, j=interpreted, Vv=VM code, C=native code)
C  0x00007ffdccec375f
C  0x00007ffdccec3282
C  0x00007ffdccec3b9c
C  0x00007ffdcce73c25
C  [librdi_simdata.dll+0x63015]
C  [librdi_simdata.dll+0x69336]
C  [librdi_simdata.dll+0x691ee]
C  [librdi_simdata.dll+0x9b583]
C  0x0000017c1f6cf377

Java frames: (J=compiled Java code, j=interpreted, Vv=VM code)
j  ui.views.simulator.executive.simulationi.SimulationExecutive_getLocalsData(JLjava/lang/String;)Ljava/lang/String;+0
j  ui.views.N.c.a.kBT()Lui/data/simulation/executive/protobuf/RSDHierarchy$RSDObjectTreeMessage;+6
j  ui.views.N.a.n.a(Lcom/jidesoft/grid/ExpandableRow;Lui/data/simulation/executive/protobuf/RSDHierarchy$RSDObjectNode;)V+11
j  ui.views.N.a.n.reset()V+16
j  ui.views.N.a.l.reset()V+30
j  ui.views.N.a.k.reset()V+7
j  ui.views.N.a.q.kBi()V+4
j  ui.views.N.a.q.handleTclEvent(Lui/frmwork/a/l;)V+57
J 12551 c1 ui.frmwork.a.o.c(Lui/frmwork/a/l;)V (61 bytes) @ 0x0000017c2001a00c [0x0000017c20019660+0x00000000000009ac]
J 12544 c1 ui.frmwork.E.i(JZ)V (471 bytes) @ 0x0000017c2004efc4 [0x0000017c2004ae40+0x0000000000004184]
j  ui.frmwork.E.dY(J)V+3
j  ui.frmwork.E$$Lambda$202.run()V+8
J 12438 c2 java.awt.EventQueue$4.run()Ljava/lang/Object; java.desktop@11.0.11 (5 bytes) @ 0x0000017c27b29f70 [0x0000017c27b29d00+0x0000000000000270]
v  ~StubRoutines::call_stub
J 3592  java.security.AccessController.doPrivileged(Ljava/security/PrivilegedAction;Ljava/security/AccessControlContext;)Ljava/lang/Object; java.base@11.0.11 (0 bytes) @ 0x0000017c273680b6 [0x0000017c27368040+0x0000000000000076]
J 12437 c2 java.awt.EventQueue.dispatchEvent(Ljava/awt/AWTEvent;)V java.desktop@11.0.11 (80 bytes) @ 0x0000017c27b29160 [0x0000017c27b28bc0+0x00000000000005a0]
J 12439 c2 ui.frmwork.a.d.dispatchEvent(Ljava/awt/AWTEvent;)V (42 bytes) @ 0x0000017c27b2acc8 [0x0000017c27b2abe0+0x00000000000000e8]
J 12986 c2 java.awt.EventDispatchThread.pumpOneEventForFilters(I)V java.desktop@11.0.11 (113 bytes) @ 0x0000017c27be65a4 [0x0000017c27be6440+0x0000000000000164]
j  java.awt.EventDispatchThread.pumpEventsForFilter(ILjava/awt/Conditional;Ljava/awt/EventFilter;)V+35 java.desktop@11.0.11
j  java.awt.EventDispatchThread.pumpEventsForHierarchy(ILjava/awt/Conditional;Ljava/awt/Component;)V+11 java.desktop@11.0.11
j  java.awt.EventDispatchThread.pumpEvents(ILjava/awt/Conditional;)V+4 java.desktop@11.0.11
j  java.awt.EventDispatchThread.pumpEvents(Ljava/awt/Conditional;)V+3 java.desktop@11.0.11
j  java.awt.EventDispatchThread.run()V+9 java.desktop@11.0.11
v  ~StubRoutines::call_stub

siginfo: EXCEPTION_ACCESS_VIOLATION (0xc0000005), reading address 0x0000000000000008


Register to memory mapping:

RIP=0x00007ffdccec375f points into unknown readable memory: 48
RAX=0x0000000000010021 is an unknown value
RBX=0x0 is NULL
RCX=0x0000017c4f1c8630 points into unknown readable memory: 0x00007ffdcd1f3520 | 20 35 1f cd fd 7f 00 00
RDX=0x00007ffdcd1f3520 points into unknown readable memory: 0x00007ffdccf09a90 | 90 9a f0 cc fd 7f 00 00
RSP=0x00000006bdefbc00 is pointing into the stack for thread: 0x0000017c4ea4f800
RBP=0x00000006bdefbd00 is pointing into the stack for thread: 0x0000017c4ea4f800
RSI=0x0000017c50abecf8 points into unknown readable memory: 0x0000000000000000 | 00 00 00 00 00 00 00 00
RDI=0x0 is NULL
R8 =0x0000017c4f1c8630 points into unknown readable memory: 0x00007ffdcd1f3520 | 20 35 1f cd fd 7f 00 00
R9 =0x0000017c52d8106c points into unknown readable memory: 1f 00 00 00
R10=0x0000000000000003 is an unknown value
R11=0x00000006bdefbd10 is pointing into the stack for thread: 0x0000017c4ea4f800
R12=0x00000006bdefbf48 is pointing into the stack for thread: 0x0000017c4ea4f800
R13=0x0000017c52d8106c points into unknown readable memory: 1f 00 00 00
R14=0x0000017c4f1c8630 points into unknown readable memory: 0x00007ffdcd1f3520 | 20 35 1f cd fd 7f 00 00
R15=0x00000006bdefbf38 is pointing into the stack for thread: 0x0000017c4ea4f800


Registers:
RAX=0x0000000000010021, RBX=0x0000000000000000, RCX=0x0000017c4f1c8630, RDX=0x00007ffdcd1f3520
RSP=0x00000006bdefbc00, RBP=0x00000006bdefbd00, RSI=0x0000017c50abecf8, RDI=0x0000000000000000
R8 =0x0000017c4f1c8630, R9 =0x0000017c52d8106c, R10=0x0000000000000003, R11=0x00000006bdefbd10
R12=0x00000006bdefbf48, R13=0x0000017c52d8106c, R14=0x0000017c4f1c8630, R15=0x00000006bdefbf38
RIP=0x00007ffdccec375f, EFLAGS=0x0000000000010246

Top of Stack: (sp=0x00000006bdefbc00)
0x00000006bdefbc00:   0000017c0be729f0 0000000000000000
0x00000006bdefbc10:   0000017c0be73970 0000000000000000
0x00000006bdefbc20:   0000017c06f08a18 0000017c0e6fb760
0x00000006bdefbc30:   0000017c067e81a0 00007ffe818d47b1
0x00000006bdefbc40:   0000017cfffffeea 0000017c618e0000
0x00000006bdefbc50:   0000000000000000 0000000000000000
0x00000006bdefbc60:   0000000000000000 0000000000000000
0x00000006bdefbc70:   0000017c0e6e86b0 0000017c50aba344
0x00000006bdefbc80:   00000006bdefc080 00000006bdefbf38
0x00000006bdefbc90:   0000017c4f1c8630 00000006bdefbd60
0x00000006bdefbca0:   0000000000000000 00007ffd00000000
0x00000006bdefbcb0:   0000017c52d8106c 0000017c50a970c8
0x00000006bdefbcc0:   0000017c50abecf8 0000017c0e6fb760
0x00000006bdefbcd0:   0000000000000000 00000006bdefbf48
0x00000006bdefbce0:   0000000000000000 0000017c61ac0fc0
0x00000006bdefbcf0:   fffffffffffffffe 0000017c067e81a0 

Instructions: (pc=0x00007ffdccec375f)
0x00007ffdccec365f:   4c 24 60 eb 21 8b 54 24 60 49 03 d0 48 8b c2 48
0x00007ffdccec366f:   c1 e8 05 8d 0c c5 00 00 00 00 48 01 4c 24 58 83
0x00007ffdccec367f:   e2 1f 89 54 24 60 48 83 ee 10 49 83 ec 08 83 ef
0x00007ffdccec368f:   01 0f 89 7a fe ff ff 4c 8b 75 90 4c 8b 65 c8 48
0x00007ffdccec369f:   8b 45 c0 48 89 44 24 38 0f b6 85 08 02 00 00 88
0x00007ffdccec36af:   44 24 30 4c 89 74 24 28 c6 44 24 20 00 4c 8b 4d
0x00007ffdccec36bf:   80 44 8b 45 d0 49 8b d4 48 8b 4c 24 78 e8 2f 28
0x00007ffdccec36cf:   00 00 8b 44 24 60 48 8b 4d 88 2b 41 08 83 c0 07
0x00007ffdccec36df:   c1 e8 03 2b 01 03 44 24 58 48 8b 4d d8 89 01 41
0x00007ffdccec36ef:   83 7f 58 01 74 0e 83 c0 07 99 83 e2 07 03 c2 83
0x00007ffdccec36ff:   e0 f8 89 01 48 8b 4c 24 70 48 85 c9 74 2c 48 8d
0x00007ffdccec370f:   59 f8 4c 8d 0d 98 29 fa ff 4c 8b 03 ba 10 00 00
0x00007ffdccec371f:   00 e8 4f 7f 23 00 48 8b 13 48 c1 e2 04 48 83 c2
0x00007ffdccec372f:   08 48 8b cb e8 0c 80 23 00 90 49 8b cc e8 af 76
0x00007ffdccec373f:   23 00 e9 18 16 00 00 49 8b 06 49 8b ce ff 50 20
0x00007ffdccec374f:   25 21 00 01 00 3d 21 00 01 00 0f 85 62 09 00 00
0x00007ffdccec375f:   48 8b 5b 08 48 89 5d f8 48 8b 03 33 d2 48 8b cb
0x00007ffdccec376f:   ff 90 d0 00 00 00 48 89 45 b0 4c 8b 03 33 d2 48
0x00007ffdccec377f:   8b cb 41 ff 90 d0 00 00 00 48 8b 50 08 48 89 55
0x00007ffdccec378f:   88 49 8b 0f 40 84 ff 0f 85 8a 00 00 00 66 0f 6f
0x00007ffdccec379f:   05 9c ec 30 00 f3 0f 7f 45 48 40 88 7d 38 41 b8
0x00007ffdccec37af:   05 00 00 00 48 8d 15 d6 70 32 00 48 8d 4d 38 e8
0x00007ffdccec37bf:   dd 34 f3 ff 90 48 8d 55 38 48 83 7d 50 10 48 0f
0x00007ffdccec37cf:   43 55 38 45 33 c0 48 8b ce e8 d3 33 00 00 41 83
0x00007ffdccec37df:   04 24 08 48 8b 55 50 48 83 fa 10 0f 82 6e 15 00
0x00007ffdccec37ef:   00 48 ff c2 48 8b 4d 38 48 8b c1 48 81 fa 00 10
0x00007ffdccec37ff:   00 00 72 19 48 83 c2 27 48 8b 49 f8 48 2b c1 48
0x00007ffdccec380f:   83 c0 f8 48 83 f8 1f 0f 87 16 02 00 00 e8 bf 75
0x00007ffdccec381f:   23 00 e9 38 15 00 00 0f b6 01 84 c0 75 2f 41 c7
0x00007ffdccec382f:   04 24 01 00 00 00 b9 05 00 00 00 e8 a9 75 23 00
0x00007ffdccec383f:   c7 00 6e 75 6c 6c c6 40 04 00 45 33 c0 48 8b d0
0x00007ffdccec384f:   48 8b ce e8 59 ac ff ff e9 02 15 00 00 3c 02 75 


Stack slot to memory mapping:
stack at sp + 0 slots: 0x0000017c0be729f0 points into unknown readable memory: 0x00007ffdcd1f3668 | 68 36 1f cd fd 7f 00 00
stack at sp + 1 slots: 0x0 is NULL
stack at sp + 2 slots: 0x0000017c0be73970 points into unknown readable memory: 0x00007ffdcd1f3668 | 68 36 1f cd fd 7f 00 00
stack at sp + 3 slots: 0x0 is NULL
stack at sp + 4 slots: 0x0000017c06f08a18 points into unknown readable memory: 0x0000000000000000 | 00 00 00 00 00 00 00 00
stack at sp + 5 slots: 0x0000017c0e6fb760 points into unknown readable memory: 0x00007ffdcd1ec3c0 | c0 c3 1e cd fd 7f 00 00
stack at sp + 6 slots: 0x0000017c067e81a0 points into unknown readable memory: 0x00000000005a0025 | 25 00 5a 00 00 00 00 00
stack at sp + 7 slots: 0x00007ffe818d47b1 ntdll.dll


---------------  P R O C E S S  ---------------

Threads class SMR info:
_java_thread_list=0x0000017c07700800, length=33, elements={
0x0000017c6cf30800, 0x0000017c68d20800, 0x0000017c68d21000, 0x0000017c6d2f0800,
0x0000017c6cd47000, 0x0000017c68e64800, 0x0000017c6db7c000, 0x0000017c6db7d000,
0x0000017c6db83800, 0x0000017c6dd26000, 0x0000017c4ea9e800, 0x0000017c4eda3000,
0x0000017c4f71f000, 0x0000017c4f31c800, 0x0000017c4ea4f800, 0x0000017c4f19e800,
0x0000017c6db7e000, 0x0000017c6db7e800, 0x0000017c6db7b800, 0x0000017c05f22800,
0x0000017c05f1e000, 0x0000017c05f20000, 0x0000017c05f22000, 0x0000017c05f25000,
0x0000017c05f1f800, 0x0000017c05f26000, 0x0000017c05f27000, 0x0000017c05f21000,
0x0000017c05f27800, 0x0000017c05f2a000, 0x0000017c05f28800, 0x0000017c05f1e800,
0x0000017c05f23800
}

Java Threads: ( => current thread )
  0x0000017c6cf30800 JavaThread "main" [_thread_blocked, id=8344, stack(0x00000006b8c00000,0x00000006b8d00000)]
  0x0000017c68d20800 JavaThread "Reference Handler" daemon [_thread_blocked, id=17268, stack(0x00000006b9300000,0x00000006b9800000)]
  0x0000017c68d21000 JavaThread "Finalizer" daemon [_thread_blocked, id=17520, stack(0x00000006b9800000,0x00000006b9d00000)]
  0x0000017c6d2f0800 JavaThread "Signal Dispatcher" daemon [_thread_blocked, id=11240, stack(0x00000006b9d00000,0x00000006ba200000)]
  0x0000017c6cd47000 JavaThread "Attach Listener" daemon [_thread_blocked, id=13888, stack(0x00000006ba200000,0x00000006ba700000)]
  0x0000017c68e64800 JavaThread "Service Thread" daemon [_thread_blocked, id=12460, stack(0x00000006ba700000,0x00000006bac00000)]
  0x0000017c6db7c000 JavaThread "C2 CompilerThread0" daemon [_thread_blocked, id=10120, stack(0x00000006bac00000,0x00000006bad00000)]
  0x0000017c6db7d000 JavaThread "C1 CompilerThread0" daemon [_thread_blocked, id=11588, stack(0x00000006bad00000,0x00000006bae00000)]
  0x0000017c6db83800 JavaThread "Sweeper thread" daemon [_thread_blocked, id=19832, stack(0x00000006bae00000,0x00000006bb300000)]
  0x0000017c6dd26000 JavaThread "Common-Cleaner" daemon [_thread_blocked, id=16608, stack(0x00000006bb300000,0x00000006bb800000)]
  0x0000017c4ea9e800 JavaThread "Java2D Disposer" daemon [_thread_blocked, id=20528, stack(0x00000006bba00000,0x00000006bbf00000)]
  0x0000017c4eda3000 JavaThread "AWT-Windows" daemon [_thread_in_native, id=9888, stack(0x00000006bc400000,0x00000006bc900000)]
  0x0000017c4f71f000 JavaThread "TimerQueue" daemon [_thread_blocked, id=20228, stack(0x00000006bca00000,0x00000006bcf00000)]
  0x0000017c4f31c800 JavaThread "AWT-Shutdown" [_thread_blocked, id=7688, stack(0x00000006bd500000,0x00000006bda00000)]
=>0x0000017c4ea4f800 JavaThread "AWT-EventQueue-0" [_thread_in_native, id=14672, stack(0x00000006bda00000,0x00000006bdf00000)]
  0x0000017c4f19e800 JavaThread "Thread-1" [_thread_in_native, id=9388, stack(0x00000006b7500000,0x00000006b8900000)]
  0x0000017c6db7e000 JavaThread "Process Messages Thread" [_thread_blocked, id=17360, stack(0x00000006be700000,0x00000006bec00000)]
  0x0000017c6db7e800 JavaThread "Batik CleanerThread" daemon [_thread_blocked, id=19780, stack(0x00000006bdf00000,0x00000006be400000)]
  0x0000017c6db7b800 JavaThread "SyntheticaCleanerThread" daemon [_thread_blocked, id=18956, stack(0x00000006bf200000,0x00000006bf700000)]
  0x0000017c05f22800 JavaThread "Monitor HEventQueue Thread" [_thread_blocked, id=20088, stack(0x00000006bfe00000,0x00000006c0300000)]
  0x0000017c05f1e000 JavaThread "SyntheticaAnimation 50" daemon [_thread_blocked, id=20196, stack(0x00000006c0300000,0x00000006c0800000)]
  0x0000017c05f20000 JavaThread "SyntheticaAnimation 25" daemon [_thread_blocked, id=7128, stack(0x00000006c0800000,0x00000006c0d00000)]
  0x0000017c05f22000 JavaThread "SyntheticaAnimation 70" daemon [_thread_blocked, id=13956, stack(0x00000006bf700000,0x00000006bfc00000)]
  0x0000017c05f25000 JavaThread "Refresh Filesets Swing Worker Thread" [_thread_blocked, id=1604, stack(0x00000006c0d00000,0x00000006c1200000)]
  0x0000017c05f1f800 JavaThread "hw_ila_monitor" [_thread_blocked, id=1560, stack(0x00000006c1200000,0x00000006c1700000)]
  0x0000017c05f26000 JavaThread "Image Fetcher 3" daemon [_thread_blocked, id=11260, stack(0x00000006c1700000,0x00000006c1c00000)]
  0x0000017c05f27000 JavaThread "pool-1-thread-1" [_thread_blocked, id=4960, stack(0x00000006c1c00000,0x00000006c2100000)]
  0x0000017c05f21000 JavaThread "pool-2-thread-1" [_thread_blocked, id=12396, stack(0x00000006c2100000,0x00000006c2600000)]
  0x0000017c05f27800 JavaThread "pool-3-thread-1" [_thread_blocked, id=17160, stack(0x00000006c2600000,0x00000006c2b00000)]
  0x0000017c05f2a000 JavaThread "Update Runs Swing Worker Thread" [_thread_blocked, id=12560, stack(0x00000006c2b00000,0x00000006c3000000)]
  0x0000017c05f28800 JavaThread "SyntheticaAnimation 50" daemon [_thread_blocked, id=12100, stack(0x00000006bcf00000,0x00000006bd400000)]
  0x0000017c05f1e800 JavaThread "Run Simulation Thread" [_thread_blocked, id=5148, stack(0x00000006c3200000,0x00000006c3700000)]
  0x0000017c05f23800 JavaThread "Image Fetcher 0" daemon [_thread_blocked, id=14108, stack(0x00000006c3700000,0x00000006c3c00000)]

Other Threads:
  0x0000017c6b5c6800 VMThread "VM Thread" [stack: 0x00000006b9200000,0x00000006b9300000] [id=15816]
  0x0000017c6dd2b000 WatcherThread [stack: 0x00000006bb800000,0x00000006bb900000] [id=20200]
  0x0000017c6cef0800 GCTaskThread "GC Thread#0" [stack: 0x00000006b8d00000,0x00000006b8e00000] [id=19812]
  0x0000017c4f6dd800 GCTaskThread "GC Thread#1" [stack: 0x00000006bb900000,0x00000006bba00000] [id=21452]
  0x0000017c4f6de000 GCTaskThread "GC Thread#2" [stack: 0x00000006bbf00000,0x00000006bc000000] [id=17008]
  0x0000017c4f3db800 GCTaskThread "GC Thread#3" [stack: 0x00000006bc000000,0x00000006bc100000] [id=2448]
  0x0000017c4f3dc000 GCTaskThread "GC Thread#4" [stack: 0x00000006bc100000,0x00000006bc200000] [id=3976]
  0x0000017c4f230000 GCTaskThread "GC Thread#5" [stack: 0x00000006bc200000,0x00000006bc300000] [id=21304]
  0x0000017c6dd98800 GCTaskThread "GC Thread#6" [stack: 0x00000006be400000,0x00000006be500000] [id=13100]
  0x0000017c6dd99000 GCTaskThread "GC Thread#7" [stack: 0x00000006be500000,0x00000006be600000] [id=392]
  0x0000017c68d1c800 ConcurrentGCThread "G1 Main Marker" [stack: 0x00000006b8e00000,0x00000006b8f00000] [id=18644]
  0x0000017c68d1d000 ConcurrentGCThread "G1 Conc#0" [stack: 0x00000006b8f00000,0x00000006b9000000] [id=19944]
  0x0000017c5091d800 ConcurrentGCThread "G1 Conc#1" [stack: 0x00000006be600000,0x00000006be700000] [id=11228]
  0x0000017c6c825800 ConcurrentGCThread "G1 Refine#0" [stack: 0x00000006b9000000,0x00000006b9100000] [id=12300]
  0x0000017c4f430000 ConcurrentGCThread "G1 Refine#1" [stack: 0x00000006bc300000,0x00000006bc400000] [id=17428]
  0x0000017c4f667800 ConcurrentGCThread "G1 Refine#2" [stack: 0x00000006bc900000,0x00000006bca00000] [id=19612]
  0x0000017c6d192800 ConcurrentGCThread "G1 Young RemSet Sampling" [stack: 0x00000006b9100000,0x00000006b9200000] [id=15400]

Threads with active compile tasks:

VM state:not at safepoint (normal execution)

VM Mutex/Monitor currently owned by a thread: None

Heap address: 0x0000000740000000, size: 3072 MB, Compressed Oops mode: Zero based, Oop shift amount: 3
Narrow klass base: 0x0000000800000000, Narrow klass shift: 0
Compressed class space size: 1073741824 Address: 0x0000000800000000

Heap:
 garbage-first heap   total 262144K, used 77907K [0x0000000740000000, 0x0000000800000000)
  region size 1024K, 11 young (11264K), 0 survivors (0K)
 Metaspace       used 81792K, capacity 83805K, committed 84096K, reserved 1122304K
  class space    used 10944K, capacity 11868K, committed 11904K, reserved 1048576K
Heap Regions: E=young(eden), S=young(survivor), O=old, HS=humongous(starts), HC=humongous(continues), CS=collection set, F=free, A=archive, TAMS=top-at-mark-start (previous, next)
|   0|0x0000000740000000, 0x0000000740100000, 0x0000000740100000|100%|HS|  |TAMS 0x0000000740000000, 0x0000000740000000| Untracked 
|   1|0x0000000740100000, 0x0000000740200000, 0x0000000740200000|100%|HC|  |TAMS 0x0000000740100000, 0x0000000740100000| Untracked 
|   2|0x0000000740200000, 0x0000000740300000, 0x0000000740300000|100%|HS|  |TAMS 0x0000000740200000, 0x0000000740200000| Untracked 
|   3|0x0000000740300000, 0x00000007403fe9a8, 0x0000000740400000| 99%| O|  |TAMS 0x0000000740300000, 0x0000000740300000| Untracked 
|   4|0x0000000740400000, 0x00000007404fffd8, 0x0000000740500000| 99%| O|  |TAMS 0x0000000740400000, 0x0000000740400000| Untracked 
|   5|0x0000000740500000, 0x00000007405fffe8, 0x0000000740600000| 99%| O|  |TAMS 0x0000000740500000, 0x0000000740500000| Untracked 
|   6|0x0000000740600000, 0x00000007406f24a0, 0x0000000740700000| 94%| O|  |TAMS 0x0000000740600000, 0x0000000740600000| Untracked 
|   7|0x0000000740700000, 0x00000007407ffff0, 0x0000000740800000| 99%| O|  |TAMS 0x0000000740700000, 0x0000000740700000| Untracked 
|   8|0x0000000740800000, 0x00000007408ffff8, 0x0000000740900000| 99%| O|  |TAMS 0x0000000740800000, 0x0000000740800000| Untracked 
|   9|0x0000000740900000, 0x0000000740a00000, 0x0000000740a00000|100%| O|  |TAMS 0x0000000740900000, 0x0000000740900000| Untracked 
|  10|0x0000000740a00000, 0x0000000740af58d8, 0x0000000740b00000| 95%| O|  |TAMS 0x0000000740a00000, 0x0000000740a00000| Untracked 
|  11|0x0000000740b00000, 0x0000000740bff668, 0x0000000740c00000| 99%| O|  |TAMS 0x0000000740b00000, 0x0000000740b00000| Untracked 
|  12|0x0000000740c00000, 0x0000000740cffff0, 0x0000000740d00000| 99%| O|  |TAMS 0x0000000740c00000, 0x0000000740c00000| Untracked 
|  13|0x0000000740d00000, 0x0000000740dfbdd0, 0x0000000740e00000| 98%| O|  |TAMS 0x0000000740d00000, 0x0000000740d00000| Untracked 
|  14|0x0000000740e00000, 0x0000000740efffe8, 0x0000000740f00000| 99%| O|  |TAMS 0x0000000740e00000, 0x0000000740e00000| Untracked 
|  15|0x0000000740f00000, 0x0000000740fffff0, 0x0000000741000000| 99%| O|  |TAMS 0x0000000740f00000, 0x0000000740f00000| Untracked 
|  16|0x0000000741000000, 0x00000007410ffff0, 0x0000000741100000| 99%| O|  |TAMS 0x0000000741000000, 0x0000000741000000| Untracked 
|  17|0x0000000741100000, 0x0000000741200000, 0x0000000741200000|100%| O|  |TAMS 0x0000000741100000, 0x0000000741100000| Untracked 
|  18|0x0000000741200000, 0x00000007412fffe8, 0x0000000741300000| 99%| O|  |TAMS 0x0000000741200000, 0x0000000741200000| Untracked 
|  19|0x0000000741300000, 0x00000007413fffe0, 0x0000000741400000| 99%| O|  |TAMS 0x0000000741300000, 0x0000000741300000| Untracked 
|  20|0x0000000741400000, 0x00000007414fffb0, 0x0000000741500000| 99%| O|  |TAMS 0x0000000741400000, 0x0000000741400000| Untracked 
|  21|0x0000000741500000, 0x00000007415ffff8, 0x0000000741600000| 99%| O|  |TAMS 0x0000000741500000, 0x0000000741500000| Untracked 
|  22|0x0000000741600000, 0x00000007416ffc40, 0x0000000741700000| 99%| O|  |TAMS 0x0000000741600000, 0x0000000741600000| Untracked 
|  23|0x0000000741700000, 0x00000007417fffe8, 0x0000000741800000| 99%| O|  |TAMS 0x0000000741700000, 0x0000000741700000| Untracked 
|  24|0x0000000741800000, 0x0000000741900000, 0x0000000741900000|100%|HS|  |TAMS 0x0000000741800000, 0x0000000741800000| Untracked 
|  25|0x0000000741900000, 0x0000000741a00000, 0x0000000741a00000|100%| O|  |TAMS 0x0000000741900000, 0x0000000741900000| Untracked 
|  26|0x0000000741a00000, 0x0000000741afffe8, 0x0000000741b00000| 99%| O|  |TAMS 0x0000000741a00000, 0x0000000741a00000| Untracked 
|  27|0x0000000741b00000, 0x0000000741bfffe0, 0x0000000741c00000| 99%| O|  |TAMS 0x0000000741b00000, 0x0000000741b00000| Untracked 
|  28|0x0000000741c00000, 0x0000000741cffff8, 0x0000000741d00000| 99%| O|  |TAMS 0x0000000741c00000, 0x0000000741c00000| Untracked 
|  29|0x0000000741d00000, 0x0000000741dfffe8, 0x0000000741e00000| 99%| O|  |TAMS 0x0000000741d00000, 0x0000000741d00000| Untracked 
|  30|0x0000000741e00000, 0x0000000741eff160, 0x0000000741f00000| 99%| O|  |TAMS 0x0000000741e00000, 0x0000000741e00000| Untracked 
|  31|0x0000000741f00000, 0x0000000741ffffc0, 0x0000000742000000| 99%| O|  |TAMS 0x0000000741f00000, 0x0000000741f00000| Untracked 
|  32|0x0000000742000000, 0x0000000742100000, 0x0000000742100000|100%| O|  |TAMS 0x0000000742000000, 0x0000000742000000| Untracked 
|  33|0x0000000742100000, 0x0000000742200000, 0x0000000742200000|100%| O|  |TAMS 0x0000000742100000, 0x0000000742100000| Untracked 
|  34|0x0000000742200000, 0x0000000742300000, 0x0000000742300000|100%| O|  |TAMS 0x0000000742200000, 0x0000000742200000| Untracked 
|  35|0x0000000742300000, 0x00000007423ffff0, 0x0000000742400000| 99%| O|  |TAMS 0x0000000742300000, 0x0000000742300000| Untracked 
|  36|0x0000000742400000, 0x0000000742500000, 0x0000000742500000|100%| O|  |TAMS 0x0000000742400000, 0x0000000742400000| Untracked 
|  37|0x0000000742500000, 0x00000007425fffe8, 0x0000000742600000| 99%| O|  |TAMS 0x0000000742500000, 0x0000000742500000| Untracked 
|  38|0x0000000742600000, 0x0000000742700000, 0x0000000742700000|100%| O|  |TAMS 0x0000000742600000, 0x0000000742600000| Untracked 
|  39|0x0000000742700000, 0x00000007427fffe0, 0x0000000742800000| 99%| O|  |TAMS 0x0000000742700000, 0x0000000742700000| Untracked 
|  40|0x0000000742800000, 0x00000007428ffff0, 0x0000000742900000| 99%| O|  |TAMS 0x0000000742800000, 0x0000000742800000| Untracked 
|  41|0x0000000742900000, 0x0000000742a00000, 0x0000000742a00000|100%|HS|  |TAMS 0x0000000742900000, 0x0000000742900000| Untracked 
|  42|0x0000000742a00000, 0x0000000742b00000, 0x0000000742b00000|100%|HC|  |TAMS 0x0000000742a00000, 0x0000000742a00000| Untracked 
|  43|0x0000000742b00000, 0x0000000742c00000, 0x0000000742c00000|100%|HC|  |TAMS 0x0000000742b00000, 0x0000000742b00000| Untracked 
|  44|0x0000000742c00000, 0x0000000742d00000, 0x0000000742d00000|100%|HC|  |TAMS 0x0000000742c00000, 0x0000000742c00000| Untracked 
|  45|0x0000000742d00000, 0x0000000742e00000, 0x0000000742e00000|100%|HC|  |TAMS 0x0000000742d00000, 0x0000000742d00000| Untracked 
|  46|0x0000000742e00000, 0x0000000742f00000, 0x0000000742f00000|100%|HC|  |TAMS 0x0000000742e00000, 0x0000000742e00000| Untracked 
|  47|0x0000000742f00000, 0x0000000743000000, 0x0000000743000000|100%|HC|  |TAMS 0x0000000742f00000, 0x0000000742f00000| Untracked 
|  48|0x0000000743000000, 0x0000000743100000, 0x0000000743100000|100%|HC|  |TAMS 0x0000000743000000, 0x0000000743000000| Untracked 
|  49|0x0000000743100000, 0x00000007431ffbb8, 0x0000000743200000| 99%| O|  |TAMS 0x0000000743100000, 0x0000000743100000| Untracked 
|  50|0x0000000743200000, 0x000000074322f2f0, 0x0000000743300000| 18%| O|  |TAMS 0x0000000743200000, 0x0000000743200000| Untracked 
|  51|0x0000000743300000, 0x00000007433fffe0, 0x0000000743400000| 99%| O|  |TAMS 0x0000000743300000, 0x0000000743300000| Untracked 
|  52|0x0000000743400000, 0x0000000743400000, 0x0000000743500000|  0%| F|  |TAMS 0x0000000743400000, 0x0000000743400000| Untracked 
|  53|0x0000000743500000, 0x00000007435fffd8, 0x0000000743600000| 99%| O|  |TAMS 0x0000000743500000, 0x0000000743500000| Untracked 
|  54|0x0000000743600000, 0x00000007436fffd0, 0x0000000743700000| 99%| O|  |TAMS 0x0000000743600000, 0x0000000743600000| Untracked 
|  55|0x0000000743700000, 0x00000007437ffde0, 0x0000000743800000| 99%| O|  |TAMS 0x0000000743700000, 0x0000000743700000| Untracked 
|  56|0x0000000743800000, 0x00000007438ff4b8, 0x0000000743900000| 99%| O|  |TAMS 0x0000000743800000, 0x0000000743800000| Untracked 
|  57|0x0000000743900000, 0x00000007439fffc0, 0x0000000743a00000| 99%| O|  |TAMS 0x0000000743900000, 0x0000000743900000| Untracked 
|  58|0x0000000743a00000, 0x0000000743afd618, 0x0000000743b00000| 98%| O|  |TAMS 0x0000000743a00000, 0x0000000743a00000| Untracked 
|  59|0x0000000743b00000, 0x0000000743ba8630, 0x0000000743c00000| 65%| O|  |TAMS 0x0000000743b00000, 0x0000000743b00000| Untracked 
|  60|0x0000000743c00000, 0x0000000743cf88d8, 0x0000000743d00000| 97%| O|  |TAMS 0x0000000743c00000, 0x0000000743c00000| Untracked 
|  61|0x0000000743d00000, 0x0000000743dfffe0, 0x0000000743e00000| 99%| O|  |TAMS 0x0000000743d00000, 0x0000000743d00000| Untracked 
|  62|0x0000000743e00000, 0x0000000743ed1ce8, 0x0000000743f00000| 81%| O|  |TAMS 0x0000000743e00000, 0x0000000743e00000| Untracked 
|  63|0x0000000743f00000, 0x0000000743fe40c0, 0x0000000744000000| 89%| O|  |TAMS 0x0000000743f00000, 0x0000000743f00000| Untracked 
|  64|0x0000000744000000, 0x0000000744100000, 0x0000000744100000|100%|HS|  |TAMS 0x0000000744000000, 0x0000000744000000| Untracked 
|  65|0x0000000744100000, 0x0000000744148b80, 0x0000000744200000| 28%| O|  |TAMS 0x0000000744100000, 0x0000000744100000| Untracked 
|  66|0x0000000744200000, 0x00000007442ffee8, 0x0000000744300000| 99%| O|  |TAMS 0x0000000744200000, 0x0000000744200000| Untracked 
|  67|0x0000000744300000, 0x00000007443be518, 0x0000000744400000| 74%| O|  |TAMS 0x0000000744300000, 0x0000000744300000| Untracked 
|  68|0x0000000744400000, 0x0000000744431a38, 0x0000000744500000| 19%| O|  |TAMS 0x0000000744400000, 0x0000000744400000| Untracked 
|  69|0x0000000744500000, 0x00000007445ffff8, 0x0000000744600000| 99%| O|  |TAMS 0x0000000744500000, 0x0000000744500000| Untracked 
|  70|0x0000000744600000, 0x0000000744600000, 0x0000000744700000|  0%| F|  |TAMS 0x0000000744600000, 0x0000000744600000| Untracked 
|  71|0x0000000744700000, 0x0000000744700000, 0x0000000744800000|  0%| F|  |TAMS 0x0000000744700000, 0x0000000744700000| Untracked 
|  72|0x0000000744800000, 0x0000000744800000, 0x0000000744900000|  0%| F|  |TAMS 0x0000000744800000, 0x0000000744800000| Untracked 
|  73|0x0000000744900000, 0x0000000744900000, 0x0000000744a00000|  0%| F|  |TAMS 0x0000000744900000, 0x0000000744900000| Untracked 
|  74|0x0000000744a00000, 0x0000000744a00000, 0x0000000744b00000|  0%| F|  |TAMS 0x0000000744a00000, 0x0000000744a00000| Untracked 
|  75|0x0000000744b00000, 0x0000000744b00000, 0x0000000744c00000|  0%| F|  |TAMS 0x0000000744b00000, 0x0000000744b00000| Untracked 
|  76|0x0000000744c00000, 0x0000000744c00000, 0x0000000744d00000|  0%| F|  |TAMS 0x0000000744c00000, 0x0000000744c00000| Untracked 
|  77|0x0000000744d00000, 0x0000000744d00000, 0x0000000744e00000|  0%| F|  |TAMS 0x0000000744d00000, 0x0000000744d00000| Untracked 
|  78|0x0000000744e00000, 0x0000000744e00000, 0x0000000744f00000|  0%| F|  |TAMS 0x0000000744e00000, 0x0000000744e00000| Untracked 
|  79|0x0000000744f00000, 0x0000000744f00000, 0x0000000745000000|  0%| F|  |TAMS 0x0000000744f00000, 0x0000000744f00000| Untracked 
|  80|0x0000000745000000, 0x0000000745000000, 0x0000000745100000|  0%| F|  |TAMS 0x0000000745000000, 0x0000000745000000| Untracked 
|  81|0x0000000745100000, 0x0000000745100000, 0x0000000745200000|  0%| F|  |TAMS 0x0000000745100000, 0x0000000745100000| Untracked 
|  82|0x0000000745200000, 0x0000000745200000, 0x0000000745300000|  0%| F|  |TAMS 0x0000000745200000, 0x0000000745200000| Untracked 
|  83|0x0000000745300000, 0x0000000745300000, 0x0000000745400000|  0%| F|  |TAMS 0x0000000745300000, 0x0000000745300000| Untracked 
|  84|0x0000000745400000, 0x0000000745400000, 0x0000000745500000|  0%| F|  |TAMS 0x0000000745400000, 0x0000000745400000| Untracked 
|  85|0x0000000745500000, 0x0000000745500000, 0x0000000745600000|  0%| F|  |TAMS 0x0000000745500000, 0x0000000745500000| Untracked 
|  86|0x0000000745600000, 0x0000000745600000, 0x0000000745700000|  0%| F|  |TAMS 0x0000000745600000, 0x0000000745600000| Untracked 
|  87|0x0000000745700000, 0x0000000745700000, 0x0000000745800000|  0%| F|  |TAMS 0x0000000745700000, 0x0000000745700000| Untracked 
|  88|0x0000000745800000, 0x0000000745800000, 0x0000000745900000|  0%| F|  |TAMS 0x0000000745800000, 0x0000000745800000| Untracked 
|  89|0x0000000745900000, 0x0000000745900000, 0x0000000745a00000|  0%| F|  |TAMS 0x0000000745900000, 0x0000000745900000| Untracked 
|  90|0x0000000745a00000, 0x0000000745a00000, 0x0000000745b00000|  0%| F|  |TAMS 0x0000000745a00000, 0x0000000745a00000| Untracked 
|  91|0x0000000745b00000, 0x0000000745b00000, 0x0000000745c00000|  0%| F|  |TAMS 0x0000000745b00000, 0x0000000745b00000| Untracked 
|  92|0x0000000745c00000, 0x0000000745c00000, 0x0000000745d00000|  0%| F|  |TAMS 0x0000000745c00000, 0x0000000745c00000| Untracked 
|  93|0x0000000745d00000, 0x0000000745d00000, 0x0000000745e00000|  0%| F|  |TAMS 0x0000000745d00000, 0x0000000745d00000| Untracked 
|  94|0x0000000745e00000, 0x0000000745e00000, 0x0000000745f00000|  0%| F|  |TAMS 0x0000000745e00000, 0x0000000745e00000| Untracked 
|  95|0x0000000745f00000, 0x0000000745f00000, 0x0000000746000000|  0%| F|  |TAMS 0x0000000745f00000, 0x0000000745f00000| Untracked 
|  96|0x0000000746000000, 0x0000000746000000, 0x0000000746100000|  0%| F|  |TAMS 0x0000000746000000, 0x0000000746000000| Untracked 
|  97|0x0000000746100000, 0x0000000746100000, 0x0000000746200000|  0%| F|  |TAMS 0x0000000746100000, 0x0000000746100000| Untracked 
|  98|0x0000000746200000, 0x0000000746200000, 0x0000000746300000|  0%| F|  |TAMS 0x0000000746200000, 0x0000000746200000| Untracked 
|  99|0x0000000746300000, 0x0000000746300000, 0x0000000746400000|  0%| F|  |TAMS 0x0000000746300000, 0x0000000746300000| Untracked 
| 100|0x0000000746400000, 0x0000000746400000, 0x0000000746500000|  0%| F|  |TAMS 0x0000000746400000, 0x0000000746400000| Untracked 
| 101|0x0000000746500000, 0x0000000746500000, 0x0000000746600000|  0%| F|  |TAMS 0x0000000746500000, 0x0000000746500000| Untracked 
| 102|0x0000000746600000, 0x0000000746600000, 0x0000000746700000|  0%| F|  |TAMS 0x0000000746600000, 0x0000000746600000| Untracked 
| 103|0x0000000746700000, 0x0000000746700000, 0x0000000746800000|  0%| F|  |TAMS 0x0000000746700000, 0x0000000746700000| Untracked 
| 104|0x0000000746800000, 0x0000000746800000, 0x0000000746900000|  0%| F|  |TAMS 0x0000000746800000, 0x0000000746800000| Untracked 
| 105|0x0000000746900000, 0x0000000746900000, 0x0000000746a00000|  0%| F|  |TAMS 0x0000000746900000, 0x0000000746900000| Untracked 
| 106|0x0000000746a00000, 0x0000000746a00000, 0x0000000746b00000|  0%| F|  |TAMS 0x0000000746a00000, 0x0000000746a00000| Untracked 
| 107|0x0000000746b00000, 0x0000000746b00000, 0x0000000746c00000|  0%| F|  |TAMS 0x0000000746b00000, 0x0000000746b00000| Untracked 
| 108|0x0000000746c00000, 0x0000000746c00000, 0x0000000746d00000|  0%| F|  |TAMS 0x0000000746c00000, 0x0000000746c00000| Untracked 
| 109|0x0000000746d00000, 0x0000000746d00000, 0x0000000746e00000|  0%| F|  |TAMS 0x0000000746d00000, 0x0000000746d00000| Untracked 
| 110|0x0000000746e00000, 0x0000000746e00000, 0x0000000746f00000|  0%| F|  |TAMS 0x0000000746e00000, 0x0000000746e00000| Untracked 
| 111|0x0000000746f00000, 0x0000000746f00000, 0x0000000747000000|  0%| F|  |TAMS 0x0000000746f00000, 0x0000000746f00000| Untracked 
| 112|0x0000000747000000, 0x0000000747000000, 0x0000000747100000|  0%| F|  |TAMS 0x0000000747000000, 0x0000000747000000| Untracked 
| 113|0x0000000747100000, 0x0000000747100000, 0x0000000747200000|  0%| F|  |TAMS 0x0000000747100000, 0x0000000747100000| Untracked 
| 114|0x0000000747200000, 0x0000000747200000, 0x0000000747300000|  0%| F|  |TAMS 0x0000000747200000, 0x0000000747200000| Untracked 
| 115|0x0000000747300000, 0x0000000747300000, 0x0000000747400000|  0%| F|  |TAMS 0x0000000747300000, 0x0000000747300000| Untracked 
| 116|0x0000000747400000, 0x0000000747400000, 0x0000000747500000|  0%| F|  |TAMS 0x0000000747400000, 0x0000000747400000| Untracked 
| 117|0x0000000747500000, 0x0000000747500000, 0x0000000747600000|  0%| F|  |TAMS 0x0000000747500000, 0x0000000747500000| Untracked 
| 118|0x0000000747600000, 0x0000000747600000, 0x0000000747700000|  0%| F|  |TAMS 0x0000000747600000, 0x0000000747600000| Untracked 
| 119|0x0000000747700000, 0x0000000747700000, 0x0000000747800000|  0%| F|  |TAMS 0x0000000747700000, 0x0000000747700000| Untracked 
| 120|0x0000000747800000, 0x0000000747800000, 0x0000000747900000|  0%| F|  |TAMS 0x0000000747800000, 0x0000000747800000| Untracked 
| 121|0x0000000747900000, 0x0000000747900000, 0x0000000747a00000|  0%| F|  |TAMS 0x0000000747900000, 0x0000000747900000| Untracked 
| 122|0x0000000747a00000, 0x0000000747a00000, 0x0000000747b00000|  0%| F|  |TAMS 0x0000000747a00000, 0x0000000747a00000| Untracked 
| 123|0x0000000747b00000, 0x0000000747b00000, 0x0000000747c00000|  0%| F|  |TAMS 0x0000000747b00000, 0x0000000747b00000| Untracked 
| 124|0x0000000747c00000, 0x0000000747c00000, 0x0000000747d00000|  0%| F|  |TAMS 0x0000000747c00000, 0x0000000747c00000| Untracked 
| 125|0x0000000747d00000, 0x0000000747d00000, 0x0000000747e00000|  0%| F|  |TAMS 0x0000000747d00000, 0x0000000747d00000| Untracked 
| 126|0x0000000747e00000, 0x0000000747e00000, 0x0000000747f00000|  0%| F|  |TAMS 0x0000000747e00000, 0x0000000747e00000| Untracked 
| 127|0x0000000747f00000, 0x0000000747f00000, 0x0000000748000000|  0%| F|  |TAMS 0x0000000747f00000, 0x0000000747f00000| Untracked 
| 128|0x0000000748000000, 0x0000000748000000, 0x0000000748100000|  0%| F|  |TAMS 0x0000000748000000, 0x0000000748000000| Untracked 
| 129|0x0000000748100000, 0x0000000748100000, 0x0000000748200000|  0%| F|  |TAMS 0x0000000748100000, 0x0000000748100000| Untracked 
| 130|0x0000000748200000, 0x0000000748200000, 0x0000000748300000|  0%| F|  |TAMS 0x0000000748200000, 0x0000000748200000| Untracked 
| 131|0x0000000748300000, 0x0000000748300000, 0x0000000748400000|  0%| F|  |TAMS 0x0000000748300000, 0x0000000748300000| Untracked 
| 132|0x0000000748400000, 0x0000000748400000, 0x0000000748500000|  0%| F|  |TAMS 0x0000000748400000, 0x0000000748400000| Untracked 
| 133|0x0000000748500000, 0x0000000748500000, 0x0000000748600000|  0%| F|  |TAMS 0x0000000748500000, 0x0000000748500000| Untracked 
| 134|0x0000000748600000, 0x0000000748600000, 0x0000000748700000|  0%| F|  |TAMS 0x0000000748600000, 0x0000000748600000| Untracked 
| 135|0x0000000748700000, 0x0000000748700000, 0x0000000748800000|  0%| F|  |TAMS 0x0000000748700000, 0x0000000748700000| Untracked 
| 136|0x0000000748800000, 0x0000000748800000, 0x0000000748900000|  0%| F|  |TAMS 0x0000000748800000, 0x0000000748800000| Untracked 
| 137|0x0000000748900000, 0x0000000748900000, 0x0000000748a00000|  0%| F|  |TAMS 0x0000000748900000, 0x0000000748900000| Untracked 
| 138|0x0000000748a00000, 0x0000000748a00000, 0x0000000748b00000|  0%| F|  |TAMS 0x0000000748a00000, 0x0000000748a00000| Untracked 
| 139|0x0000000748b00000, 0x0000000748b00000, 0x0000000748c00000|  0%| F|  |TAMS 0x0000000748b00000, 0x0000000748b00000| Untracked 
| 140|0x0000000748c00000, 0x0000000748c00000, 0x0000000748d00000|  0%| F|  |TAMS 0x0000000748c00000, 0x0000000748c00000| Untracked 
| 141|0x0000000748d00000, 0x0000000748d00000, 0x0000000748e00000|  0%| F|  |TAMS 0x0000000748d00000, 0x0000000748d00000| Untracked 
| 142|0x0000000748e00000, 0x0000000748e00000, 0x0000000748f00000|  0%| F|  |TAMS 0x0000000748e00000, 0x0000000748e00000| Untracked 
| 143|0x0000000748f00000, 0x0000000748f00000, 0x0000000749000000|  0%| F|  |TAMS 0x0000000748f00000, 0x0000000748f00000| Untracked 
| 144|0x0000000749000000, 0x0000000749000000, 0x0000000749100000|  0%| F|  |TAMS 0x0000000749000000, 0x0000000749000000| Untracked 
| 145|0x0000000749100000, 0x0000000749100000, 0x0000000749200000|  0%| F|  |TAMS 0x0000000749100000, 0x0000000749100000| Untracked 
| 146|0x0000000749200000, 0x0000000749200000, 0x0000000749300000|  0%| F|  |TAMS 0x0000000749200000, 0x0000000749200000| Untracked 
| 147|0x0000000749300000, 0x0000000749300000, 0x0000000749400000|  0%| F|  |TAMS 0x0000000749300000, 0x0000000749300000| Untracked 
| 148|0x0000000749400000, 0x0000000749400000, 0x0000000749500000|  0%| F|  |TAMS 0x0000000749400000, 0x0000000749400000| Untracked 
| 149|0x0000000749500000, 0x0000000749500000, 0x0000000749600000|  0%| F|  |TAMS 0x0000000749500000, 0x0000000749500000| Untracked 
| 150|0x0000000749600000, 0x0000000749600000, 0x0000000749700000|  0%| F|  |TAMS 0x0000000749600000, 0x0000000749600000| Untracked 
| 151|0x0000000749700000, 0x0000000749700000, 0x0000000749800000|  0%| F|  |TAMS 0x0000000749700000, 0x0000000749700000| Untracked 
| 152|0x0000000749800000, 0x0000000749800000, 0x0000000749900000|  0%| F|  |TAMS 0x0000000749800000, 0x0000000749800000| Untracked 
| 153|0x0000000749900000, 0x0000000749900000, 0x0000000749a00000|  0%| F|  |TAMS 0x0000000749900000, 0x0000000749900000| Untracked 
| 154|0x0000000749a00000, 0x0000000749a00000, 0x0000000749b00000|  0%| F|  |TAMS 0x0000000749a00000, 0x0000000749a00000| Untracked 
| 155|0x0000000749b00000, 0x0000000749b00000, 0x0000000749c00000|  0%| F|  |TAMS 0x0000000749b00000, 0x0000000749b00000| Untracked 
| 156|0x0000000749c00000, 0x0000000749c00000, 0x0000000749d00000|  0%| F|  |TAMS 0x0000000749c00000, 0x0000000749c00000| Untracked 
| 157|0x0000000749d00000, 0x0000000749d00000, 0x0000000749e00000|  0%| F|  |TAMS 0x0000000749d00000, 0x0000000749d00000| Untracked 
| 158|0x0000000749e00000, 0x0000000749e00000, 0x0000000749f00000|  0%| F|  |TAMS 0x0000000749e00000, 0x0000000749e00000| Untracked 
| 159|0x0000000749f00000, 0x0000000749f00000, 0x000000074a000000|  0%| F|  |TAMS 0x0000000749f00000, 0x0000000749f00000| Untracked 
| 160|0x000000074a000000, 0x000000074a000000, 0x000000074a100000|  0%| F|  |TAMS 0x000000074a000000, 0x000000074a000000| Untracked 
| 161|0x000000074a100000, 0x000000074a100000, 0x000000074a200000|  0%| F|  |TAMS 0x000000074a100000, 0x000000074a100000| Untracked 
| 162|0x000000074a200000, 0x000000074a200000, 0x000000074a300000|  0%| F|  |TAMS 0x000000074a200000, 0x000000074a200000| Untracked 
| 163|0x000000074a300000, 0x000000074a300000, 0x000000074a400000|  0%| F|  |TAMS 0x000000074a300000, 0x000000074a300000| Untracked 
| 164|0x000000074a400000, 0x000000074a400000, 0x000000074a500000|  0%| F|  |TAMS 0x000000074a400000, 0x000000074a400000| Untracked 
| 165|0x000000074a500000, 0x000000074a500000, 0x000000074a600000|  0%| F|  |TAMS 0x000000074a500000, 0x000000074a500000| Untracked 
| 166|0x000000074a600000, 0x000000074a600000, 0x000000074a700000|  0%| F|  |TAMS 0x000000074a600000, 0x000000074a600000| Untracked 
| 167|0x000000074a700000, 0x000000074a700000, 0x000000074a800000|  0%| F|  |TAMS 0x000000074a700000, 0x000000074a700000| Untracked 
| 168|0x000000074a800000, 0x000000074a800000, 0x000000074a900000|  0%| F|  |TAMS 0x000000074a800000, 0x000000074a800000| Untracked 
| 169|0x000000074a900000, 0x000000074a900000, 0x000000074aa00000|  0%| F|  |TAMS 0x000000074a900000, 0x000000074a900000| Untracked 
| 170|0x000000074aa00000, 0x000000074aa00000, 0x000000074ab00000|  0%| F|  |TAMS 0x000000074aa00000, 0x000000074aa00000| Untracked 
| 171|0x000000074ab00000, 0x000000074ab00000, 0x000000074ac00000|  0%| F|  |TAMS 0x000000074ab00000, 0x000000074ab00000| Untracked 
| 172|0x000000074ac00000, 0x000000074ac00000, 0x000000074ad00000|  0%| F|  |TAMS 0x000000074ac00000, 0x000000074ac00000| Untracked 
| 173|0x000000074ad00000, 0x000000074ad00000, 0x000000074ae00000|  0%| F|  |TAMS 0x000000074ad00000, 0x000000074ad00000| Untracked 
| 174|0x000000074ae00000, 0x000000074ae00000, 0x000000074af00000|  0%| F|  |TAMS 0x000000074ae00000, 0x000000074ae00000| Untracked 
| 175|0x000000074af00000, 0x000000074af00000, 0x000000074b000000|  0%| F|  |TAMS 0x000000074af00000, 0x000000074af00000| Untracked 
| 176|0x000000074b000000, 0x000000074b000000, 0x000000074b100000|  0%| F|  |TAMS 0x000000074b000000, 0x000000074b000000| Untracked 
| 177|0x000000074b100000, 0x000000074b100000, 0x000000074b200000|  0%| F|  |TAMS 0x000000074b100000, 0x000000074b100000| Untracked 
| 178|0x000000074b200000, 0x000000074b200000, 0x000000074b300000|  0%| F|  |TAMS 0x000000074b200000, 0x000000074b200000| Untracked 
| 179|0x000000074b300000, 0x000000074b300000, 0x000000074b400000|  0%| F|  |TAMS 0x000000074b300000, 0x000000074b300000| Untracked 
| 180|0x000000074b400000, 0x000000074b400000, 0x000000074b500000|  0%| F|  |TAMS 0x000000074b400000, 0x000000074b400000| Untracked 
| 181|0x000000074b500000, 0x000000074b500000, 0x000000074b600000|  0%| F|  |TAMS 0x000000074b500000, 0x000000074b500000| Untracked 
| 182|0x000000074b600000, 0x000000074b600000, 0x000000074b700000|  0%| F|  |TAMS 0x000000074b600000, 0x000000074b600000| Untracked 
| 183|0x000000074b700000, 0x000000074b700000, 0x000000074b800000|  0%| F|  |TAMS 0x000000074b700000, 0x000000074b700000| Untracked 
| 184|0x000000074b800000, 0x000000074b800000, 0x000000074b900000|  0%| F|  |TAMS 0x000000074b800000, 0x000000074b800000| Untracked 
| 185|0x000000074b900000, 0x000000074b900000, 0x000000074ba00000|  0%| F|  |TAMS 0x000000074b900000, 0x000000074b900000| Untracked 
| 186|0x000000074ba00000, 0x000000074ba00000, 0x000000074bb00000|  0%| F|  |TAMS 0x000000074ba00000, 0x000000074ba00000| Untracked 
| 187|0x000000074bb00000, 0x000000074bb00000, 0x000000074bc00000|  0%| F|  |TAMS 0x000000074bb00000, 0x000000074bb00000| Untracked 
| 188|0x000000074bc00000, 0x000000074bc00000, 0x000000074bd00000|  0%| F|  |TAMS 0x000000074bc00000, 0x000000074bc00000| Untracked 
| 189|0x000000074bd00000, 0x000000074bd00000, 0x000000074be00000|  0%| F|  |TAMS 0x000000074bd00000, 0x000000074bd00000| Untracked 
| 190|0x000000074be00000, 0x000000074be00000, 0x000000074bf00000|  0%| F|  |TAMS 0x000000074be00000, 0x000000074be00000| Untracked 
| 191|0x000000074bf00000, 0x000000074bf00000, 0x000000074c000000|  0%| F|  |TAMS 0x000000074bf00000, 0x000000074bf00000| Untracked 
| 192|0x000000074c000000, 0x000000074c000000, 0x000000074c100000|  0%| F|  |TAMS 0x000000074c000000, 0x000000074c000000| Untracked 
| 193|0x000000074c100000, 0x000000074c100000, 0x000000074c200000|  0%| F|  |TAMS 0x000000074c100000, 0x000000074c100000| Untracked 
| 194|0x000000074c200000, 0x000000074c200000, 0x000000074c300000|  0%| F|  |TAMS 0x000000074c200000, 0x000000074c200000| Untracked 
| 195|0x000000074c300000, 0x000000074c300000, 0x000000074c400000|  0%| F|  |TAMS 0x000000074c300000, 0x000000074c300000| Untracked 
| 196|0x000000074c400000, 0x000000074c400000, 0x000000074c500000|  0%| F|  |TAMS 0x000000074c400000, 0x000000074c400000| Untracked 
| 197|0x000000074c500000, 0x000000074c500000, 0x000000074c600000|  0%| F|  |TAMS 0x000000074c500000, 0x000000074c500000| Untracked 
| 198|0x000000074c600000, 0x000000074c600000, 0x000000074c700000|  0%| F|  |TAMS 0x000000074c600000, 0x000000074c600000| Untracked 
| 199|0x000000074c700000, 0x000000074c700000, 0x000000074c800000|  0%| F|  |TAMS 0x000000074c700000, 0x000000074c700000| Untracked 
| 200|0x000000074c800000, 0x000000074c800000, 0x000000074c900000|  0%| F|  |TAMS 0x000000074c800000, 0x000000074c800000| Untracked 
| 201|0x000000074c900000, 0x000000074c979860, 0x000000074ca00000| 47%| O|  |TAMS 0x000000074c900000, 0x000000074c900000| Untracked 
| 202|0x000000074ca00000, 0x000000074ca00000, 0x000000074cb00000|  0%| F|  |TAMS 0x000000074ca00000, 0x000000074ca00000| Untracked 
| 203|0x000000074cb00000, 0x000000074cb00000, 0x000000074cc00000|  0%| F|  |TAMS 0x000000074cb00000, 0x000000074cb00000| Untracked 
| 204|0x000000074cc00000, 0x000000074cc00000, 0x000000074cd00000|  0%| F|  |TAMS 0x000000074cc00000, 0x000000074cc00000| Untracked 
| 205|0x000000074cd00000, 0x000000074cd00000, 0x000000074ce00000|  0%| F|  |TAMS 0x000000074cd00000, 0x000000074cd00000| Untracked 
| 206|0x000000074ce00000, 0x000000074ce00000, 0x000000074cf00000|  0%| F|  |TAMS 0x000000074ce00000, 0x000000074ce00000| Untracked 
| 207|0x000000074cf00000, 0x000000074cf00000, 0x000000074d000000|  0%| F|  |TAMS 0x000000074cf00000, 0x000000074cf00000| Untracked 
| 208|0x000000074d000000, 0x000000074d000000, 0x000000074d100000|  0%| F|  |TAMS 0x000000074d000000, 0x000000074d000000| Untracked 
| 209|0x000000074d100000, 0x000000074d100000, 0x000000074d200000|  0%| F|  |TAMS 0x000000074d100000, 0x000000074d100000| Untracked 
| 210|0x000000074d200000, 0x000000074d200000, 0x000000074d300000|  0%| F|  |TAMS 0x000000074d200000, 0x000000074d200000| Untracked 
| 211|0x000000074d300000, 0x000000074d300000, 0x000000074d400000|  0%| F|  |TAMS 0x000000074d300000, 0x000000074d300000| Untracked 
| 212|0x000000074d400000, 0x000000074d400000, 0x000000074d500000|  0%| F|  |TAMS 0x000000074d400000, 0x000000074d400000| Untracked 
| 213|0x000000074d500000, 0x000000074d500000, 0x000000074d600000|  0%| F|  |TAMS 0x000000074d500000, 0x000000074d500000| Untracked 
| 214|0x000000074d600000, 0x000000074d600000, 0x000000074d700000|  0%| F|  |TAMS 0x000000074d600000, 0x000000074d600000| Untracked 
| 215|0x000000074d700000, 0x000000074d700000, 0x000000074d800000|  0%| F|  |TAMS 0x000000074d700000, 0x000000074d700000| Untracked 
| 216|0x000000074d800000, 0x000000074d800000, 0x000000074d900000|  0%| F|  |TAMS 0x000000074d800000, 0x000000074d800000| Untracked 
| 217|0x000000074d900000, 0x000000074d900000, 0x000000074da00000|  0%| F|  |TAMS 0x000000074d900000, 0x000000074d900000| Untracked 
| 218|0x000000074da00000, 0x000000074da00000, 0x000000074db00000|  0%| F|  |TAMS 0x000000074da00000, 0x000000074da00000| Untracked 
| 219|0x000000074db00000, 0x000000074db00000, 0x000000074dc00000|  0%| F|  |TAMS 0x000000074db00000, 0x000000074db00000| Untracked 
| 220|0x000000074dc00000, 0x000000074dc00000, 0x000000074dd00000|  0%| F|  |TAMS 0x000000074dc00000, 0x000000074dc00000| Untracked 
| 221|0x000000074dd00000, 0x000000074dd00000, 0x000000074de00000|  0%| F|  |TAMS 0x000000074dd00000, 0x000000074dd00000| Untracked 
| 222|0x000000074de00000, 0x000000074de00000, 0x000000074df00000|  0%| F|  |TAMS 0x000000074de00000, 0x000000074de00000| Untracked 
| 223|0x000000074df00000, 0x000000074df00000, 0x000000074e000000|  0%| F|  |TAMS 0x000000074df00000, 0x000000074df00000| Untracked 
| 224|0x000000074e000000, 0x000000074e000000, 0x000000074e100000|  0%| F|  |TAMS 0x000000074e000000, 0x000000074e000000| Untracked 
| 225|0x000000074e100000, 0x000000074e100000, 0x000000074e200000|  0%| F|  |TAMS 0x000000074e100000, 0x000000074e100000| Untracked 
| 226|0x000000074e200000, 0x000000074e200000, 0x000000074e300000|  0%| F|  |TAMS 0x000000074e200000, 0x000000074e200000| Untracked 
| 227|0x000000074e300000, 0x000000074e300000, 0x000000074e400000|  0%| F|  |TAMS 0x000000074e300000, 0x000000074e300000| Untracked 
| 228|0x000000074e400000, 0x000000074e400000, 0x000000074e500000|  0%| F|  |TAMS 0x000000074e400000, 0x000000074e400000| Untracked 
| 229|0x000000074e500000, 0x000000074e500000, 0x000000074e600000|  0%| F|  |TAMS 0x000000074e500000, 0x000000074e500000| Untracked 
| 230|0x000000074e600000, 0x000000074e600000, 0x000000074e700000|  0%| F|  |TAMS 0x000000074e600000, 0x000000074e600000| Untracked 
| 231|0x000000074e700000, 0x000000074e700000, 0x000000074e800000|  0%| F|  |TAMS 0x000000074e700000, 0x000000074e700000| Untracked 
| 232|0x000000074e800000, 0x000000074e800000, 0x000000074e900000|  0%| F|  |TAMS 0x000000074e800000, 0x000000074e800000| Untracked 
| 233|0x000000074e900000, 0x000000074e900000, 0x000000074ea00000|  0%| F|  |TAMS 0x000000074e900000, 0x000000074e900000| Untracked 
| 234|0x000000074ea00000, 0x000000074ea00000, 0x000000074eb00000|  0%| F|  |TAMS 0x000000074ea00000, 0x000000074ea00000| Untracked 
| 235|0x000000074eb00000, 0x000000074eb00000, 0x000000074ec00000|  0%| F|  |TAMS 0x000000074eb00000, 0x000000074eb00000| Untracked 
| 236|0x000000074ec00000, 0x000000074ec00000, 0x000000074ed00000|  0%| F|  |TAMS 0x000000074ec00000, 0x000000074ec00000| Untracked 
| 237|0x000000074ed00000, 0x000000074ed00000, 0x000000074ee00000|  0%| F|  |TAMS 0x000000074ed00000, 0x000000074ed00000| Untracked 
| 238|0x000000074ee00000, 0x000000074ee00000, 0x000000074ef00000|  0%| F|  |TAMS 0x000000074ee00000, 0x000000074ee00000| Untracked 
| 239|0x000000074ef00000, 0x000000074ef00000, 0x000000074f000000|  0%| F|  |TAMS 0x000000074ef00000, 0x000000074ef00000| Untracked 
| 240|0x000000074f000000, 0x000000074f000000, 0x000000074f100000|  0%| F|  |TAMS 0x000000074f000000, 0x000000074f000000| Untracked 
| 241|0x000000074f100000, 0x000000074f100000, 0x000000074f200000|  0%| F|  |TAMS 0x000000074f100000, 0x000000074f100000| Untracked 
| 242|0x000000074f200000, 0x000000074f200000, 0x000000074f300000|  0%| F|  |TAMS 0x000000074f200000, 0x000000074f200000| Untracked 
| 243|0x000000074f300000, 0x000000074f300000, 0x000000074f400000|  0%| F|  |TAMS 0x000000074f300000, 0x000000074f300000| Untracked 
| 244|0x000000074f400000, 0x000000074f400000, 0x000000074f500000|  0%| F|  |TAMS 0x000000074f400000, 0x000000074f400000| Untracked 
| 245|0x000000074f500000, 0x000000074f54dfe8, 0x000000074f600000| 30%| E|  |TAMS 0x000000074f500000, 0x000000074f500000| Complete 
| 246|0x000000074f600000, 0x000000074f700000, 0x000000074f700000|100%| E|CS|TAMS 0x000000074f600000, 0x000000074f600000| Complete 
| 247|0x000000074f700000, 0x000000074f800000, 0x000000074f800000|100%| E|CS|TAMS 0x000000074f700000, 0x000000074f700000| Complete 
| 248|0x000000074f800000, 0x000000074f900000, 0x000000074f900000|100%| E|CS|TAMS 0x000000074f800000, 0x000000074f800000| Complete 
| 249|0x000000074f900000, 0x000000074fa00000, 0x000000074fa00000|100%| E|CS|TAMS 0x000000074f900000, 0x000000074f900000| Complete 
| 250|0x000000074fa00000, 0x000000074fb00000, 0x000000074fb00000|100%| E|CS|TAMS 0x000000074fa00000, 0x000000074fa00000| Complete 
| 251|0x000000074fb00000, 0x000000074fc00000, 0x000000074fc00000|100%| E|CS|TAMS 0x000000074fb00000, 0x000000074fb00000| Complete 
| 252|0x000000074fc00000, 0x000000074fd00000, 0x000000074fd00000|100%| E|CS|TAMS 0x000000074fc00000, 0x000000074fc00000| Complete 
| 253|0x000000074fd00000, 0x000000074fe00000, 0x000000074fe00000|100%| E|CS|TAMS 0x000000074fd00000, 0x000000074fd00000| Complete 
| 254|0x000000074fe00000, 0x000000074ff00000, 0x000000074ff00000|100%| E|CS|TAMS 0x000000074fe00000, 0x000000074fe00000| Complete 
| 255|0x000000074ff00000, 0x0000000750000000, 0x0000000750000000|100%| E|CS|TAMS 0x000000074ff00000, 0x000000074ff00000| Complete 

Card table byte_map: [0x0000017c76f00000,0x0000017c77500000] _byte_map_base: 0x0000017c73500000

Marking Bits (Prev, Next): (CMBitMap*) 0x0000017c6cef1000, (CMBitMap*) 0x0000017c6cef0fc8
 Prev Bits: [0x0000017c7ab00000, 0x0000017c7db00000)
 Next Bits: [0x0000017c77b00000, 0x0000017c7ab00000)

Polling page: 0x0000017c61c00000

Metaspace:

Usage:
  Non-class:     70.25 MB capacity,    69.19 MB ( 98%) used,   824.22 KB (  1%) free+waste,   264.25 KB ( <1%) overhead. 
      Class:     11.59 MB capacity,    10.69 MB ( 92%) used,   796.03 KB (  7%) free+waste,   127.94 KB (  1%) overhead. 
       Both:     81.84 MB capacity,    79.88 MB ( 98%) used,     1.58 MB (  2%) free+waste,   392.19 KB ( <1%) overhead. 

Virtual space:
  Non-class space:       72.00 MB reserved,      70.50 MB ( 98%) committed 
      Class space:        1.00 GB reserved,      11.63 MB (  1%) committed 
             Both:        1.07 GB reserved,      82.13 MB (  7%) committed 

Chunk freelists:
   Non-Class:  63.00 KB
       Class:  4.00 KB
        Both:  67.00 KB

MaxMetaspaceSize: 17179869184.00 GB
CompressedClassSpaceSize: 1.00 GB

CodeHeap 'non-profiled nmethods': size=120000Kb used=11191Kb max_used=11191Kb free=108808Kb
 bounds [0x0000017c27190000, 0x0000017c27c80000, 0x0000017c2e6c0000]
CodeHeap 'profiled nmethods': size=120000Kb used=33180Kb max_used=34404Kb free=86819Kb
 bounds [0x0000017c1fc60000, 0x0000017c21e10000, 0x0000017c27190000]
CodeHeap 'non-nmethods': size=5760Kb used=1594Kb max_used=1655Kb free=4165Kb
 bounds [0x0000017c1f6c0000, 0x0000017c1f930000, 0x0000017c1fc60000]
 total_blobs=13770 nmethods=12640 adapters=1037
 compilation: enabled
              stopped_count=0, restarted_count=0
 full_count=0

Compilation events (20 events):
Event: 81.170 Thread 0x0000017c6db7d000 13960       3       ui.data.simulation.c::<init> (112 bytes)
Event: 81.171 Thread 0x0000017c6db7d000 nmethod 13960 0x0000017c205ffd10 code [0x0000017c205fffe0, 0x0000017c20601028]
Event: 81.171 Thread 0x0000017c6db7d000 13961       1       com.jidesoft.grid.FilterableTableModel::c (6 bytes)
Event: 81.171 Thread 0x0000017c6db7d000 nmethod 13961 0x0000017c27578b90 code [0x0000017c27578d40, 0x0000017c27578df8]
Event: 81.171 Thread 0x0000017c6db7d000 13962       1       com.jidesoft.grid.FilterableTableModel::c (6 bytes)
Event: 81.171 Thread 0x0000017c6db7d000 nmethod 13962 0x0000017c27591890 code [0x0000017c27591a40, 0x0000017c27591af8]
Event: 81.171 Thread 0x0000017c6db7d000 13963       1       com.jidesoft.grid.DefaultTableModelWrapper::isCacheEnabled (5 bytes)
Event: 81.171 Thread 0x0000017c6db7d000 nmethod 13963 0x0000017c27c7cf10 code [0x0000017c27c7d0c0, 0x0000017c27c7d178]
Event: 81.172 Thread 0x0000017c6db7d000 13964  s    1       com.jidesoft.grid.DefaultTableModelWrapper::setIndexes (6 bytes)
Event: 81.172 Thread 0x0000017c6db7d000 nmethod 13964 0x0000017c27c7d210 code [0x0000017c27c7d3c0, 0x0000017c27c7d658]
Event: 81.172 Thread 0x0000017c6db7d000 13965       3       com.jidesoft.grid.DefaultTableModelWrapper::fireIndexChanging (6 bytes)
Event: 81.172 Thread 0x0000017c6db7c000 13968       4       com.jidesoft.grid.TableModelWrapperUtils::getActualTableModel (40 bytes)
Event: 81.172 Thread 0x0000017c6db7d000 nmethod 13965 0x0000017c20472310 code [0x0000017c204724e0, 0x0000017c20472888]
Event: 81.172 Thread 0x0000017c6db7d000 13966       3       com.jidesoft.grid.DefaultTableModelWrapper::a (13 bytes)
Event: 81.173 Thread 0x0000017c6db7d000 nmethod 13966 0x0000017c2046f490 code [0x0000017c2046f660, 0x0000017c2046f8e8]
Event: 81.173 Thread 0x0000017c6db7d000 13967       3       com.google.protobuf.GeneratedMessage::hasField (15 bytes)
Event: 81.173 Thread 0x0000017c6db7d000 nmethod 13967 0x0000017c20476790 code [0x0000017c20476980, 0x0000017c20476c88]
Event: 81.174 Thread 0x0000017c6db7d000 13969       1       com.jidesoft.grid.AbstractExpandable::isAdjusting (5 bytes)
Event: 81.174 Thread 0x0000017c6db7d000 nmethod 13969 0x0000017c27c7d710 code [0x0000017c27c7d8c0, 0x0000017c27c7d978]
Event: 81.174 Thread 0x0000017c6db7c000 nmethod 13968 0x0000017c27c7da10 code [0x0000017c27c7dbc0, 0x0000017c27c7dde8]

GC Heap History (20 events):
Event: 49.065 GC heap before
{Heap before GC invocations=15 (full 1):
 garbage-first heap   total 262144K, used 117925K [0x0000000740000000, 0x0000000800000000)
  region size 1024K, 60 young (61440K), 3 survivors (3072K)
 Metaspace       used 71948K, capacity 73438K, committed 73600K, reserved 1112064K
  class space    used 9580K, capacity 10250K, committed 10368K, reserved 1048576K
}
Event: 49.073 GC heap after
{Heap after GC invocations=16 (full 1):
 garbage-first heap   total 262144K, used 63939K [0x0000000740000000, 0x0000000800000000)
  region size 1024K, 7 young (7168K), 7 survivors (7168K)
 Metaspace       used 71948K, capacity 73438K, committed 73600K, reserved 1112064K
  class space    used 9580K, capacity 10250K, committed 10368K, reserved 1048576K
}
Event: 50.370 GC heap before
{Heap before GC invocations=16 (full 1):
 garbage-first heap   total 262144K, used 118211K [0x0000000740000000, 0x0000000800000000)
  region size 1024K, 60 young (61440K), 7 survivors (7168K)
 Metaspace       used 72690K, capacity 74217K, committed 74368K, reserved 1114112K
  class space    used 9675K, capacity 10359K, committed 10368K, reserved 1048576K
}
Event: 50.376 GC heap after
{Heap after GC invocations=17 (full 1):
 garbage-first heap   total 262144K, used 65632K [0x0000000740000000, 0x0000000800000000)
  region size 1024K, 3 young (3072K), 3 survivors (3072K)
 Metaspace       used 72690K, capacity 74217K, committed 74368K, reserved 1114112K
  class space    used 9675K, capacity 10359K, committed 10368K, reserved 1048576K
}
Event: 51.811 GC heap before
{Heap before GC invocations=17 (full 1):
 garbage-first heap   total 262144K, used 124000K [0x0000000740000000, 0x0000000800000000)
  region size 1024K, 60 young (61440K), 3 survivors (3072K)
 Metaspace       used 73843K, capacity 75476K, committed 75648K, reserved 1114112K
  class space    used 9827K, capacity 10546K, committed 10624K, reserved 1048576K
}
Event: 51.816 GC heap after
{Heap after GC invocations=18 (full 1):
 garbage-first heap   total 262144K, used 66108K [0x0000000740000000, 0x0000000800000000)
  region size 1024K, 4 young (4096K), 4 survivors (4096K)
 Metaspace       used 73843K, capacity 75476K, committed 75648K, reserved 1114112K
  class space    used 9827K, capacity 10546K, committed 10624K, reserved 1048576K
}
Event: 53.380 GC heap before
{Heap before GC invocations=18 (full 1):
 garbage-first heap   total 262144K, used 123452K [0x0000000740000000, 0x0000000800000000)
  region size 1024K, 60 young (61440K), 4 survivors (4096K)
 Metaspace       used 74774K, capacity 76520K, committed 76672K, reserved 1116160K
  class space    used 9949K, capacity 10753K, committed 10880K, reserved 1048576K
}
Event: 53.387 GC heap after
{Heap after GC invocations=19 (full 1):
 garbage-first heap   total 262144K, used 66477K [0x0000000740000000, 0x0000000800000000)
  region size 1024K, 4 young (4096K), 4 survivors (4096K)
 Metaspace       used 74774K, capacity 76520K, committed 76672K, reserved 1116160K
  class space    used 9949K, capacity 10753K, committed 10880K, reserved 1048576K
}
Event: 58.812 GC heap before
{Heap before GC invocations=19 (full 1):
 garbage-first heap   total 262144K, used 123821K [0x0000000740000000, 0x0000000800000000)
  region size 1024K, 60 young (61440K), 4 survivors (4096K)
 Metaspace       used 75519K, capacity 77305K, committed 77440K, reserved 1116160K
  class space    used 10000K, capacity 10825K, committed 10880K, reserved 1048576K
}
Event: 58.818 GC heap after
{Heap after GC invocations=20 (full 1):
 garbage-first heap   total 262144K, used 66882K [0x0000000740000000, 0x0000000800000000)
  region size 1024K, 4 young (4096K), 4 survivors (4096K)
 Metaspace       used 75519K, capacity 77305K, committed 77440K, reserved 1116160K
  class space    used 10000K, capacity 10825K, committed 10880K, reserved 1048576K
}
Event: 67.686 GC heap before
{Heap before GC invocations=20 (full 1):
 garbage-first heap   total 262144K, used 124226K [0x0000000740000000, 0x0000000800000000)
  region size 1024K, 60 young (61440K), 4 survivors (4096K)
 Metaspace       used 75655K, capacity 77497K, committed 77696K, reserved 1116160K
  class space    used 10001K, capacity 10825K, committed 10880K, reserved 1048576K
}
Event: 67.693 GC heap after
{Heap after GC invocations=21 (full 1):
 garbage-first heap   total 262144K, used 67489K [0x0000000740000000, 0x0000000800000000)
  region size 1024K, 5 young (5120K), 5 survivors (5120K)
 Metaspace       used 75655K, capacity 77497K, committed 77696K, reserved 1116160K
  class space    used 10001K, capacity 10825K, committed 10880K, reserved 1048576K
}
Event: 75.703 GC heap before
{Heap before GC invocations=21 (full 1):
 garbage-first heap   total 262144K, used 123809K [0x0000000740000000, 0x0000000800000000)
  region size 1024K, 60 young (61440K), 5 survivors (5120K)
 Metaspace       used 77047K, capacity 78806K, committed 78976K, reserved 1118208K
  class space    used 10251K, capacity 11066K, committed 11136K, reserved 1048576K
}
Event: 75.713 GC heap after
{Heap after GC invocations=22 (full 1):
 garbage-first heap   total 262144K, used 69134K [0x0000000740000000, 0x0000000800000000)
  region size 1024K, 5 young (5120K), 5 survivors (5120K)
 Metaspace       used 77047K, capacity 78806K, committed 78976K, reserved 1118208K
  class space    used 10251K, capacity 11066K, committed 11136K, reserved 1048576K
}
Event: 77.181 GC heap before
{Heap before GC invocations=22 (full 1):
 garbage-first heap   total 262144K, used 125454K [0x0000000740000000, 0x0000000800000000)
  region size 1024K, 60 young (61440K), 5 survivors (5120K)
 Metaspace       used 80081K, capacity 81944K, committed 82048K, reserved 1120256K
  class space    used 10720K, capacity 11586K, committed 11648K, reserved 1048576K
}
Event: 77.190 GC heap after
{Heap after GC invocations=23 (full 1):
 garbage-first heap   total 262144K, used 72313K [0x0000000740000000, 0x0000000800000000)
  region size 1024K, 7 young (7168K), 7 survivors (7168K)
 Metaspace       used 80081K, capacity 81944K, committed 82048K, reserved 1120256K
  class space    used 10720K, capacity 11586K, committed 11648K, reserved 1048576K
}
Event: 79.054 GC heap before
{Heap before GC invocations=23 (full 1):
 garbage-first heap   total 262144K, used 127609K [0x0000000740000000, 0x0000000800000000)
  region size 1024K, 60 young (61440K), 7 survivors (7168K)
 Metaspace       used 81638K, capacity 83580K, committed 83840K, reserved 1122304K
  class space    used 10937K, capacity 11836K, committed 11904K, reserved 1048576K
}
Event: 79.063 GC heap after
{Heap after GC invocations=24 (full 1):
 garbage-first heap   total 262144K, used 73741K [0x0000000740000000, 0x0000000800000000)
  region size 1024K, 5 young (5120K), 5 survivors (5120K)
 Metaspace       used 81638K, capacity 83580K, committed 83840K, reserved 1122304K
  class space    used 10937K, capacity 11836K, committed 11904K, reserved 1048576K
}
Event: 79.382 GC heap before
{Heap before GC invocations=24 (full 1):
 garbage-first heap   total 262144K, used 78861K [0x0000000740000000, 0x0000000800000000)
  region size 1024K, 11 young (11264K), 5 survivors (5120K)
 Metaspace       used 81733K, capacity 83741K, committed 83840K, reserved 1122304K
  class space    used 10944K, capacity 11868K, committed 11904K, reserved 1048576K
}
Event: 79.476 GC heap after
{Heap after GC invocations=25 (full 2):
 garbage-first heap   total 262144K, used 67667K [0x0000000740000000, 0x0000000800000000)
  region size 1024K, 0 young (0K), 0 survivors (0K)
 Metaspace       used 81733K, capacity 83741K, committed 83840K, reserved 1122304K
  class space    used 10944K, capacity 11868K, committed 11904K, reserved 1048576K
}

Deoptimization events (20 events):
Event: 78.022 Thread 0x0000017c4ea4f800 Uncommon trap: trap_request=0xffffffbe fr.pc=0x0000017c2747f298 relative=0x00000000000034d8
Event: 78.022 Thread 0x0000017c4ea4f800 Uncommon trap: reason=profile_predicate action=maybe_recompile pc=0x0000017c2747f298 method=de.javasoft.plaf.synthetica.painter.ImagePainter.drawImage(Ljava/awt/Image;Ljava/awt/Graphics;IIIIIIIIII)V @ 440 c2
Event: 78.022 Thread 0x0000017c4ea4f800 DEOPT PACKING pc=0x0000017c2747f298 sp=0x00000006bdefa760
Event: 78.022 Thread 0x0000017c4ea4f800 DEOPT UNPACKING pc=0x0000017c1f6e68af sp=0x00000006bdefa738 mode 2
Event: 78.022 Thread 0x0000017c4ea4f800 Uncommon trap: trap_request=0xffffffbe fr.pc=0x0000017c2747f298 relative=0x00000000000034d8
Event: 78.022 Thread 0x0000017c4ea4f800 Uncommon trap: reason=profile_predicate action=maybe_recompile pc=0x0000017c2747f298 method=de.javasoft.plaf.synthetica.painter.ImagePainter.drawImage(Ljava/awt/Image;Ljava/awt/Graphics;IIIIIIIIII)V @ 440 c2
Event: 78.022 Thread 0x0000017c4ea4f800 DEOPT PACKING pc=0x0000017c2747f298 sp=0x00000006bdefa790
Event: 78.022 Thread 0x0000017c4ea4f800 DEOPT UNPACKING pc=0x0000017c1f6e68af sp=0x00000006bdefa768 mode 2
Event: 79.361 Thread 0x0000017c4ea4f800 Uncommon trap: trap_request=0xffffff4d fr.pc=0x0000017c27c046d8 relative=0x0000000000000a18
Event: 79.361 Thread 0x0000017c4ea4f800 Uncommon trap: reason=unstable_if action=reinterpret pc=0x0000017c27c046d8 method=sun.java2d.SunGraphics2D.setComposite(Ljava/awt/Composite;)V @ 107 c2
Event: 79.361 Thread 0x0000017c4ea4f800 DEOPT PACKING pc=0x0000017c27c046d8 sp=0x00000006bdefa930
Event: 79.361 Thread 0x0000017c4ea4f800 DEOPT UNPACKING pc=0x0000017c1f6e68af sp=0x00000006bdefa8f0 mode 2
Event: 79.361 Thread 0x0000017c4ea4f800 Uncommon trap: trap_request=0xffffff4d fr.pc=0x0000017c27b2768c relative=0x0000000000003aec
Event: 79.361 Thread 0x0000017c4ea4f800 Uncommon trap: reason=unstable_if action=reinterpret pc=0x0000017c27b2768c method=sun.java2d.SurfaceData.getPaintSurfaceType(Lsun/java2d/SunGraphics2D;)Lsun/java2d/loops/SurfaceType; @ 4 c2
Event: 79.361 Thread 0x0000017c4ea4f800 DEOPT PACKING pc=0x0000017c27b2768c sp=0x00000006bdefa700
Event: 79.361 Thread 0x0000017c4ea4f800 DEOPT UNPACKING pc=0x0000017c1f6e68af sp=0x00000006bdefa610 mode 2
Event: 80.094 Thread 0x0000017c4ea4f800 Uncommon trap: trap_request=0xffffff4d fr.pc=0x0000017c27b2e31c relative=0x0000000000001f5c
Event: 80.094 Thread 0x0000017c4ea4f800 Uncommon trap: reason=unstable_if action=reinterpret pc=0x0000017c27b2e31c method=java.util.concurrent.locks.ReentrantLock$Sync.nonfairTryAcquire(I)Z @ 19 c2
Event: 80.094 Thread 0x0000017c4ea4f800 DEOPT PACKING pc=0x0000017c27b2e31c sp=0x00000006bdefeeb0
Event: 80.094 Thread 0x0000017c4ea4f800 DEOPT UNPACKING pc=0x0000017c1f6e68af sp=0x00000006bdefecc0 mode 2

Classes redefined (0 events):
No events

Internal exceptions (20 events):
Event: 77.027 Thread 0x0000017c4ea4f800 Exception <a 'java/lang/ClassNotFoundException'{0x000000074cb0cdb0}: java/lang/ObjectCustomizer> (0x000000074cb0cdb0) thrown at [./src/hotspot/share/classfile/systemDictionary.cpp, line 231]
Event: 77.040 Thread 0x0000017c4ea4f800 Exception <a 'java/lang/ClassNotFoundException'{0x000000074cb1cb98}: java/awt/ComponentCustomizer> (0x000000074cb1cb98) thrown at [./src/hotspot/share/classfile/systemDictionary.cpp, line 231]
Event: 77.047 Thread 0x0000017c4ea4f800 Exception <a 'java/lang/ClassNotFoundException'{0x000000074cb72a38}: java/awt/ContainerCustomizer> (0x000000074cb72a38) thrown at [./src/hotspot/share/classfile/systemDictionary.cpp, line 231]
Event: 77.051 Thread 0x0000017c4ea4f800 Exception <a 'java/lang/ClassNotFoundException'{0x000000074cbacd38}: javax/swing/JComponentCustomizer> (0x000000074cbacd38) thrown at [./src/hotspot/share/classfile/systemDictionary.cpp, line 231]
Event: 77.068 Thread 0x0000017c4ea4f800 Exception <a 'java/lang/ClassNotFoundException'{0x000000074ca4d718}: javax/swing/JPanelCustomizer> (0x000000074ca4d718) thrown at [./src/hotspot/share/classfile/systemDictionary.cpp, line 231]
Event: 77.071 Thread 0x0000017c4ea4f800 Exception <a 'java/lang/ClassNotFoundException'{0x000000074ca7ce80}: org/jdesktop/swingx/JXPanelCustomizer> (0x000000074ca7ce80) thrown at [./src/hotspot/share/classfile/systemDictionary.cpp, line 231]
Event: 77.073 Thread 0x0000017c4ea4f800 Exception <a 'java/lang/ClassNotFoundException'{0x000000074cab64f0}: org/jdesktop/swingx/JXTitledPanelCustomizer> (0x000000074cab64f0) thrown at [./src/hotspot/share/classfile/systemDictionary.cpp, line 231]
Event: 77.076 Thread 0x0000017c4ea4f800 Exception <a 'java/lang/ClassNotFoundException'{0x000000074caed318}: ui/utils/swing/n/c/fCustomizer> (0x000000074caed318) thrown at [./src/hotspot/share/classfile/systemDictionary.cpp, line 231]
Event: 77.079 Thread 0x0000017c4ea4f800 Exception <a 'java/lang/ClassNotFoundException'{0x000000074c920ca0}: ui/views/waveform/g/yCustomizer> (0x000000074c920ca0) thrown at [./src/hotspot/share/classfile/systemDictionary.cpp, line 231]
Event: 77.086 Thread 0x0000017c4ea4f800 Implicit null exception at 0x0000017c27bc9a6e to 0x0000017c27bca490
Event: 77.262 Thread 0x0000017c4ea4f800 Exception <a 'java/lang/NoSuchMethodError'{0x000000074fded170}: 'java.lang.Object java.lang.invoke.DirectMethodHandle$Holder.invokeSpecial(java.lang.Object, java.lang.Object, int, int, int, long, long, long)'> (0x000000074fded170) thrown at [./src/hotspot/share/interpreter/linkResolver.cpp, line 773]
Event: 77.262 Thread 0x0000017c4ea4f800 Exception <a 'java/lang/NoSuchMethodError'{0x000000074fdf0570}: 'java.lang.Object java.lang.invoke.DelegatingMethodHandle$Holder.reinvoke_L(java.lang.Object, int, int, int, long, long, long)'> (0x000000074fdf0570) thrown at [./src/hotspot/share/interpreter/linkResolver.cpp, line 773]
Event: 77.285 Thread 0x0000017c4ea4f800 Implicit null exception at 0x0000017c27bec65d to 0x0000017c27bed0a8
Event: 77.336 Thread 0x0000017c05f23800 Implicit null exception at 0x0000017c27a1a92a to 0x0000017c27a1b0b0
Event: 77.526 Thread 0x0000017c4ea4f800 Exception <a 'java/lang/NoSuchMethodError'{0x000000074f032bf0}: 'java.lang.Object java.lang.invoke.DelegatingMethodHandle$Holder.reinvoke_L(java.lang.Object, java.lang.Object, int, int, java.lang.Object, java.lang.Object, java.lang.Object, java.lang.Object, java.lang.Object, int, java.lang.Object, java.lang.Object, int, int)'> (0x000000074f032bf0) thrown at [./src/hotspot/share/interpreter/linkResolver.cpp, line 773]
Event: 77.530 Thread 0x0000017c4ea4f800 Exception <a 'java/lang/NoSuchMethodError'{0x000000074f0a8d10}: 'java.lang.Object java.lang.invoke.DirectMethodHandle$Holder.invokeSpecial(java.lang.Object, java.lang.Object, int, int, java.lang.Object, java.lang.Object, java.lang.Object, java.lang.Object, java.lang.Object, int, java.lang.Object, java.lang.Object, int, int)'> (0x000000074f0a8d10) thrown at [./src/hotspot/share/interpreter/linkResolver.cpp, line 773]
Event: 77.530 Thread 0x0000017c4ea4f800 Exception <a 'java/lang/NoSuchMethodError'{0x000000074f0acd78}: 'java.lang.Object java.lang.invoke.DelegatingMethodHandle$Holder.reinvoke_L(java.lang.Object, int, int, java.lang.Object, java.lang.Object, java.lang.Object, java.lang.Object, java.lang.Object, int, java.lang.Object, java.lang.Object, int, int)'> (0x000000074f0acd78) thrown at [./src/hotspot/share/interpreter/linkResolver.cpp, line 773]
Event: 77.534 Thread 0x0000017c4ea4f800 Exception <a 'java/lang/NoSuchMethodError'{0x000000074ef55ab8}: 'java.lang.Object java.lang.invoke.DelegatingMethodHandle$Holder.reinvoke_L(java.lang.Object, java.lang.Object, java.lang.Object, java.lang.Object, java.lang.Object, java.lang.Object, int, java.lang.Object, java.lang.Object, int, int)'> (0x000000074ef55ab8) thrown at [./src/hotspot/share/interpreter/linkResolver.cpp, line 773]
Event: 78.285 Thread 0x0000017c4ea4f800 Exception <a 'java/io/FileNotFoundException'{0x000000074dba1100}> (0x000000074dba1100) thrown at [./src/hotspot/share/prims/jni.cpp, line 615]
Event: 78.432 Thread 0x0000017c4ea4f800 Exception <a 'java/io/FileNotFoundException'{0x000000074d548788}> (0x000000074d548788) thrown at [./src/hotspot/share/prims/jni.cpp, line 615]

Events (20 events):
Event: 79.373 Executing VM operation: BulkRevokeBias
Event: 79.381 Executing VM operation: BulkRevokeBias done
Event: 79.381 Thread 0x0000017c05f2b000 Thread exited: 0x0000017c05f2b000
Event: 79.381 Executing VM operation: G1CollectFull
Event: 79.476 Executing VM operation: G1CollectFull done
Event: 79.477 Thread 0x0000017c05f2b800 Thread exited: 0x0000017c05f2b800
Event: 79.488 Executing VM operation: RevokeBias
Event: 79.488 Executing VM operation: RevokeBias done
Event: 79.625 Thread 0x0000017c05f2b000 Thread added: 0x0000017c05f2b000
Event: 79.629 Thread 0x0000017c05f2b000 Thread exited: 0x0000017c05f2b000
Event: 79.629 Executing VM operation: RevokeBias
Event: 79.630 Executing VM operation: RevokeBias done
Event: 79.630 Thread 0x0000017c05f24800 Thread exited: 0x0000017c05f24800
Event: 80.626 Thread 0x0000017c05f24800 Thread added: 0x0000017c05f24800
Event: 80.632 Executing VM operation: RevokeBias
Event: 80.632 Executing VM operation: RevokeBias done
Event: 80.632 Thread 0x0000017c05f24800 Thread exited: 0x0000017c05f24800
Event: 81.042 Executing VM operation: BulkRevokeBias
Event: 81.043 Executing VM operation: BulkRevokeBias done
Event: 81.169 Loaded shared library E:\Xilinx_2021\Vivado\2021.2\lib\win64.o\librdi_simdata.dll


Dynamic libraries:
0x00007ff67b0d0000 - 0x00007ff67b101000 	E:\Xilinx_2021\Vivado\2021.2\bin\unwrapped\win64.o\vivado.exe
0x00007ffe818b0000 - 0x00007ffe81aa5000 	C:\WINDOWS\SYSTEM32\ntdll.dll
0x00007ffe80f40000 - 0x00007ffe80ffe000 	C:\WINDOWS\System32\KERNEL32.DLL
0x00007ffe7f5f0000 - 0x00007ffe7f8b8000 	C:\WINDOWS\System32\KERNELBASE.dll
0x00007ffe7efd0000 - 0x00007ffe7f0d0000 	C:\WINDOWS\System32\ucrtbase.dll
0x00007ffe629b0000 - 0x00007ffe629cb000 	C:\WINDOWS\SYSTEM32\VCRUNTIME140.dll
0x00007ffe61fe0000 - 0x00007ffe6206d000 	C:\WINDOWS\SYSTEM32\MSVCP140.dll
0x00007ffe048e0000 - 0x00007ffe05baa000 	E:\Xilinx_2021\Vivado\2021.2\lib\win64.o\librdi_common.dll
0x00007ffe78510000 - 0x00007ffe78528000 	E:\Xilinx_2021\Vivado\2021.2\lib\win64.o\librdi_commonmain.dll
0x00007ffe62910000 - 0x00007ffe6291c000 	C:\WINDOWS\SYSTEM32\VCRUNTIME140_1.dll
0x00007ffe810d0000 - 0x00007ffe81270000 	C:\WINDOWS\System32\USER32.dll
0x00007ffe7f160000 - 0x00007ffe7f182000 	C:\WINDOWS\System32\win32u.dll
0x00007ffe35640000 - 0x00007ffe359ae000 	E:\Xilinx_2021\Vivado\2021.2\lib\win64.o\libCOIN-all.dll
0x00007ffe7f910000 - 0x00007ffe7f93a000 	C:\WINDOWS\System32\GDI32.dll
0x00007ffe766b0000 - 0x00007ffe766c1000 	E:\Xilinx_2021\Vivado\2021.2\lib\win64.o\libboost_date_time.dll
0x00007ffe7f320000 - 0x00007ffe7f42b000 	C:\WINDOWS\System32\gdi32full.dll
0x00007ffe76c90000 - 0x00007ffe76cb1000 	E:\Xilinx_2021\Vivado\2021.2\lib\win64.o\libboost_filesystem.dll
0x00007ffe7f4e0000 - 0x00007ffe7f57d000 	C:\WINDOWS\System32\msvcp_win.dll
0x00007ffe7f950000 - 0x00007ffe7f9fe000 	C:\WINDOWS\System32\ADVAPI32.dll
0x00007ffe817d0000 - 0x00007ffe8186e000 	C:\WINDOWS\System32\msvcrt.dll
0x00007ffe800b0000 - 0x00007ffe807f4000 	C:\WINDOWS\System32\SHELL32.dll
0x00007ffe6fe60000 - 0x00007ffe6fed9000 	E:\Xilinx_2021\Vivado\2021.2\lib\win64.o\libboost_program_options.dll
0x00007ffe4caa0000 - 0x00007ffe4cbb4000 	E:\Xilinx_2021\Vivado\2021.2\lib\win64.o\libboost_regex.dll
0x00007ffe80920000 - 0x00007ffe809bc000 	C:\WINDOWS\System32\sechost.dll
0x00007ffe80a40000 - 0x00007ffe80aab000 	C:\WINDOWS\System32\WS2_32.dll
0x00007ffe815c0000 - 0x00007ffe816e5000 	C:\WINDOWS\System32\RPCRT4.dll
0x00007ffe7f190000 - 0x00007ffe7f1b7000 	C:\WINDOWS\System32\bcrypt.dll
0x00007ffe76690000 - 0x00007ffe766ac000 	E:\Xilinx_2021\Vivado\2021.2\lib\win64.o\libboost_thread.dll
0x00007ffe786e0000 - 0x00007ffe786ec000 	E:\Xilinx_2021\Vivado\2021.2\lib\win64.o\libboost_xilinx.dll
0x00007ffe68120000 - 0x00007ffe681a2000 	E:\Xilinx_2021\Vivado\2021.2\lib\win64.o\libhdlpsolve.dll
0x00007ffe62f50000 - 0x00007ffe62ff5000 	E:\Xilinx_2021\Vivado\2021.2\lib\win64.o\libhdxml.dll
0x00007ffe1edb0000 - 0x00007ffe1fd5f800 	E:\Xilinx_2021\Vivado\2021.2\lib\win64.o\libisl_iostreams.dll
0x00007ffe788a0000 - 0x00007ffe788a9000 	E:\Xilinx_2021\Vivado\2021.2\lib\win64.o\librdi_commonversion.dll
0x00007ffe73800000 - 0x00007ffe7382a000 	E:\Xilinx_2021\Vivado\2021.2\lib\win64.o\libisl_sysinfo.dll
0x00007ffe687d0000 - 0x00007ffe68835000 	E:\Xilinx_2021\Vivado\2021.2\lib\win64.o\liblmx6.0.dll
0x00007ffe35cd0000 - 0x00007ffe35e70000 	E:\Xilinx_2021\Vivado\2021.2\lib\win64.o\librdi_commonxillic.dll
0x00007ffe76670000 - 0x00007ffe7668a000 	E:\Xilinx_2021\Vivado\2021.2\lib\win64.o\pthreadVC2.dll
0x0000000063370000 - 0x000000006349b000 	E:\Xilinx_2021\Vivado\2021.2\lib\win64.o\tcl85t.dll
0x00007ffe737e0000 - 0x00007ffe737fc000 	E:\Xilinx_2021\Vivado\2021.2\lib\win64.o\librdiconfig.dll
0x00007ffe80800000 - 0x00007ffe80855000 	C:\WINDOWS\System32\SHLWAPI.dll
0x00007ffe6d870000 - 0x00007ffe6d891000 	E:\Xilinx_2021\Vivado\2021.2\lib\win64.o\librdizlib.dll
0x00007ffe35370000 - 0x00007ffe35631000 	E:\Xilinx_2021\Vivado\2021.2\lib\win64.o\xerces-c_3_2.dll
0x00007ffe6a060000 - 0x00007ffe6a07a000 	C:\WINDOWS\SYSTEM32\NETAPI32.dll
0x00007ffe72a90000 - 0x00007ffe72b9a000 	C:\WINDOWS\SYSTEM32\WINHTTP.dll
0x00007ffe617f0000 - 0x00007ffe61cc6000 	C:\WINDOWS\SYSTEM32\WININET.dll
0x00007ffe6ce80000 - 0x00007ffe6d06c000 	C:\WINDOWS\SYSTEM32\urlmon.dll
0x00007ffe7d750000 - 0x00007ffe7d759000 	C:\WINDOWS\SYSTEM32\WSOCK32.dll
0x00007ffe6cb90000 - 0x00007ffe6cbc1000 	C:\WINDOWS\SYSTEM32\VCOMP140.DLL
0x00007ffe029c0000 - 0x00007ffe048d7000 	E:\Xilinx_2021\Vivado\2021.2\lib\win64.o\gurobi90.dll
0x00007ffe7f1c0000 - 0x00007ffe7f316000 	C:\WINDOWS\System32\CRYPT32.dll
0x00007ffe809d0000 - 0x00007ffe80a26000 	C:\WINDOWS\System32\WLDAP32.dll
0x00007ffe80a30000 - 0x00007ffe80a38000 	C:\WINDOWS\System32\Normaliz.dll
0x00007ffe70b90000 - 0x00007ffe70ba8000 	E:\Xilinx_2021\Vivado\2021.2\lib\win64.o\libboost_iostreams.dll
0x00007ffe6b380000 - 0x00007ffe6b3a4000 	E:\Xilinx_2021\Vivado\2021.2\lib\win64.o\libisl_iosutils.dll
0x00007ffe359b0000 - 0x00007ffe35cc6000 	E:\Xilinx_2021\Vivado\2021.2\lib\win64.o\libXil_lmgr11.dll
0x00007ffe6daf0000 - 0x00007ffe6dda1000 	C:\WINDOWS\SYSTEM32\iertutil.dll
0x00007ffe816f0000 - 0x00007ffe817cb000 	C:\WINDOWS\System32\COMDLG32.dll
0x00007ffe6ce50000 - 0x00007ffe6ce78000 	C:\WINDOWS\SYSTEM32\srvcli.dll
0x00007ffe80ab0000 - 0x00007ffe80e04000 	C:\WINDOWS\System32\combase.dll
0x00007ffe7e480000 - 0x00007ffe7e48c000 	C:\WINDOWS\SYSTEM32\netutils.dll
0x00007ffe81020000 - 0x00007ffe810cd000 	C:\WINDOWS\System32\shcore.dll
0x00007ffe81270000 - 0x00007ffe8133d000 	C:\WINDOWS\System32\OLEAUT32.dll
0x00007ffe80e10000 - 0x00007ffe80f3a000 	C:\WINDOWS\System32\ole32.dll
0x00007ffe7f580000 - 0x00007ffe7f5e8000 	C:\WINDOWS\System32\WINTRUST.dll
0x00007ffe6ae20000 - 0x00007ffe6aed0000 	C:\WINDOWS\WinSxS\amd64_microsoft.windows.common-controls_6595b64144ccf1df_5.82.19041.1110_none_792d1c772443f647\COMCTL32.dll
0x00007ffe77920000 - 0x00007ffe7793d000 	C:\WINDOWS\SYSTEM32\dhcpcsvc.DLL
0x00007ffe7eed0000 - 0x00007ffe7eefe000 	C:\WINDOWS\SYSTEM32\USERENV.dll
0x00007ffe7e7a0000 - 0x00007ffe7e80a000 	C:\WINDOWS\SYSTEM32\MSWSOCK.DLL
0x00007ffe81590000 - 0x00007ffe815c0000 	C:\WINDOWS\System32\IMM32.DLL
0x00007ffe7ebc0000 - 0x00007ffe7ebd2000 	C:\WINDOWS\SYSTEM32\MSASN1.dll
0x00007ffe7d880000 - 0x00007ffe7d892000 	C:\WINDOWS\SYSTEM32\kernel.appcore.dll
0x00007ffe31880000 - 0x00007ffe31db3000 	E:\Xilinx_2021\Vivado\2021.2\lib\win64.o\librdi_commontasks.dll
0x00007ffe77850000 - 0x00007ffe7785a000 	C:\WINDOWS\SYSTEM32\VERSION.dll
0x00007ffe0e620000 - 0x00007ffe0f16d000 	E:\Xilinx_2021\Vivado\2021.2\tps\win64\jre11.0.11_9\bin\server\jvm.dll
0x00007ffe35040000 - 0x00007ffe35365a00 	E:\Xilinx_2021\Vivado\2021.2\lib\win64.o\librdi_sio.dll
0x00007ffe7e440000 - 0x00007ffe7e47b000 	C:\WINDOWS\SYSTEM32\IPHLPAPI.DLL
0x00007ffe809c0000 - 0x00007ffe809c8000 	C:\WINDOWS\System32\PSAPI.DLL
0x00007ffe6cda0000 - 0x00007ffe6cdc7000 	C:\WINDOWS\SYSTEM32\WINMM.dll
0x00007ffe637b0000 - 0x00007ffe637c7000 	C:\WINDOWS\system32\napinsp.dll
0x00007ffe637d0000 - 0x00007ffe637eb000 	C:\WINDOWS\system32\pnrpnsp.dll
0x00007ffe789f0000 - 0x00007ffe78a05000 	C:\WINDOWS\system32\wshbth.dll
0x00007ffe7a070000 - 0x00007ffe7a08d000 	C:\WINDOWS\system32\NLAapi.dll
0x00007ffe7e490000 - 0x00007ffe7e55b000 	C:\WINDOWS\SYSTEM32\DNSAPI.dll
0x00007ffe7f940000 - 0x00007ffe7f948000 	C:\WINDOWS\System32\NSI.dll
0x00007ffe654e0000 - 0x00007ffe654f2000 	C:\WINDOWS\System32\winrnr.dll
0x00007ffe7cf90000 - 0x00007ffe7d724000 	C:\WINDOWS\SYSTEM32\windows.storage.dll
0x00007ffe7ea40000 - 0x00007ffe7ea6c000 	C:\WINDOWS\SYSTEM32\Wldp.dll
0x00007ffdffdb0000 - 0x00007ffe029bc000 	E:\Xilinx_2021\Vivado\2021.2\lib\win64.o\librdi_tcltasks.dll
0x00007ffe68260000 - 0x00007ffe682a4000 	E:\Xilinx_2021\Vivado\2021.2\lib\win64.o\libboost_serialization.dll
0x00007ffe21fd0000 - 0x00007ffe22498000 	E:\Xilinx_2021\Vivado\2021.2\lib\win64.o\librdi_bitstream.dll
0x00007ffe32280000 - 0x00007ffe3243d000 	E:\Xilinx_2021\Vivado\2021.2\lib\win64.o\librdi_board.dll
0x00007ffe61060000 - 0x00007ffe610e0000 	E:\Xilinx_2021\Vivado\2021.2\lib\win64.o\librdi_boarddep.dll
0x00007ffe48ff0000 - 0x00007ffe49117000 	E:\Xilinx_2021\Vivado\2021.2\lib\win64.o\librdi_chipscope.dll
0x00007ffe31680000 - 0x00007ffe31877000 	E:\Xilinx_2021\Vivado\2021.2\lib\win64.o\librdi_chipscopeimpl.dll
0x00007ffe39eb0000 - 0x00007ffe3a012000 	E:\Xilinx_2021\Vivado\2021.2\lib\win64.o\librdi_containers.dll
0x00007ffdfbef0000 - 0x00007ffdfde56000 	E:\Xilinx_2021\Vivado\2021.2\lib\win64.o\librdi_constraints.dll
0x00007ffdd8ee0000 - 0x00007ffddb3d2000 	E:\Xilinx_2021\Vivado\2021.2\lib\win64.o\librdi_coregen.dll
0x00007ffddba60000 - 0x00007ffddc180000 	E:\Xilinx_2021\Vivado\2021.2\lib\win64.o\librdi_coregenipxact.dll
0x00007ffdfde60000 - 0x00007ffdffda8000 	E:\Xilinx_2021\Vivado\2021.2\lib\win64.o\librdi_designutils.dll
0x00007ffddc180000 - 0x00007ffdfb842000 	E:\Xilinx_2021\Vivado\2021.2\lib\win64.o\librdi_device.dll
0x00007ffe2cda0000 - 0x00007ffe2d108000 	E:\Xilinx_2021\Vivado\2021.2\lib\win64.o\librdi_dlyest.dll
0x00007ffe3e3a0000 - 0x00007ffe3e455000 	E:\Xilinx_2021\Vivado\2021.2\lib\win64.o\librdi_dsp.dll
0x00007ffdfb850000 - 0x00007ffdfbeee000 	E:\Xilinx_2021\Vivado\2021.2\lib\win64.o\librdi_drc.dll
0x00007ffddb3e0000 - 0x00007ffddba5e000 	E:\Xilinx_2021\Vivado\2021.2\lib\win64.o\librdi_filemgmt.dll
0x00007ffe2d5e0000 - 0x00007ffe2d904000 	E:\Xilinx_2021\Vivado\2021.2\lib\win64.o\librdi_guitools.dll
0x00007ffe5aaa0000 - 0x00007ffe5ab09000 	E:\Xilinx_2021\Vivado\2021.2\lib\win64.o\librdi_hdf.dll
0x00007ffe22720000 - 0x00007ffe229cf000 	E:\Xilinx_2021\Vivado\2021.2\lib\win64.o\librdi_hip_devdesign.dll
0x00007ffdd8170000 - 0x00007ffdd8edb000 	E:\Xilinx_2021\Vivado\2021.2\lib\win64.o\librdi_implflow.dll
0x00007ffe22b90000 - 0x00007ffe22cd7000 	E:\Xilinx_2021\Vivado\2021.2\lib\win64.o\librdi_hip_perf_analysis.dll
0x00007ffe3dc60000 - 0x00007ffe3dd76000 	E:\Xilinx_2021\Vivado\2021.2\lib\win64.o\librdi_ipconfig_readwrite.dll
0x00007ffdd7a70000 - 0x00007ffdd8164000 	E:\Xilinx_2021\Vivado\2021.2\lib\win64.o\librdi_lopt.dll
0x00007ffdd7420000 - 0x00007ffdd7a70000 	E:\Xilinx_2021\Vivado\2021.2\lib\win64.o\librdi_memdata.dll
0x00007ffe4ad20000 - 0x00007ffe4ad93000 	E:\Xilinx_2021\Vivado\2021.2\lib\win64.o\librdi_memoryarray.dll
0x00007ffdd47d0000 - 0x00007ffdd6cdb000 	E:\Xilinx_2021\Vivado\2021.2\lib\win64.o\librdi_mig.dll
0x00007ffdd6ce0000 - 0x00007ffdd741b000 	E:\Xilinx_2021\Vivado\2021.2\lib\win64.o\librdi_netlist.dll
0x00007ffe4abe0000 - 0x00007ffe4ac53000 	E:\Xilinx_2021\Vivado\2021.2\lib\win64.o\librdi_noc_frameworks.dll
0x00007ffe680c0000 - 0x00007ffe68117000 	E:\Xilinx_2021\Vivado\2021.2\lib\win64.o\librdi_pfi.dll
0x00007ffdd1120000 - 0x00007ffdd3f02000 	E:\Xilinx_2021\Vivado\2021.2\lib\win64.o\librdi_place.dll
0x00007ffe20050000 - 0x00007ffe20440000 	E:\Xilinx_2021\Vivado\2021.2\lib\win64.o\librdi_platform.dll
0x00007ffdd3f10000 - 0x00007ffdd47c9000 	E:\Xilinx_2021\Vivado\2021.2\lib\win64.o\librdi_power.dll
0x00007ffdd0a30000 - 0x00007ffdd1113000 	E:\Xilinx_2021\Vivado\2021.2\lib\win64.o\librdi_project.dll
0x00007ffdcfa40000 - 0x00007ffdd016c000 	E:\Xilinx_2021\Vivado\2021.2\lib\win64.o\librdi_psta.dll
0x00007ffdd0170000 - 0x00007ffdd0a2e000 	E:\Xilinx_2021\Vivado\2021.2\lib\win64.o\librdi_rsb.dll
0x00007ffe13320000 - 0x00007ffe1385f000 	E:\Xilinx_2021\Vivado\2021.2\lib\win64.o\librdi_runs.dll
0x00007ffe22600000 - 0x00007ffe22717000 	E:\Xilinx_2021\Vivado\2021.2\lib\win64.o\librdi_runsbase.dll
0x00007ffe0e3a0000 - 0x00007ffe0e61b000 	E:\Xilinx_2021\Vivado\2021.2\lib\win64.o\librdi_simdata.dll
0x00007ffdcdd00000 - 0x00007ffdcedba000 	E:\Xilinx_2021\Vivado\2021.2\lib\win64.o\librdi_timing.dll
0x00007ffe21c60000 - 0x00007ffe21d74000 	E:\Xilinx_2021\Vivado\2021.2\lib\win64.o\librdi_xhub.dll

dbghelp: loaded successfully - version: 4.0.5 - missing functions: none
symbol engine: initialized successfully - sym options: 0x614 - pdb path: .;E:\Xilinx_2021\Vivado\2021.2\bin\unwrapped\win64.o;C:\WINDOWS\SYSTEM32;E:\Xilinx_2021\Vivado\2021.2\lib\win64.o;C:\WINDOWS\WinSxS\amd64_microsoft.windows.common-controls_6595b64144ccf1df_5.82.19041.1110_none_792d1c772443f647;E:\Xilinx_2021\Vivado\2021.2\tps\win64\jre11.0.11_9\bin\server;E:\Xilinx_2021\Vivado\2021.2\tps\win64\python-3.8.3;E:\Xilinx_2021\Vivado\2021.2\tps\win64\jre11.0.11_9\bin;C:\WINDOWS\WinSxS\amd64_microsoft.windows.common-controls_6595b64144ccf1df_6.0.19041.1110_none_60b5254171f9507e

VM Arguments:
jvm_args: -Dsun.java2d.pmoffscreen=false -Dhttps.protocols=TLSv1,TLSv1.1,TLSv1.2 -Dsun.java2d.xrender=false -Dsun.java2d.d3d=false -Dsun.awt.nopixfmt=true -Dsun.java2d.dpiaware=true -Dsun.java2d.uiScale.enabled=false -Xverify:none -Dswing.aatext=true -XX:-UsePerfData -Djdk.map.althashing.threshold=512 -XX:StringTableSize=4072 --add-opens=java.base/java.nio=ALL-UNNAMED --add-opens=java.desktop/sun.swing=ALL-UNNAMED --add-opens=java.desktop/javax.swing=ALL-UNNAMED --add-opens=java.desktop/javax.swing.tree=ALL-UNNAMED --add-opens=java.desktop/javax.swing.plaf.basic=ALL-UNNAMED --add-opens=java.desktop/javax.swing.plaf.synth=ALL-UNNAMED --add-opens=java.desktop/com.sun.awt=ALL-UNNAMED -XX:NewSize=60m -XX:MaxNewSize=60m -Xms256m -Xmx3072m -Xss5m 
java_command: <unknown>
java_class_path (initial): E:/Xilinx_2021/Vivado/2021.2\lib\classes\alloy.jar;E:/Xilinx_2021/Vivado/2021.2\lib\classes\autoesl-models.jar;E:/Xilinx_2021/Vivado/2021.2\lib\classes\batik-anim.jar;E:/Xilinx_2021/Vivado/2021.2\lib\classes\batik-awt-util.jar;E:/Xilinx_2021/Vivado/2021.2\lib\classes\batik-bridge.jar;E:/Xilinx_2021/Vivado/2021.2\lib\classes\batik-codec.jar;E:/Xilinx_2021/Vivado/2021.2\lib\classes\batik-css.jar;E:/Xilinx_2021/Vivado/2021.2\lib\classes\batik-dom.jar;E:/Xilinx_2021/Vivado/2021.2\lib\classes\batik-ext.jar;E:/Xilinx_2021/Vivado/2021.2\lib\classes\batik-gui-util.jar;E:/Xilinx_2021/Vivado/2021.2\lib\classes\batik-gvt.jar;E:/Xilinx_2021/Vivado/2021.2\lib\classes\batik-parser.jar;E:/Xilinx_2021/Vivado/2021.2\lib\classes\batik-script.jar;E:/Xilinx_2021/Vivado/2021.2\lib\classes\batik-svg-dom.jar;E:/Xilinx_2021/Vivado/2021.2\lib\classes\batik-svggen.jar;E:/Xilinx_2021/Vivado/2021.2\lib\classes\batik-swing.jar;E:/Xilinx_2021/Vivado/2021.2\lib\classes\batik-transcoder.jar;E:/Xilinx_2021/Vivado/2021.2\lib\classes\batik-util.jar;E:/Xilinx_2021/Vivado/2021.2\lib\classes\batik-xml.jar;E:/Xilinx_2021/Vivado/2021.2\lib\classes\com.google.gson_2.8.2.v20180104-1110.jar;E:/Xilinx_2021/Vivado/2021.2\lib\classes\com.google.guava_27.1.0.v20190517-1946.jar;E:/Xilinx_2021/Vivado/2021.2\lib\classes\com.sigasi.hdt.connection_4.11.0.202105170810.jar;E:/Xilinx_2021/Vivado/2021.2\lib\classes\com.sigasi.hdt.epl_4.11.0.202105170810.jar;E:/Xilinx_2021/Vivado/2021.2\lib\classes\com.sigasi.hdt.project_4.11.0.202105170810.jar;E:/Xilinx_2021/Vivado/2021.2\lib\classes\com.sigasi.hdt.readonlyfilesystem_4.11.0.202105170810.jar;E:/Xilinx_2021/Vivado/2021.2\lib\classes\com.sigasi.hdt.shared_4.11.0.202105170810.jar;E:/Xilinx_2021/Vivado/2021.2\lib\classes\com.sigasi.lcm_4.11.0.202105170810.jar;E:/Xilinx_2021/Vivado/2021.2\lib\classes\com.sigasi.sdk.client_4.11.0.202105170810.jar;E:/Xilinx_2021/Vivado/2021.2\lib\classes\commons-collections4-4.1.jar;E:/Xilinx_2021/Vivado/2021.2\lib\c
Launcher Type: generic

[Global flags]
     bool BytecodeVerificationLocal                = false                                     {product} {command line}
     bool BytecodeVerificationRemote               = false                                     {product} {command line}
     intx CICompilerCount                          = 4                                         {product} {ergonomic}
     uint ConcGCThreads                            = 2                                         {product} {ergonomic}
     uint G1ConcRefinementThreads                  = 8                                         {product} {ergonomic}
   size_t G1HeapRegionSize                         = 1048576                                   {product} {ergonomic}
    uintx GCDrainStackTargetSize                   = 64                                        {product} {ergonomic}
   size_t InitialHeapSize                          = 268435456                                 {product} {command line}
   size_t MarkStackSize                            = 4194304                                   {product} {ergonomic}
   size_t MaxHeapSize                              = 3221225472                                {product} {command line}
   size_t MaxNewSize                               = 62914560                                  {product} {command line}
   size_t MinHeapDeltaBytes                        = 1048576                                   {product} {ergonomic}
   size_t NewSize                                  = 62914560                                  {product} {command line}
    uintx NonNMethodCodeHeapSize                   = 5836300                                {pd product} {ergonomic}
    uintx NonProfiledCodeHeapSize                  = 122910970                              {pd product} {ergonomic}
    uintx ProfiledCodeHeapSize                     = 122910970                              {pd product} {ergonomic}
    uintx ReservedCodeCacheSize                    = 251658240                              {pd product} {ergonomic}
     bool SegmentedCodeCache                       = true                                      {product} {ergonomic}
    uintx StringTableSize                          = 4072                                      {product} {command line}
     intx ThreadStackSize                          = 5120                                   {pd product} {command line}
     bool UseCompressedClassPointers               = true                                 {lp64_product} {ergonomic}
     bool UseCompressedOops                        = true                                 {lp64_product} {ergonomic}
     bool UseG1GC                                  = true                                      {product} {ergonomic}
     bool UseLargePagesIndividualAllocation        = false                                  {pd product} {ergonomic}
     bool UsePerfData                              = false                                     {product} {command line}

Logging:
Log output configuration:
 #0: stdout all=warning uptime,level,tags
 #1: stderr all=off uptime,level,tags

Environment Variables:
JAVA_HOME=C:\Program Files\Eclipse Foundation\jdk-16.0.2.7-hotspot
PATH=E:/Xilinx_2021/Vivado/2021.2/bin;E:/Xilinx_2021/Vivado/2021.2/tps/win64/javafx-sdk-11.0.2/lib;E:/Xilinx_2021/Vivado/2021.2/tps/win64/javafx-sdk-11.0.2/bin;E:/Xilinx_2021/Vivado/2021.2/lib/win64.o;E:/Xilinx_2021/Vivado/2021.2/tps/win64/jre11.0.11_9/bin/server;E:/Xilinx_2021/Vivado/2021.2/tps/win64/jre11.0.11_9/bin;E:/Xilinx_2021/Vivado/2021.2/ids_lite/ISE/bin/nt64;E:/Xilinx_2021/Vivado/2021.2/ids_lite/ISE/lib/nt64;E:/Xilinx_2021/Vitis_HLS/2021.2/bin;C:\Program Files\Eclipse Foundation\jdk-16.0.2.7-hotspot\bin;C:\Program Files (x86)\Common Files\Oracle\Java\javapath;C:\Windows\system32;C:\Windows;C:\Windows\System32\Wbem;C:\Windows\System32\WindowsPowerShell\v1.0\;C:\Windows\System32\OpenSSH\;C:\Program Files\Java\jdk-12.0.2;C:\Program Files (x86)\Windows Kits\8.1\Windows Performance Toolkit\;C:\Program Files\nodejs\;C:\Program Files\PuTTY\;C:\Program Files\Microsoft SQL Server\Client SDK\ODBC\110\Tools\Binn\;C:\Program Files (x86)\Microsoft SQL Server\120\Tools\Binn\;C:\Program Files\Microsoft SQL Server\120\Tools\Binn\;C:\Program Files\Microsoft SQL Server\120\DTS\Binn\;C:\Program Files (x86)\NVIDIA Corporation\PhysX\Common;C:\Program Files (x86)\Calibre2\;C:\Program Files (x86)\ZeroTier\One\;E:\remoteit\resources\x64;C:\Program Files\NVIDIA Corporation\NVIDIA NvDLISR;E:\matlab\bin;C:\Program Files\Cloudflare\Cloudflare WARP\;C:\Program Files\dotnet\;C:\Users\Kyouma48596\AppData\Local\ActiveState\StateTool\release;C:\Users\Kyouma48596\AppData\Local\activestate\cache\bin;C:\Users\Kyouma48596\AppData\Local\Microsoft\WindowsApps;C:\Mingw-w64\mingw32\bin;D:\texlive\2019\bin\win32;C:\Users\Kyouma48596\AppData\Roaming\npm;C:\Program Files\JetBrains\PyCharm Community Edition 2019.2.5\bin;C:\iverilog\bin;C:\iverilog\gtkwave\bin;C:\Users\Kyouma48596\AppData\Local\GitHubDesktop\bin;C:\Users\Kyouma48596\AppData\Roaming\Python\Python37\Scripts;d:\modelsim\win32pe_edu;D:\intelFPGA\20.1\modelsim_ase\win32aloem;D:\intelFPGA_lite\20.1\modelsim_ase\win32aloem;C:\Users\Kyouma48596\
USERNAME=Kyouma48596
OS=Windows_NT
PROCESSOR_IDENTIFIER=Intel64 Family 6 Model 94 Stepping 3, GenuineIntel



---------------  S Y S T E M  ---------------

OS: Windows 10 , 64 bit Build 19041 (10.0.19041.1645)
OS uptime: 4 days 12:37 hours

CPU:total 8 (initial active 8) (4 cores per cpu, 2 threads per core) family 6 model 94 stepping 3 microcode 0xcc, cmov, cx8, fxsr, mmx, sse, sse2, sse3, ssse3, sse4.1, sse4.2, popcnt, avx, avx2, aes, clmul, erms, rtm, 3dnowpref, lzcnt, ht, tsc, tscinvbit, bmi1, bmi2, adx, fma

Memory: 4k page, system-wide physical 8064M (568M free)
TotalPageFile size 15232M (AvailPageFile size 2660M)
current process WorkingSet (physical memory assigned to process): 682M, peak: 716M
current process commit charge ("private bytes"): 949M, peak: 1643M

vm_info: OpenJDK 64-Bit Server VM (11.0.11+9) for windows-amd64 JRE (11.0.11+9), built on Apr  9 2021 19:32:08 by "" with MS VC++ 15.5 (VS2017)

END.
