#
# A fatal error has been detected by the Java Runtime Environment:
#
#  EXCEPTION_ACCESS_VIOLATION (0xc0000005) at pc=0x00007ffdcb98375f, pid=21304, tid=21184
#
# JRE version: OpenJDK Runtime Environment 18.9 (11.0.11+9) (build 11.0.11+9)
# Java VM: OpenJDK 64-Bit Server VM 18.9 (11.0.11+9, mixed mode, tiered, compressed oops, g1 gc, windows-amd64)
# Problematic frame:
# C  0x00007ffdcb98375f
#
# No core dump will be written. Minidumps are not enabled by default on client versions of Windows
#
# If you would like to submit a bug report, please visit:
#   https://bugreport.java.com/bugreport/crash.jsp
# The crash happened outside the Java Virtual Machine in native code.
# See problematic frame for where to report the bug.
#

---------------  S U M M A R Y ------------

Command Line: -Dsun.java2d.pmoffscreen=false -Dhttps.protocols=TLSv1,TLSv1.1,TLSv1.2 -Dsun.java2d.xrender=false -Dsun.java2d.d3d=false -Dsun.awt.nopixfmt=true -Dsun.java2d.dpiaware=true -Dsun.java2d.uiScale.enabled=false -Xverify:none -Dswing.aatext=true -XX:-UsePerfData -Djdk.map.althashing.threshold=512 -XX:StringTableSize=4072 --add-opens=java.base/java.nio=ALL-UNNAMED --add-opens=java.desktop/sun.swing=ALL-UNNAMED --add-opens=java.desktop/javax.swing=ALL-UNNAMED --add-opens=java.desktop/javax.swing.tree=ALL-UNNAMED --add-opens=java.desktop/javax.swing.plaf.basic=ALL-UNNAMED --add-opens=java.desktop/javax.swing.plaf.synth=ALL-UNNAMED --add-opens=java.desktop/com.sun.awt=ALL-UNNAMED -XX:NewSize=60m -XX:MaxNewSize=60m -Xms256m -Xmx3072m -Xss5m 

Host: Intel(R) Core(TM) i7-6700HQ CPU @ 2.60GHz, 8 cores, 7G,  Windows 10 , 64 bit Build 19041 (10.0.19041.1645)
Time: Mon Apr 25 22:15:45 2022 India Standard Time elapsed time: 170.913769 seconds (0d 0h 2m 50s)

---------------  T H R E A D  ---------------

Current thread (0x000001cd038fb800):  JavaThread "AWT-EventQueue-0" [_thread_in_native, id=21184, stack(0x0000008aec000000,0x0000008aec500000)]

Stack: [0x0000008aec000000,0x0000008aec500000],  sp=0x0000008aec4fbd40,  free space=5103k
Native frames: (J=compiled Java code, j=interpreted, Vv=VM code, C=native code)
C  0x00007ffdcb98375f
C  0x00007ffdcb983282
C  0x00007ffdcb983b9c
C  0x00007ffdcb933c25
C  [librdi_simdata.dll+0x63015]
C  [librdi_simdata.dll+0x69336]
C  [librdi_simdata.dll+0x691ee]
C  [librdi_simdata.dll+0x9b583]
C  0x000001cd3ed8f377

Java frames: (J=compiled Java code, j=interpreted, Vv=VM code)
j  ui.views.simulator.executive.simulationi.SimulationExecutive_getLocalsData(JLjava/lang/String;)Ljava/lang/String;+0
j  ui.views.N.c.a.kBT()Lui/data/simulation/executive/protobuf/RSDHierarchy$RSDObjectTreeMessage;+6
j  ui.views.N.a.n.a(Lcom/jidesoft/grid/ExpandableRow;Lui/data/simulation/executive/protobuf/RSDHierarchy$RSDObjectNode;)V+11
j  ui.views.N.a.n.reset()V+16
j  ui.views.N.a.l.reset()V+30
j  ui.views.N.a.k.reset()V+7
j  ui.views.N.a.q.kBi()V+4
j  ui.views.N.a.q.handleTclEvent(Lui/frmwork/a/l;)V+57
J 12616 c1 ui.frmwork.a.o.c(Lui/frmwork/a/l;)V (61 bytes) @ 0x000001cd3f7ed20c [0x000001cd3f7ec860+0x00000000000009ac]
J 12591 c1 ui.frmwork.E.i(JZ)V (471 bytes) @ 0x000001cd41216444 [0x000001cd412122c0+0x0000000000004184]
j  ui.frmwork.E.dY(J)V+3
j  ui.frmwork.E$$Lambda$202.run()V+8
J 12477 c2 java.awt.EventQueue$4.run()Ljava/lang/Object; java.desktop@11.0.11 (5 bytes) @ 0x000001cd47284304 [0x000001cd47284000+0x0000000000000304]
v  ~StubRoutines::call_stub
J 3501  java.security.AccessController.doPrivileged(Ljava/security/PrivilegedAction;Ljava/security/AccessControlContext;)Ljava/lang/Object; java.base@11.0.11 (0 bytes) @ 0x000001cd46a23eb6 [0x000001cd46a23e40+0x0000000000000076]
J 12457 c2 java.awt.EventQueue.dispatchEvent(Ljava/awt/AWTEvent;)V java.desktop@11.0.11 (80 bytes) @ 0x000001cd47271ad8 [0x000001cd47271540+0x0000000000000598]
J 12462 c2 java.awt.EventDispatchThread.pumpOneEventForFilters(I)V java.desktop@11.0.11 (113 bytes) @ 0x000001cd47277ef0 [0x000001cd47277ce0+0x0000000000000210]
j  java.awt.EventDispatchThread.pumpEventsForFilter(ILjava/awt/Conditional;Ljava/awt/EventFilter;)V+35 java.desktop@11.0.11
j  java.awt.EventDispatchThread.pumpEventsForHierarchy(ILjava/awt/Conditional;Ljava/awt/Component;)V+11 java.desktop@11.0.11
j  java.awt.EventDispatchThread.pumpEvents(ILjava/awt/Conditional;)V+4 java.desktop@11.0.11
j  java.awt.EventDispatchThread.pumpEvents(Ljava/awt/Conditional;)V+3 java.desktop@11.0.11
j  java.awt.EventDispatchThread.run()V+9 java.desktop@11.0.11
v  ~StubRoutines::call_stub

siginfo: EXCEPTION_ACCESS_VIOLATION (0xc0000005), reading address 0x0000000000000008


Register to memory mapping:

RIP=0x00007ffdcb98375f points into unknown readable memory: 48
RAX=0x0000000000010021 is an unknown value
RBX=0x0 is NULL
RCX=0x000001cd0c6d6be0 points into unknown readable memory: 0x00007ffdcbcb3520 | 20 35 cb cb fd 7f 00 00
RDX=0x00007ffdcbcb3520 points into unknown readable memory: 0x00007ffdcb9c9a90 | 90 9a 9c cb fd 7f 00 00
RSP=0x0000008aec4fbd40 is pointing into the stack for thread: 0x000001cd038fb800
RBP=0x0000008aec4fbe40 is pointing into the stack for thread: 0x000001cd038fb800
RSI=0x000001cd1572bd08 points into unknown readable memory: 0x0000000000000000 | 00 00 00 00 00 00 00 00
RDI=0x0 is NULL
R8 =0x000001cd0c6d6be0 points into unknown readable memory: 0x00007ffdcbcb3520 | 20 35 cb cb fd 7f 00 00
R9 =0x000001cd05b1e9ec points into unknown readable memory: 1f 00 00 00
R10=0x0000000000000003 is an unknown value
R11=0x0000008aec4fbe50 is pointing into the stack for thread: 0x000001cd038fb800
R12=0x0000008aec4fc088 is pointing into the stack for thread: 0x000001cd038fb800
R13=0x000001cd05b1e9ec points into unknown readable memory: 1f 00 00 00
R14=0x000001cd0c6d6be0 points into unknown readable memory: 0x00007ffdcbcb3520 | 20 35 cb cb fd 7f 00 00
R15=0x0000008aec4fc078 is pointing into the stack for thread: 0x000001cd038fb800


Registers:
RAX=0x0000000000010021, RBX=0x0000000000000000, RCX=0x000001cd0c6d6be0, RDX=0x00007ffdcbcb3520
RSP=0x0000008aec4fbd40, RBP=0x0000008aec4fbe40, RSI=0x000001cd1572bd08, RDI=0x0000000000000000
R8 =0x000001cd0c6d6be0, R9 =0x000001cd05b1e9ec, R10=0x0000000000000003, R11=0x0000008aec4fbe50
R12=0x0000008aec4fc088, R13=0x000001cd05b1e9ec, R14=0x000001cd0c6d6be0, R15=0x0000008aec4fc078
RIP=0x00007ffdcb98375f, EFLAGS=0x0000000000010246

Top of Stack: (sp=0x0000008aec4fbd40)
0x0000008aec4fbd40:   000001cd11cb0880 0000000000000000
0x0000008aec4fbd50:   000001cd11cb0b80 0000000000000000
0x0000008aec4fbd60:   000001cd14e9c068 000001cd132f37b0
0x0000008aec4fbd70:   000001cd02e900b0 00007ffe818d47b1
0x0000008aec4fbd80:   000001cdfffffeea 000001cd666e0000
0x0000008aec4fbd90:   0000000000000000 0000000000000000
0x0000008aec4fbda0:   0000000000000000 0000000000000000
0x0000008aec4fbdb0:   000001cd132e3140 000001cd0b23e214
0x0000008aec4fbdc0:   0000008aec4fc1c0 0000008aec4fc078
0x0000008aec4fbdd0:   000001cd0c6d6be0 0000008aec4fbea0
0x0000008aec4fbde0:   0000000000000000 00007ffd00000000
0x0000008aec4fbdf0:   000001cd05b1e9ec 000001cd6eaca1e8
0x0000008aec4fbe00:   000001cd1572bd08 000001cd132f37b0
0x0000008aec4fbe10:   0000000000000000 0000008aec4fc088
0x0000008aec4fbe20:   0000000000000000 000001cd66623480
0x0000008aec4fbe30:   fffffffffffffffe 000001cd02e900b0 

Instructions: (pc=0x00007ffdcb98375f)
0x00007ffdcb98365f:   4c 24 60 eb 21 8b 54 24 60 49 03 d0 48 8b c2 48
0x00007ffdcb98366f:   c1 e8 05 8d 0c c5 00 00 00 00 48 01 4c 24 58 83
0x00007ffdcb98367f:   e2 1f 89 54 24 60 48 83 ee 10 49 83 ec 08 83 ef
0x00007ffdcb98368f:   01 0f 89 7a fe ff ff 4c 8b 75 90 4c 8b 65 c8 48
0x00007ffdcb98369f:   8b 45 c0 48 89 44 24 38 0f b6 85 08 02 00 00 88
0x00007ffdcb9836af:   44 24 30 4c 89 74 24 28 c6 44 24 20 00 4c 8b 4d
0x00007ffdcb9836bf:   80 44 8b 45 d0 49 8b d4 48 8b 4c 24 78 e8 2f 28
0x00007ffdcb9836cf:   00 00 8b 44 24 60 48 8b 4d 88 2b 41 08 83 c0 07
0x00007ffdcb9836df:   c1 e8 03 2b 01 03 44 24 58 48 8b 4d d8 89 01 41
0x00007ffdcb9836ef:   83 7f 58 01 74 0e 83 c0 07 99 83 e2 07 03 c2 83
0x00007ffdcb9836ff:   e0 f8 89 01 48 8b 4c 24 70 48 85 c9 74 2c 48 8d
0x00007ffdcb98370f:   59 f8 4c 8d 0d 98 29 fa ff 4c 8b 03 ba 10 00 00
0x00007ffdcb98371f:   00 e8 4f 7f 23 00 48 8b 13 48 c1 e2 04 48 83 c2
0x00007ffdcb98372f:   08 48 8b cb e8 0c 80 23 00 90 49 8b cc e8 af 76
0x00007ffdcb98373f:   23 00 e9 18 16 00 00 49 8b 06 49 8b ce ff 50 20
0x00007ffdcb98374f:   25 21 00 01 00 3d 21 00 01 00 0f 85 62 09 00 00
0x00007ffdcb98375f:   48 8b 5b 08 48 89 5d f8 48 8b 03 33 d2 48 8b cb
0x00007ffdcb98376f:   ff 90 d0 00 00 00 48 89 45 b0 4c 8b 03 33 d2 48
0x00007ffdcb98377f:   8b cb 41 ff 90 d0 00 00 00 48 8b 50 08 48 89 55
0x00007ffdcb98378f:   88 49 8b 0f 40 84 ff 0f 85 8a 00 00 00 66 0f 6f
0x00007ffdcb98379f:   05 9c ec 30 00 f3 0f 7f 45 48 40 88 7d 38 41 b8
0x00007ffdcb9837af:   05 00 00 00 48 8d 15 d6 70 32 00 48 8d 4d 38 e8
0x00007ffdcb9837bf:   dd 34 f3 ff 90 48 8d 55 38 48 83 7d 50 10 48 0f
0x00007ffdcb9837cf:   43 55 38 45 33 c0 48 8b ce e8 d3 33 00 00 41 83
0x00007ffdcb9837df:   04 24 08 48 8b 55 50 48 83 fa 10 0f 82 6e 15 00
0x00007ffdcb9837ef:   00 48 ff c2 48 8b 4d 38 48 8b c1 48 81 fa 00 10
0x00007ffdcb9837ff:   00 00 72 19 48 83 c2 27 48 8b 49 f8 48 2b c1 48
0x00007ffdcb98380f:   83 c0 f8 48 83 f8 1f 0f 87 16 02 00 00 e8 bf 75
0x00007ffdcb98381f:   23 00 e9 38 15 00 00 0f b6 01 84 c0 75 2f 41 c7
0x00007ffdcb98382f:   04 24 01 00 00 00 b9 05 00 00 00 e8 a9 75 23 00
0x00007ffdcb98383f:   c7 00 6e 75 6c 6c c6 40 04 00 45 33 c0 48 8b d0
0x00007ffdcb98384f:   48 8b ce e8 59 ac ff ff e9 02 15 00 00 3c 02 75 


Stack slot to memory mapping:
stack at sp + 0 slots: 0x000001cd11cb0880 points into unknown readable memory: 0x00007ffdcbcb3668 | 68 36 cb cb fd 7f 00 00
stack at sp + 1 slots: 0x0 is NULL
stack at sp + 2 slots: 0x000001cd11cb0b80 points into unknown readable memory: 0x00007ffdcbcb3668 | 68 36 cb cb fd 7f 00 00
stack at sp + 3 slots: 0x0 is NULL
stack at sp + 4 slots: 0x000001cd14e9c068 points into unknown readable memory: 0x0000000000000000 | 00 00 00 00 00 00 00 00
stack at sp + 5 slots: 0x000001cd132f37b0 points into unknown readable memory: 0x00007ffdcbcac3c0 | c0 c3 ca cb fd 7f 00 00
stack at sp + 6 slots: 0x000001cd02e900b0 points into unknown readable memory: 0x000001cd00000001 | 01 00 00 00 cd 01 00 00
stack at sp + 7 slots: 0x00007ffe818d47b1 ntdll.dll


---------------  P R O C E S S  ---------------

Threads class SMR info:
_java_thread_list=0x000001cd0886a5b0, length=33, elements={
0x000001cd703ec000, 0x000001cd6cb11800, 0x000001cd72158000, 0x000001cd667b4800,
0x000001cd6ca56000, 0x000001cd6ca57000, 0x000001cd6c925800, 0x000001cd68ff4800,
0x000001cd69e92800, 0x000001cd6ee27000, 0x000001cd537ea000, 0x000001cd53bdc000,
0x000001cd034e5800, 0x000001cd03e57800, 0x000001cd038fb800, 0x000001cd043d7800,
0x000001cd024aa800, 0x000001cd024ad000, 0x000001cd024a8000, 0x000001cd024ae000,
0x000001cd024af000, 0x000001cd024a9000, 0x000001cd024ab800, 0x000001cd10497800,
0x000001cd1049a000, 0x000001cd10494800, 0x000001cd1049b000, 0x000001cd10496800,
0x000001cd10498800, 0x000001cd10499000, 0x000001cd024ac800, 0x000001cd12e45800,
0x000001cd12e4a000
}

Java Threads: ( => current thread )
  0x000001cd703ec000 JavaThread "main" [_thread_blocked, id=16284, stack(0x0000008ae7200000,0x0000008ae7300000)]
  0x000001cd6cb11800 JavaThread "Reference Handler" daemon [_thread_blocked, id=7128, stack(0x0000008ae7900000,0x0000008ae7e00000)]
  0x000001cd72158000 JavaThread "Finalizer" daemon [_thread_blocked, id=13332, stack(0x0000008ae7e00000,0x0000008ae8300000)]
  0x000001cd667b4800 JavaThread "Signal Dispatcher" daemon [_thread_blocked, id=20732, stack(0x0000008ae8300000,0x0000008ae8800000)]
  0x000001cd6ca56000 JavaThread "Attach Listener" daemon [_thread_blocked, id=12100, stack(0x0000008ae8800000,0x0000008ae8d00000)]
  0x000001cd6ca57000 JavaThread "Service Thread" daemon [_thread_blocked, id=5236, stack(0x0000008ae8d00000,0x0000008ae9200000)]
  0x000001cd6c925800 JavaThread "C2 CompilerThread0" daemon [_thread_blocked, id=4960, stack(0x0000008ae9200000,0x0000008ae9300000)]
  0x000001cd68ff4800 JavaThread "C1 CompilerThread0" daemon [_thread_blocked, id=20428, stack(0x0000008ae9300000,0x0000008ae9400000)]
  0x000001cd69e92800 JavaThread "Sweeper thread" daemon [_thread_blocked, id=14356, stack(0x0000008ae9400000,0x0000008ae9900000)]
  0x000001cd6ee27000 JavaThread "Common-Cleaner" daemon [_thread_blocked, id=6800, stack(0x0000008ae9900000,0x0000008ae9e00000)]
  0x000001cd537ea000 JavaThread "Java2D Disposer" daemon [_thread_blocked, id=13860, stack(0x0000008aea000000,0x0000008aea500000)]
  0x000001cd53bdc000 JavaThread "AWT-Windows" daemon [_thread_in_native, id=20532, stack(0x0000008aeaa00000,0x0000008aeaf00000)]
  0x000001cd034e5800 JavaThread "TimerQueue" daemon [_thread_blocked, id=1048, stack(0x0000008aeb600000,0x0000008aebb00000)]
  0x000001cd03e57800 JavaThread "AWT-Shutdown" [_thread_blocked, id=1320, stack(0x0000008aea500000,0x0000008aeaa00000)]
=>0x000001cd038fb800 JavaThread "AWT-EventQueue-0" [_thread_in_native, id=21184, stack(0x0000008aec000000,0x0000008aec500000)]
  0x000001cd043d7800 JavaThread "Thread-1" [_thread_in_native, id=16516, stack(0x0000008ae5b00000,0x0000008ae6f00000)]
  0x000001cd024aa800 JavaThread "Process Messages Thread" [_thread_blocked, id=20816, stack(0x0000008aecc00000,0x0000008aed100000)]
  0x000001cd024ad000 JavaThread "Batik CleanerThread" daemon [_thread_blocked, id=12072, stack(0x0000008aec500000,0x0000008aeca00000)]
  0x000001cd024a8000 JavaThread "SyntheticaCleanerThread" daemon [_thread_blocked, id=21224, stack(0x0000008aed600000,0x0000008aedb00000)]
  0x000001cd024ae000 JavaThread "Monitor HEventQueue Thread" [_thread_blocked, id=16016, stack(0x0000008aee300000,0x0000008aee800000)]
  0x000001cd024af000 JavaThread "SyntheticaAnimation 50" daemon [_thread_blocked, id=5980, stack(0x0000008aee800000,0x0000008aeed00000)]
  0x000001cd024a9000 JavaThread "SyntheticaAnimation 25" daemon [_thread_blocked, id=17816, stack(0x0000008aeee00000,0x0000008aef300000)]
  0x000001cd024ab800 JavaThread "SyntheticaAnimation 70" daemon [_thread_blocked, id=9680, stack(0x0000008aedb00000,0x0000008aee000000)]
  0x000001cd10497800 JavaThread "Refresh Filesets Swing Worker Thread" [_thread_blocked, id=10768, stack(0x0000008aef300000,0x0000008aef800000)]
  0x000001cd1049a000 JavaThread "Image Fetcher 3" daemon [_thread_blocked, id=12788, stack(0x0000008aed100000,0x0000008aed600000)]
  0x000001cd10494800 JavaThread "hw_ila_monitor" [_thread_blocked, id=14960, stack(0x0000008aef800000,0x0000008aefd00000)]
  0x000001cd1049b000 JavaThread "pool-1-thread-1" [_thread_blocked, id=20300, stack(0x0000008af0200000,0x0000008af0700000)]
  0x000001cd10496800 JavaThread "pool-2-thread-1" [_thread_blocked, id=10336, stack(0x0000008af0700000,0x0000008af0c00000)]
  0x000001cd10498800 JavaThread "pool-3-thread-1" [_thread_blocked, id=4760, stack(0x0000008af0c00000,0x0000008af1100000)]
  0x000001cd10499000 JavaThread "Update Runs Swing Worker Thread" [_thread_blocked, id=7200, stack(0x0000008af1100000,0x0000008af1600000)]
  0x000001cd024ac800 JavaThread "SyntheticaAnimation 50" daemon [_thread_blocked, id=4364, stack(0x0000008af1600000,0x0000008af1b00000)]
  0x000001cd12e45800 JavaThread "Run Simulation Thread" [_thread_blocked, id=9008, stack(0x0000008af1d00000,0x0000008af2200000)]
  0x000001cd12e4a000 JavaThread "Image Fetcher 0" daemon [_thread_blocked, id=3008, stack(0x0000008af2200000,0x0000008af2700000)]

Other Threads:
  0x000001cd6cb10800 VMThread "VM Thread" [stack: 0x0000008ae7800000,0x0000008ae7900000] [id=16464]
  0x000001cd6ee28000 WatcherThread [stack: 0x0000008ae9e00000,0x0000008ae9f00000] [id=3960]
  0x000001cd69fa9000 GCTaskThread "GC Thread#0" [stack: 0x0000008ae7300000,0x0000008ae7400000] [id=9696]
  0x000001cd54374000 GCTaskThread "GC Thread#1" [stack: 0x0000008aeb000000,0x0000008aeb100000] [id=18608]
  0x000001cd54378000 GCTaskThread "GC Thread#2" [stack: 0x0000008aeb100000,0x0000008aeb200000] [id=15192]
  0x000001cd54372000 GCTaskThread "GC Thread#3" [stack: 0x0000008aeb200000,0x0000008aeb300000] [id=6828]
  0x000001cd54377000 GCTaskThread "GC Thread#4" [stack: 0x0000008aeb300000,0x0000008aeb400000] [id=7652]
  0x000001cd54372800 GCTaskThread "GC Thread#5" [stack: 0x0000008aeb400000,0x0000008aeb500000] [id=14528]
  0x000001cd54376800 GCTaskThread "GC Thread#6" [stack: 0x0000008ae7100000,0x0000008ae7200000] [id=14028]
  0x000001cd54373800 GCTaskThread "GC Thread#7" [stack: 0x0000008aeca00000,0x0000008aecb00000] [id=16188]
  0x000001cd70fc9800 ConcurrentGCThread "G1 Main Marker" [stack: 0x0000008ae7400000,0x0000008ae7500000] [id=11240]
  0x000001cd70fca000 ConcurrentGCThread "G1 Conc#0" [stack: 0x0000008ae7500000,0x0000008ae7600000] [id=12396]
  0x000001cd54371800 ConcurrentGCThread "G1 Conc#1" [stack: 0x0000008aecb00000,0x0000008aecc00000] [id=10584]
  0x000001cd71ed7800 ConcurrentGCThread "G1 Refine#0" [stack: 0x0000008ae7600000,0x0000008ae7700000] [id=11260]
  0x000001cd03435000 ConcurrentGCThread "G1 Refine#1" [stack: 0x0000008aeb500000,0x0000008aeb600000] [id=14760]
  0x000001cd0872b800 ConcurrentGCThread "G1 Refine#2" [stack: 0x0000008aeed00000,0x0000008aeee00000] [id=13168]
  0x000001cd71ed8000 ConcurrentGCThread "G1 Young RemSet Sampling" [stack: 0x0000008ae7700000,0x0000008ae7800000] [id=17160]

Threads with active compile tasks:

VM state:not at safepoint (normal execution)

VM Mutex/Monitor currently owned by a thread: None

Heap address: 0x0000000740000000, size: 3072 MB, Compressed Oops mode: Zero based, Oop shift amount: 3
Narrow klass base: 0x0000000800000000, Narrow klass shift: 0
Compressed class space size: 1073741824 Address: 0x0000000800000000

Heap:
 garbage-first heap   total 262144K, used 81061K [0x0000000740000000, 0x0000000800000000)
  region size 1024K, 18 young (18432K), 8 survivors (8192K)
 Metaspace       used 81889K, capacity 83931K, committed 83992K, reserved 1122304K
  class space    used 10969K, capacity 11886K, committed 11936K, reserved 1048576K
Heap Regions: E=young(eden), S=young(survivor), O=old, HS=humongous(starts), HC=humongous(continues), CS=collection set, F=free, A=archive, TAMS=top-at-mark-start (previous, next)
|   0|0x0000000740000000, 0x0000000740100000, 0x0000000740100000|100%|HS|  |TAMS 0x0000000740000000, 0x0000000740000000| Untracked 
|   1|0x0000000740100000, 0x0000000740200000, 0x0000000740200000|100%|HC|  |TAMS 0x0000000740100000, 0x0000000740100000| Untracked 
|   2|0x0000000740200000, 0x0000000740300000, 0x0000000740300000|100%|HS|  |TAMS 0x0000000740200000, 0x0000000740200000| Untracked 
|   3|0x0000000740300000, 0x0000000740400000, 0x0000000740400000|100%| O|  |TAMS 0x0000000740300000, 0x0000000740300000| Untracked 
|   4|0x0000000740400000, 0x00000007404ffff8, 0x0000000740500000| 99%| O|  |TAMS 0x0000000740400000, 0x0000000740400000| Untracked 
|   5|0x0000000740500000, 0x00000007405fffd0, 0x0000000740600000| 99%| O|  |TAMS 0x0000000740500000, 0x0000000740500000| Untracked 
|   6|0x0000000740600000, 0x0000000740700000, 0x0000000740700000|100%| O|  |TAMS 0x0000000740600000, 0x0000000740600000| Untracked 
|   7|0x0000000740700000, 0x00000007407f1f30, 0x0000000740800000| 94%| O|  |TAMS 0x0000000740700000, 0x0000000740700000| Untracked 
|   8|0x0000000740800000, 0x00000007408ffff0, 0x0000000740900000| 99%| O|  |TAMS 0x0000000740800000, 0x0000000740800000| Untracked 
|   9|0x0000000740900000, 0x00000007409ffff8, 0x0000000740a00000| 99%| O|  |TAMS 0x0000000740900000, 0x0000000740900000| Untracked 
|  10|0x0000000740a00000, 0x0000000740afc6e8, 0x0000000740b00000| 98%| O|  |TAMS 0x0000000740a00000, 0x0000000740a00000| Untracked 
|  11|0x0000000740b00000, 0x0000000740bff9f0, 0x0000000740c00000| 99%| O|  |TAMS 0x0000000740b00000, 0x0000000740b00000| Untracked 
|  12|0x0000000740c00000, 0x0000000740cfffd0, 0x0000000740d00000| 99%| O|  |TAMS 0x0000000740c00000, 0x0000000740c00000| Untracked 
|  13|0x0000000740d00000, 0x0000000740dfffe8, 0x0000000740e00000| 99%| O|  |TAMS 0x0000000740d00000, 0x0000000740d00000| Untracked 
|  14|0x0000000740e00000, 0x0000000740effff0, 0x0000000740f00000| 99%| O|  |TAMS 0x0000000740e00000, 0x0000000740e00000| Untracked 
|  15|0x0000000740f00000, 0x0000000740ffff90, 0x0000000741000000| 99%| O|  |TAMS 0x0000000740f00000, 0x0000000740f00000| Untracked 
|  16|0x0000000741000000, 0x00000007410ffff8, 0x0000000741100000| 99%| O|  |TAMS 0x0000000741000000, 0x0000000741000000| Untracked 
|  17|0x0000000741100000, 0x00000007411ffff8, 0x0000000741200000| 99%| O|  |TAMS 0x0000000741100000, 0x0000000741100000| Untracked 
|  18|0x0000000741200000, 0x00000007412fffe0, 0x0000000741300000| 99%| O|  |TAMS 0x0000000741200000, 0x0000000741200000| Untracked 
|  19|0x0000000741300000, 0x0000000741400000, 0x0000000741400000|100%|HS|  |TAMS 0x0000000741300000, 0x0000000741300000| Untracked 
|  20|0x0000000741400000, 0x00000007414ffff8, 0x0000000741500000| 99%| O|  |TAMS 0x0000000741400000, 0x0000000741400000| Untracked 
|  21|0x0000000741500000, 0x0000000741600000, 0x0000000741600000|100%| O|  |TAMS 0x0000000741500000, 0x0000000741500000| Untracked 
|  22|0x0000000741600000, 0x00000007416ffff0, 0x0000000741700000| 99%| O|  |TAMS 0x0000000741600000, 0x0000000741600000| Untracked 
|  23|0x0000000741700000, 0x00000007417ffff8, 0x0000000741800000| 99%| O|  |TAMS 0x0000000741700000, 0x0000000741700000| Untracked 
|  24|0x0000000741800000, 0x00000007418fffe8, 0x0000000741900000| 99%| O|  |TAMS 0x0000000741800000, 0x0000000741800000| Untracked 
|  25|0x0000000741900000, 0x00000007419ffff0, 0x0000000741a00000| 99%| O|  |TAMS 0x0000000741900000, 0x0000000741900000| Untracked 
|  26|0x0000000741a00000, 0x0000000741b00000, 0x0000000741b00000|100%| O|  |TAMS 0x0000000741a00000, 0x0000000741a00000| Untracked 
|  27|0x0000000741b00000, 0x0000000741bfffe8, 0x0000000741c00000| 99%| O|  |TAMS 0x0000000741b00000, 0x0000000741b00000| Untracked 
|  28|0x0000000741c00000, 0x0000000741cfffe8, 0x0000000741d00000| 99%| O|  |TAMS 0x0000000741c00000, 0x0000000741c00000| Untracked 
|  29|0x0000000741d00000, 0x0000000741dfffc0, 0x0000000741e00000| 99%| O|  |TAMS 0x0000000741d00000, 0x0000000741d00000| Untracked 
|  30|0x0000000741e00000, 0x0000000741effff0, 0x0000000741f00000| 99%| O|  |TAMS 0x0000000741e00000, 0x0000000741e00000| Untracked 
|  31|0x0000000741f00000, 0x0000000741fffcd0, 0x0000000742000000| 99%| O|  |TAMS 0x0000000741f00000, 0x0000000741f00000| Untracked 
|  32|0x0000000742000000, 0x0000000742100000, 0x0000000742100000|100%| O|  |TAMS 0x0000000742000000, 0x0000000742000000| Untracked 
|  33|0x0000000742100000, 0x00000007421fff38, 0x0000000742200000| 99%| O|  |TAMS 0x0000000742100000, 0x0000000742100000| Untracked 
|  34|0x0000000742200000, 0x0000000742300000, 0x0000000742300000|100%| O|  |TAMS 0x0000000742200000, 0x0000000742200000| Untracked 
|  35|0x0000000742300000, 0x00000007423fff78, 0x0000000742400000| 99%| O|  |TAMS 0x0000000742300000, 0x0000000742300000| Untracked 
|  36|0x0000000742400000, 0x0000000742500000, 0x0000000742500000|100%| O|  |TAMS 0x0000000742400000, 0x0000000742400000| Untracked 
|  37|0x0000000742500000, 0x0000000742600000, 0x0000000742600000|100%| O|  |TAMS 0x0000000742500000, 0x0000000742500000| Untracked 
|  38|0x0000000742600000, 0x00000007426fffc0, 0x0000000742700000| 99%| O|  |TAMS 0x0000000742600000, 0x0000000742600000| Untracked 
|  39|0x0000000742700000, 0x00000007427fffe8, 0x0000000742800000| 99%| O|  |TAMS 0x0000000742700000, 0x0000000742700000| Untracked 
|  40|0x0000000742800000, 0x00000007428ffff8, 0x0000000742900000| 99%| O|  |TAMS 0x0000000742800000, 0x0000000742800000| Untracked 
|  41|0x0000000742900000, 0x0000000742a00000, 0x0000000742a00000|100%|HS|  |TAMS 0x0000000742900000, 0x0000000742900000| Untracked 
|  42|0x0000000742a00000, 0x0000000742b00000, 0x0000000742b00000|100%|HC|  |TAMS 0x0000000742a00000, 0x0000000742a00000| Untracked 
|  43|0x0000000742b00000, 0x0000000742c00000, 0x0000000742c00000|100%|HC|  |TAMS 0x0000000742b00000, 0x0000000742b00000| Untracked 
|  44|0x0000000742c00000, 0x0000000742d00000, 0x0000000742d00000|100%|HC|  |TAMS 0x0000000742c00000, 0x0000000742c00000| Untracked 
|  45|0x0000000742d00000, 0x0000000742e00000, 0x0000000742e00000|100%|HC|  |TAMS 0x0000000742d00000, 0x0000000742d00000| Untracked 
|  46|0x0000000742e00000, 0x0000000742f00000, 0x0000000742f00000|100%|HC|  |TAMS 0x0000000742e00000, 0x0000000742e00000| Untracked 
|  47|0x0000000742f00000, 0x0000000743000000, 0x0000000743000000|100%|HC|  |TAMS 0x0000000742f00000, 0x0000000742f00000| Untracked 
|  48|0x0000000743000000, 0x0000000743100000, 0x0000000743100000|100%|HC|  |TAMS 0x0000000743000000, 0x0000000743000000| Untracked 
|  49|0x0000000743100000, 0x00000007431ffff8, 0x0000000743200000| 99%| O|  |TAMS 0x0000000743100000, 0x0000000743100000| Untracked 
|  50|0x0000000743200000, 0x00000007432fffc8, 0x0000000743300000| 99%| O|  |TAMS 0x0000000743200000, 0x0000000743200000| Untracked 
|  51|0x0000000743300000, 0x0000000743400000, 0x0000000743400000|100%| O|  |TAMS 0x0000000743300000, 0x0000000743300000| Untracked 
|  52|0x0000000743400000, 0x00000007434fffe8, 0x0000000743500000| 99%| O|  |TAMS 0x0000000743400000, 0x0000000743400000| Untracked 
|  53|0x0000000743500000, 0x00000007435ffe38, 0x0000000743600000| 99%| O|  |TAMS 0x0000000743500000, 0x0000000743500000| Untracked 
|  54|0x0000000743600000, 0x00000007436fffd8, 0x0000000743700000| 99%| O|  |TAMS 0x0000000743600000, 0x0000000743600000| Untracked 
|  55|0x0000000743700000, 0x0000000743800000, 0x0000000743800000|100%| O|  |TAMS 0x0000000743700000, 0x0000000743700000| Untracked 
|  56|0x0000000743800000, 0x00000007438ffff8, 0x0000000743900000| 99%| O|  |TAMS 0x0000000743800000, 0x0000000743800000| Untracked 
|  57|0x0000000743900000, 0x00000007439ffff8, 0x0000000743a00000| 99%| O|  |TAMS 0x0000000743900000, 0x0000000743900000| Untracked 
|  58|0x0000000743a00000, 0x0000000743affff0, 0x0000000743b00000| 99%| O|  |TAMS 0x0000000743a00000, 0x0000000743a00000| Untracked 
|  59|0x0000000743b00000, 0x0000000743bb2e48, 0x0000000743c00000| 69%| O|  |TAMS 0x0000000743b00000, 0x0000000743b00000| Untracked 
|  60|0x0000000743c00000, 0x0000000743ccdd80, 0x0000000743d00000| 80%| O|  |TAMS 0x0000000743c00000, 0x0000000743c00000| Untracked 
|  61|0x0000000743d00000, 0x0000000743d91fe0, 0x0000000743e00000| 57%| O|  |TAMS 0x0000000743d00000, 0x0000000743d00000| Untracked 
|  62|0x0000000743e00000, 0x0000000743e4d610, 0x0000000743f00000| 30%| O|  |TAMS 0x0000000743e00000, 0x0000000743e00000| Untracked 
|  63|0x0000000743f00000, 0x0000000743faa410, 0x0000000744000000| 66%| O|  |TAMS 0x0000000743f00000, 0x0000000743f00000| Untracked 
|  64|0x0000000744000000, 0x0000000744100000, 0x0000000744100000|100%|HS|  |TAMS 0x0000000744000000, 0x0000000744000000| Complete 
|  65|0x0000000744100000, 0x0000000744117858, 0x0000000744200000|  9%| O|  |TAMS 0x0000000744100000, 0x0000000744100000| Untracked 
|  66|0x0000000744200000, 0x0000000744200000, 0x0000000744300000|  0%| F|  |TAMS 0x0000000744200000, 0x0000000744200000| Untracked 
|  67|0x0000000744300000, 0x0000000744300000, 0x0000000744400000|  0%| F|  |TAMS 0x0000000744300000, 0x0000000744300000| Untracked 
|  68|0x0000000744400000, 0x0000000744400000, 0x0000000744500000|  0%| F|  |TAMS 0x0000000744400000, 0x0000000744400000| Untracked 
|  69|0x0000000744500000, 0x0000000744500000, 0x0000000744600000|  0%| F|  |TAMS 0x0000000744500000, 0x0000000744500000| Untracked 
|  70|0x0000000744600000, 0x0000000744600000, 0x0000000744700000|  0%| F|  |TAMS 0x0000000744600000, 0x0000000744600000| Untracked 
|  71|0x0000000744700000, 0x0000000744700000, 0x0000000744800000|  0%| F|  |TAMS 0x0000000744700000, 0x0000000744700000| Untracked 
|  72|0x0000000744800000, 0x0000000744800000, 0x0000000744900000|  0%| F|  |TAMS 0x0000000744800000, 0x0000000744800000| Untracked 
|  73|0x0000000744900000, 0x0000000744900000, 0x0000000744a00000|  0%| F|  |TAMS 0x0000000744900000, 0x0000000744900000| Untracked 
|  74|0x0000000744a00000, 0x0000000744a00000, 0x0000000744b00000|  0%| F|  |TAMS 0x0000000744a00000, 0x0000000744a00000| Untracked 
|  75|0x0000000744b00000, 0x0000000744b00000, 0x0000000744c00000|  0%| F|  |TAMS 0x0000000744b00000, 0x0000000744b00000| Untracked 
|  76|0x0000000744c00000, 0x0000000744c00000, 0x0000000744d00000|  0%| F|  |TAMS 0x0000000744c00000, 0x0000000744c00000| Untracked 
|  77|0x0000000744d00000, 0x0000000744d00000, 0x0000000744e00000|  0%| F|  |TAMS 0x0000000744d00000, 0x0000000744d00000| Untracked 
|  78|0x0000000744e00000, 0x0000000744e00000, 0x0000000744f00000|  0%| F|  |TAMS 0x0000000744e00000, 0x0000000744e00000| Untracked 
|  79|0x0000000744f00000, 0x0000000744f00000, 0x0000000745000000|  0%| F|  |TAMS 0x0000000744f00000, 0x0000000744f00000| Untracked 
|  80|0x0000000745000000, 0x0000000745000000, 0x0000000745100000|  0%| F|  |TAMS 0x0000000745000000, 0x0000000745000000| Untracked 
|  81|0x0000000745100000, 0x0000000745100000, 0x0000000745200000|  0%| F|  |TAMS 0x0000000745100000, 0x0000000745100000| Untracked 
|  82|0x0000000745200000, 0x0000000745200000, 0x0000000745300000|  0%| F|  |TAMS 0x0000000745200000, 0x0000000745200000| Untracked 
|  83|0x0000000745300000, 0x0000000745300000, 0x0000000745400000|  0%| F|  |TAMS 0x0000000745300000, 0x0000000745300000| Untracked 
|  84|0x0000000745400000, 0x0000000745400000, 0x0000000745500000|  0%| F|  |TAMS 0x0000000745400000, 0x0000000745400000| Untracked 
|  85|0x0000000745500000, 0x0000000745500000, 0x0000000745600000|  0%| F|  |TAMS 0x0000000745500000, 0x0000000745500000| Untracked 
|  86|0x0000000745600000, 0x0000000745600000, 0x0000000745700000|  0%| F|  |TAMS 0x0000000745600000, 0x0000000745600000| Untracked 
|  87|0x0000000745700000, 0x0000000745700000, 0x0000000745800000|  0%| F|  |TAMS 0x0000000745700000, 0x0000000745700000| Untracked 
|  88|0x0000000745800000, 0x0000000745800000, 0x0000000745900000|  0%| F|  |TAMS 0x0000000745800000, 0x0000000745800000| Untracked 
|  89|0x0000000745900000, 0x0000000745900000, 0x0000000745a00000|  0%| F|  |TAMS 0x0000000745900000, 0x0000000745900000| Untracked 
|  90|0x0000000745a00000, 0x0000000745a00000, 0x0000000745b00000|  0%| F|  |TAMS 0x0000000745a00000, 0x0000000745a00000| Untracked 
|  91|0x0000000745b00000, 0x0000000745b00000, 0x0000000745c00000|  0%| F|  |TAMS 0x0000000745b00000, 0x0000000745b00000| Untracked 
|  92|0x0000000745c00000, 0x0000000745c00000, 0x0000000745d00000|  0%| F|  |TAMS 0x0000000745c00000, 0x0000000745c00000| Untracked 
|  93|0x0000000745d00000, 0x0000000745d00000, 0x0000000745e00000|  0%| F|  |TAMS 0x0000000745d00000, 0x0000000745d00000| Untracked 
|  94|0x0000000745e00000, 0x0000000745e00000, 0x0000000745f00000|  0%| F|  |TAMS 0x0000000745e00000, 0x0000000745e00000| Untracked 
|  95|0x0000000745f00000, 0x0000000745f00000, 0x0000000746000000|  0%| F|  |TAMS 0x0000000745f00000, 0x0000000745f00000| Untracked 
|  96|0x0000000746000000, 0x0000000746000000, 0x0000000746100000|  0%| F|  |TAMS 0x0000000746000000, 0x0000000746000000| Untracked 
|  97|0x0000000746100000, 0x0000000746100000, 0x0000000746200000|  0%| F|  |TAMS 0x0000000746100000, 0x0000000746100000| Untracked 
|  98|0x0000000746200000, 0x0000000746200000, 0x0000000746300000|  0%| F|  |TAMS 0x0000000746200000, 0x0000000746200000| Untracked 
|  99|0x0000000746300000, 0x0000000746300000, 0x0000000746400000|  0%| F|  |TAMS 0x0000000746300000, 0x0000000746300000| Untracked 
| 100|0x0000000746400000, 0x0000000746400000, 0x0000000746500000|  0%| F|  |TAMS 0x0000000746400000, 0x0000000746400000| Untracked 
| 101|0x0000000746500000, 0x0000000746500000, 0x0000000746600000|  0%| F|  |TAMS 0x0000000746500000, 0x0000000746500000| Untracked 
| 102|0x0000000746600000, 0x0000000746600000, 0x0000000746700000|  0%| F|  |TAMS 0x0000000746600000, 0x0000000746600000| Untracked 
| 103|0x0000000746700000, 0x0000000746700000, 0x0000000746800000|  0%| F|  |TAMS 0x0000000746700000, 0x0000000746700000| Untracked 
| 104|0x0000000746800000, 0x0000000746800000, 0x0000000746900000|  0%| F|  |TAMS 0x0000000746800000, 0x0000000746800000| Untracked 
| 105|0x0000000746900000, 0x0000000746900000, 0x0000000746a00000|  0%| F|  |TAMS 0x0000000746900000, 0x0000000746900000| Untracked 
| 106|0x0000000746a00000, 0x0000000746a00000, 0x0000000746b00000|  0%| F|  |TAMS 0x0000000746a00000, 0x0000000746a00000| Untracked 
| 107|0x0000000746b00000, 0x0000000746b00000, 0x0000000746c00000|  0%| F|  |TAMS 0x0000000746b00000, 0x0000000746b00000| Untracked 
| 108|0x0000000746c00000, 0x0000000746c00000, 0x0000000746d00000|  0%| F|  |TAMS 0x0000000746c00000, 0x0000000746c00000| Untracked 
| 109|0x0000000746d00000, 0x0000000746d00000, 0x0000000746e00000|  0%| F|  |TAMS 0x0000000746d00000, 0x0000000746d00000| Untracked 
| 110|0x0000000746e00000, 0x0000000746e00000, 0x0000000746f00000|  0%| F|  |TAMS 0x0000000746e00000, 0x0000000746e00000| Untracked 
| 111|0x0000000746f00000, 0x0000000746f00000, 0x0000000747000000|  0%| F|  |TAMS 0x0000000746f00000, 0x0000000746f00000| Untracked 
| 112|0x0000000747000000, 0x0000000747000000, 0x0000000747100000|  0%| F|  |TAMS 0x0000000747000000, 0x0000000747000000| Untracked 
| 113|0x0000000747100000, 0x0000000747100000, 0x0000000747200000|  0%| F|  |TAMS 0x0000000747100000, 0x0000000747100000| Untracked 
| 114|0x0000000747200000, 0x0000000747200000, 0x0000000747300000|  0%| F|  |TAMS 0x0000000747200000, 0x0000000747200000| Untracked 
| 115|0x0000000747300000, 0x0000000747300000, 0x0000000747400000|  0%| F|  |TAMS 0x0000000747300000, 0x0000000747300000| Untracked 
| 116|0x0000000747400000, 0x0000000747400000, 0x0000000747500000|  0%| F|  |TAMS 0x0000000747400000, 0x0000000747400000| Untracked 
| 117|0x0000000747500000, 0x0000000747500000, 0x0000000747600000|  0%| F|  |TAMS 0x0000000747500000, 0x0000000747500000| Untracked 
| 118|0x0000000747600000, 0x0000000747600000, 0x0000000747700000|  0%| F|  |TAMS 0x0000000747600000, 0x0000000747600000| Untracked 
| 119|0x0000000747700000, 0x0000000747700000, 0x0000000747800000|  0%| F|  |TAMS 0x0000000747700000, 0x0000000747700000| Untracked 
| 120|0x0000000747800000, 0x0000000747800000, 0x0000000747900000|  0%| F|  |TAMS 0x0000000747800000, 0x0000000747800000| Untracked 
| 121|0x0000000747900000, 0x0000000747900000, 0x0000000747a00000|  0%| F|  |TAMS 0x0000000747900000, 0x0000000747900000| Untracked 
| 122|0x0000000747a00000, 0x0000000747a00000, 0x0000000747b00000|  0%| F|  |TAMS 0x0000000747a00000, 0x0000000747a00000| Untracked 
| 123|0x0000000747b00000, 0x0000000747b00000, 0x0000000747c00000|  0%| F|  |TAMS 0x0000000747b00000, 0x0000000747b00000| Untracked 
| 124|0x0000000747c00000, 0x0000000747c00000, 0x0000000747d00000|  0%| F|  |TAMS 0x0000000747c00000, 0x0000000747c00000| Untracked 
| 125|0x0000000747d00000, 0x0000000747d00000, 0x0000000747e00000|  0%| F|  |TAMS 0x0000000747d00000, 0x0000000747d00000| Untracked 
| 126|0x0000000747e00000, 0x0000000747e00000, 0x0000000747f00000|  0%| F|  |TAMS 0x0000000747e00000, 0x0000000747e00000| Untracked 
| 127|0x0000000747f00000, 0x0000000747f00000, 0x0000000748000000|  0%| F|  |TAMS 0x0000000747f00000, 0x0000000747f00000| Untracked 
| 128|0x0000000748000000, 0x0000000748000000, 0x0000000748100000|  0%| F|  |TAMS 0x0000000748000000, 0x0000000748000000| Untracked 
| 129|0x0000000748100000, 0x0000000748100000, 0x0000000748200000|  0%| F|  |TAMS 0x0000000748100000, 0x0000000748100000| Untracked 
| 130|0x0000000748200000, 0x0000000748200000, 0x0000000748300000|  0%| F|  |TAMS 0x0000000748200000, 0x0000000748200000| Untracked 
| 131|0x0000000748300000, 0x0000000748300000, 0x0000000748400000|  0%| F|  |TAMS 0x0000000748300000, 0x0000000748300000| Untracked 
| 132|0x0000000748400000, 0x0000000748400000, 0x0000000748500000|  0%| F|  |TAMS 0x0000000748400000, 0x0000000748400000| Untracked 
| 133|0x0000000748500000, 0x0000000748500000, 0x0000000748600000|  0%| F|  |TAMS 0x0000000748500000, 0x0000000748500000| Untracked 
| 134|0x0000000748600000, 0x0000000748600000, 0x0000000748700000|  0%| F|  |TAMS 0x0000000748600000, 0x0000000748600000| Untracked 
| 135|0x0000000748700000, 0x0000000748700000, 0x0000000748800000|  0%| F|  |TAMS 0x0000000748700000, 0x0000000748700000| Untracked 
| 136|0x0000000748800000, 0x0000000748800000, 0x0000000748900000|  0%| F|  |TAMS 0x0000000748800000, 0x0000000748800000| Untracked 
| 137|0x0000000748900000, 0x0000000748900000, 0x0000000748a00000|  0%| F|  |TAMS 0x0000000748900000, 0x0000000748900000| Untracked 
| 138|0x0000000748a00000, 0x0000000748a00000, 0x0000000748b00000|  0%| F|  |TAMS 0x0000000748a00000, 0x0000000748a00000| Untracked 
| 139|0x0000000748b00000, 0x0000000748b00000, 0x0000000748c00000|  0%| F|  |TAMS 0x0000000748b00000, 0x0000000748b00000| Untracked 
| 140|0x0000000748c00000, 0x0000000748c00000, 0x0000000748d00000|  0%| F|  |TAMS 0x0000000748c00000, 0x0000000748c00000| Untracked 
| 141|0x0000000748d00000, 0x0000000748d00000, 0x0000000748e00000|  0%| F|  |TAMS 0x0000000748d00000, 0x0000000748d00000| Untracked 
| 142|0x0000000748e00000, 0x0000000748e00000, 0x0000000748f00000|  0%| F|  |TAMS 0x0000000748e00000, 0x0000000748e00000| Untracked 
| 143|0x0000000748f00000, 0x0000000748f00000, 0x0000000749000000|  0%| F|  |TAMS 0x0000000748f00000, 0x0000000748f00000| Untracked 
| 144|0x0000000749000000, 0x0000000749000000, 0x0000000749100000|  0%| F|  |TAMS 0x0000000749000000, 0x0000000749000000| Untracked 
| 145|0x0000000749100000, 0x0000000749100000, 0x0000000749200000|  0%| F|  |TAMS 0x0000000749100000, 0x0000000749100000| Untracked 
| 146|0x0000000749200000, 0x0000000749200000, 0x0000000749300000|  0%| F|  |TAMS 0x0000000749200000, 0x0000000749200000| Untracked 
| 147|0x0000000749300000, 0x0000000749300000, 0x0000000749400000|  0%| F|  |TAMS 0x0000000749300000, 0x0000000749300000| Untracked 
| 148|0x0000000749400000, 0x0000000749400000, 0x0000000749500000|  0%| F|  |TAMS 0x0000000749400000, 0x0000000749400000| Untracked 
| 149|0x0000000749500000, 0x0000000749500000, 0x0000000749600000|  0%| F|  |TAMS 0x0000000749500000, 0x0000000749500000| Untracked 
| 150|0x0000000749600000, 0x0000000749600000, 0x0000000749700000|  0%| F|  |TAMS 0x0000000749600000, 0x0000000749600000| Untracked 
| 151|0x0000000749700000, 0x0000000749700000, 0x0000000749800000|  0%| F|  |TAMS 0x0000000749700000, 0x0000000749700000| Untracked 
| 152|0x0000000749800000, 0x0000000749800000, 0x0000000749900000|  0%| F|  |TAMS 0x0000000749800000, 0x0000000749800000| Untracked 
| 153|0x0000000749900000, 0x0000000749900000, 0x0000000749a00000|  0%| F|  |TAMS 0x0000000749900000, 0x0000000749900000| Untracked 
| 154|0x0000000749a00000, 0x0000000749a00000, 0x0000000749b00000|  0%| F|  |TAMS 0x0000000749a00000, 0x0000000749a00000| Untracked 
| 155|0x0000000749b00000, 0x0000000749b00000, 0x0000000749c00000|  0%| F|  |TAMS 0x0000000749b00000, 0x0000000749b00000| Untracked 
| 156|0x0000000749c00000, 0x0000000749c00000, 0x0000000749d00000|  0%| F|  |TAMS 0x0000000749c00000, 0x0000000749c00000| Untracked 
| 157|0x0000000749d00000, 0x0000000749d00000, 0x0000000749e00000|  0%| F|  |TAMS 0x0000000749d00000, 0x0000000749d00000| Untracked 
| 158|0x0000000749e00000, 0x0000000749e00000, 0x0000000749f00000|  0%| F|  |TAMS 0x0000000749e00000, 0x0000000749e00000| Untracked 
| 159|0x0000000749f00000, 0x0000000749f00000, 0x000000074a000000|  0%| F|  |TAMS 0x0000000749f00000, 0x0000000749f00000| Untracked 
| 160|0x000000074a000000, 0x000000074a000000, 0x000000074a100000|  0%| F|  |TAMS 0x000000074a000000, 0x000000074a000000| Untracked 
| 161|0x000000074a100000, 0x000000074a100000, 0x000000074a200000|  0%| F|  |TAMS 0x000000074a100000, 0x000000074a100000| Untracked 
| 162|0x000000074a200000, 0x000000074a200000, 0x000000074a300000|  0%| F|  |TAMS 0x000000074a200000, 0x000000074a200000| Untracked 
| 163|0x000000074a300000, 0x000000074a300000, 0x000000074a400000|  0%| F|  |TAMS 0x000000074a300000, 0x000000074a300000| Untracked 
| 164|0x000000074a400000, 0x000000074a400000, 0x000000074a500000|  0%| F|  |TAMS 0x000000074a400000, 0x000000074a400000| Untracked 
| 165|0x000000074a500000, 0x000000074a500000, 0x000000074a600000|  0%| F|  |TAMS 0x000000074a500000, 0x000000074a500000| Untracked 
| 166|0x000000074a600000, 0x000000074a600000, 0x000000074a700000|  0%| F|  |TAMS 0x000000074a600000, 0x000000074a600000| Untracked 
| 167|0x000000074a700000, 0x000000074a700000, 0x000000074a800000|  0%| F|  |TAMS 0x000000074a700000, 0x000000074a700000| Untracked 
| 168|0x000000074a800000, 0x000000074a800000, 0x000000074a900000|  0%| F|  |TAMS 0x000000074a800000, 0x000000074a800000| Untracked 
| 169|0x000000074a900000, 0x000000074a900000, 0x000000074aa00000|  0%| F|  |TAMS 0x000000074a900000, 0x000000074a900000| Untracked 
| 170|0x000000074aa00000, 0x000000074aa00000, 0x000000074ab00000|  0%| F|  |TAMS 0x000000074aa00000, 0x000000074aa00000| Untracked 
| 171|0x000000074ab00000, 0x000000074ab00000, 0x000000074ac00000|  0%| F|  |TAMS 0x000000074ab00000, 0x000000074ab00000| Untracked 
| 172|0x000000074ac00000, 0x000000074ac00000, 0x000000074ad00000|  0%| F|  |TAMS 0x000000074ac00000, 0x000000074ac00000| Untracked 
| 173|0x000000074ad00000, 0x000000074ad00000, 0x000000074ae00000|  0%| F|  |TAMS 0x000000074ad00000, 0x000000074ad00000| Untracked 
| 174|0x000000074ae00000, 0x000000074ae00000, 0x000000074af00000|  0%| F|  |TAMS 0x000000074ae00000, 0x000000074ae00000| Untracked 
| 175|0x000000074af00000, 0x000000074af00000, 0x000000074b000000|  0%| F|  |TAMS 0x000000074af00000, 0x000000074af00000| Untracked 
| 176|0x000000074b000000, 0x000000074b000000, 0x000000074b100000|  0%| F|  |TAMS 0x000000074b000000, 0x000000074b000000| Untracked 
| 177|0x000000074b100000, 0x000000074b100000, 0x000000074b200000|  0%| F|  |TAMS 0x000000074b100000, 0x000000074b100000| Untracked 
| 178|0x000000074b200000, 0x000000074b200000, 0x000000074b300000|  0%| F|  |TAMS 0x000000074b200000, 0x000000074b200000| Untracked 
| 179|0x000000074b300000, 0x000000074b300000, 0x000000074b400000|  0%| F|  |TAMS 0x000000074b300000, 0x000000074b300000| Untracked 
| 180|0x000000074b400000, 0x000000074b400000, 0x000000074b500000|  0%| F|  |TAMS 0x000000074b400000, 0x000000074b400000| Untracked 
| 181|0x000000074b500000, 0x000000074b500000, 0x000000074b600000|  0%| F|  |TAMS 0x000000074b500000, 0x000000074b500000| Untracked 
| 182|0x000000074b600000, 0x000000074b600000, 0x000000074b700000|  0%| F|  |TAMS 0x000000074b600000, 0x000000074b600000| Untracked 
| 183|0x000000074b700000, 0x000000074b700000, 0x000000074b800000|  0%| F|  |TAMS 0x000000074b700000, 0x000000074b700000| Untracked 
| 184|0x000000074b800000, 0x000000074b800000, 0x000000074b900000|  0%| F|  |TAMS 0x000000074b800000, 0x000000074b800000| Untracked 
| 185|0x000000074b900000, 0x000000074b900000, 0x000000074ba00000|  0%| F|  |TAMS 0x000000074b900000, 0x000000074b900000| Untracked 
| 186|0x000000074ba00000, 0x000000074ba00000, 0x000000074bb00000|  0%| F|  |TAMS 0x000000074ba00000, 0x000000074ba00000| Untracked 
| 187|0x000000074bb00000, 0x000000074bb00000, 0x000000074bc00000|  0%| F|  |TAMS 0x000000074bb00000, 0x000000074bb00000| Untracked 
| 188|0x000000074bc00000, 0x000000074bc00000, 0x000000074bd00000|  0%| F|  |TAMS 0x000000074bc00000, 0x000000074bc00000| Untracked 
| 189|0x000000074bd00000, 0x000000074bd138d0, 0x000000074be00000|  7%| S|CS|TAMS 0x000000074bd00000, 0x000000074bd00000| Complete 
| 190|0x000000074be00000, 0x000000074bf00000, 0x000000074bf00000|100%| S|CS|TAMS 0x000000074be00000, 0x000000074be00000| Complete 
| 191|0x000000074bf00000, 0x000000074bf00000, 0x000000074c000000|  0%| F|  |TAMS 0x000000074bf00000, 0x000000074bf00000| Untracked 
| 192|0x000000074c000000, 0x000000074c100000, 0x000000074c100000|100%| S|CS|TAMS 0x000000074c000000, 0x000000074c000000| Complete 
| 193|0x000000074c100000, 0x000000074c100000, 0x000000074c200000|  0%| F|  |TAMS 0x000000074c100000, 0x000000074c100000| Untracked 
| 194|0x000000074c200000, 0x000000074c200000, 0x000000074c300000|  0%| F|  |TAMS 0x000000074c200000, 0x000000074c200000| Untracked 
| 195|0x000000074c300000, 0x000000074c400000, 0x000000074c400000|100%| S|CS|TAMS 0x000000074c300000, 0x000000074c300000| Complete 
| 196|0x000000074c400000, 0x000000074c500000, 0x000000074c500000|100%| S|CS|TAMS 0x000000074c400000, 0x000000074c400000| Complete 
| 197|0x000000074c500000, 0x000000074c500000, 0x000000074c600000|  0%| F|  |TAMS 0x000000074c500000, 0x000000074c500000| Untracked 
| 198|0x000000074c600000, 0x000000074c700000, 0x000000074c700000|100%| S|CS|TAMS 0x000000074c600000, 0x000000074c600000| Complete 
| 199|0x000000074c700000, 0x000000074c800000, 0x000000074c800000|100%| S|CS|TAMS 0x000000074c700000, 0x000000074c700000| Complete 
| 200|0x000000074c800000, 0x000000074c900000, 0x000000074c900000|100%| S|CS|TAMS 0x000000074c800000, 0x000000074c800000| Complete 
| 201|0x000000074c900000, 0x000000074c900000, 0x000000074ca00000|  0%| F|  |TAMS 0x000000074c900000, 0x000000074c900000| Untracked 
| 202|0x000000074ca00000, 0x000000074ca00000, 0x000000074cb00000|  0%| F|  |TAMS 0x000000074ca00000, 0x000000074ca00000| Untracked 
| 203|0x000000074cb00000, 0x000000074cb00000, 0x000000074cc00000|  0%| F|  |TAMS 0x000000074cb00000, 0x000000074cb00000| Untracked 
| 204|0x000000074cc00000, 0x000000074cc00000, 0x000000074cd00000|  0%| F|  |TAMS 0x000000074cc00000, 0x000000074cc00000| Untracked 
| 205|0x000000074cd00000, 0x000000074cd00000, 0x000000074ce00000|  0%| F|  |TAMS 0x000000074cd00000, 0x000000074cd00000| Untracked 
| 206|0x000000074ce00000, 0x000000074ce00000, 0x000000074cf00000|  0%| F|  |TAMS 0x000000074ce00000, 0x000000074ce00000| Untracked 
| 207|0x000000074cf00000, 0x000000074cf00000, 0x000000074d000000|  0%| F|  |TAMS 0x000000074cf00000, 0x000000074cf00000| Untracked 
| 208|0x000000074d000000, 0x000000074d000000, 0x000000074d100000|  0%| F|  |TAMS 0x000000074d000000, 0x000000074d000000| Untracked 
| 209|0x000000074d100000, 0x000000074d100000, 0x000000074d200000|  0%| F|  |TAMS 0x000000074d100000, 0x000000074d100000| Untracked 
| 210|0x000000074d200000, 0x000000074d200000, 0x000000074d300000|  0%| F|  |TAMS 0x000000074d200000, 0x000000074d200000| Untracked 
| 211|0x000000074d300000, 0x000000074d306800, 0x000000074d400000|  2%| O|  |TAMS 0x000000074d300000, 0x000000074d300000| Untracked 
| 212|0x000000074d400000, 0x000000074d400000, 0x000000074d500000|  0%| F|  |TAMS 0x000000074d400000, 0x000000074d400000| Untracked 
| 213|0x000000074d500000, 0x000000074d500000, 0x000000074d600000|  0%| F|  |TAMS 0x000000074d500000, 0x000000074d500000| Untracked 
| 214|0x000000074d600000, 0x000000074d600000, 0x000000074d700000|  0%| F|  |TAMS 0x000000074d600000, 0x000000074d600000| Untracked 
| 215|0x000000074d700000, 0x000000074d700000, 0x000000074d800000|  0%| F|  |TAMS 0x000000074d700000, 0x000000074d700000| Untracked 
| 216|0x000000074d800000, 0x000000074d800000, 0x000000074d900000|  0%| F|  |TAMS 0x000000074d800000, 0x000000074d800000| Untracked 
| 217|0x000000074d900000, 0x000000074d900000, 0x000000074da00000|  0%| F|  |TAMS 0x000000074d900000, 0x000000074d900000| Untracked 
| 218|0x000000074da00000, 0x000000074da00000, 0x000000074db00000|  0%| F|  |TAMS 0x000000074da00000, 0x000000074da00000| Untracked 
| 219|0x000000074db00000, 0x000000074db00000, 0x000000074dc00000|  0%| F|  |TAMS 0x000000074db00000, 0x000000074db00000| Untracked 
| 220|0x000000074dc00000, 0x000000074dc00000, 0x000000074dd00000|  0%| F|  |TAMS 0x000000074dc00000, 0x000000074dc00000| Untracked 
| 221|0x000000074dd00000, 0x000000074dd00000, 0x000000074de00000|  0%| F|  |TAMS 0x000000074dd00000, 0x000000074dd00000| Untracked 
| 222|0x000000074de00000, 0x000000074de00000, 0x000000074df00000|  0%| F|  |TAMS 0x000000074de00000, 0x000000074de00000| Untracked 
| 223|0x000000074df00000, 0x000000074df00000, 0x000000074e000000|  0%| F|  |TAMS 0x000000074df00000, 0x000000074df00000| Untracked 
| 224|0x000000074e000000, 0x000000074e000000, 0x000000074e100000|  0%| F|  |TAMS 0x000000074e000000, 0x000000074e000000| Untracked 
| 225|0x000000074e100000, 0x000000074e100000, 0x000000074e200000|  0%| F|  |TAMS 0x000000074e100000, 0x000000074e100000| Untracked 
| 226|0x000000074e200000, 0x000000074e200000, 0x000000074e300000|  0%| F|  |TAMS 0x000000074e200000, 0x000000074e200000| Untracked 
| 227|0x000000074e300000, 0x000000074e300000, 0x000000074e400000|  0%| F|  |TAMS 0x000000074e300000, 0x000000074e300000| Untracked 
| 228|0x000000074e400000, 0x000000074e400000, 0x000000074e500000|  0%| F|  |TAMS 0x000000074e400000, 0x000000074e400000| Untracked 
| 229|0x000000074e500000, 0x000000074e500000, 0x000000074e600000|  0%| F|  |TAMS 0x000000074e500000, 0x000000074e500000| Untracked 
| 230|0x000000074e600000, 0x000000074e600000, 0x000000074e700000|  0%| F|  |TAMS 0x000000074e600000, 0x000000074e600000| Untracked 
| 231|0x000000074e700000, 0x000000074e700000, 0x000000074e800000|  0%| F|  |TAMS 0x000000074e700000, 0x000000074e700000| Untracked 
| 232|0x000000074e800000, 0x000000074e800000, 0x000000074e900000|  0%| F|  |TAMS 0x000000074e800000, 0x000000074e800000| Untracked 
| 233|0x000000074e900000, 0x000000074e900000, 0x000000074ea00000|  0%| F|  |TAMS 0x000000074e900000, 0x000000074e900000| Untracked 
| 234|0x000000074ea00000, 0x000000074ea00000, 0x000000074eb00000|  0%| F|  |TAMS 0x000000074ea00000, 0x000000074ea00000| Untracked 
| 235|0x000000074eb00000, 0x000000074eb00000, 0x000000074ec00000|  0%| F|  |TAMS 0x000000074eb00000, 0x000000074eb00000| Untracked 
| 236|0x000000074ec00000, 0x000000074ec00000, 0x000000074ed00000|  0%| F|  |TAMS 0x000000074ec00000, 0x000000074ec00000| Untracked 
| 237|0x000000074ed00000, 0x000000074ed00000, 0x000000074ee00000|  0%| F|  |TAMS 0x000000074ed00000, 0x000000074ed00000| Untracked 
| 238|0x000000074ee00000, 0x000000074ee00000, 0x000000074ef00000|  0%| F|  |TAMS 0x000000074ee00000, 0x000000074ee00000| Untracked 
| 239|0x000000074ef00000, 0x000000074ef00000, 0x000000074f000000|  0%| F|  |TAMS 0x000000074ef00000, 0x000000074ef00000| Untracked 
| 240|0x000000074f000000, 0x000000074f000000, 0x000000074f100000|  0%| F|  |TAMS 0x000000074f000000, 0x000000074f000000| Untracked 
| 241|0x000000074f100000, 0x000000074f100000, 0x000000074f200000|  0%| F|  |TAMS 0x000000074f100000, 0x000000074f100000| Untracked 
| 242|0x000000074f200000, 0x000000074f200000, 0x000000074f300000|  0%| F|  |TAMS 0x000000074f200000, 0x000000074f200000| Untracked 
| 243|0x000000074f300000, 0x000000074f300000, 0x000000074f400000|  0%| F|  |TAMS 0x000000074f300000, 0x000000074f300000| Untracked 
| 244|0x000000074f400000, 0x000000074f400000, 0x000000074f500000|  0%| F|  |TAMS 0x000000074f400000, 0x000000074f400000| Untracked 
| 245|0x000000074f500000, 0x000000074f500000, 0x000000074f600000|  0%| F|  |TAMS 0x000000074f500000, 0x000000074f500000| Untracked 
| 246|0x000000074f600000, 0x000000074f654278, 0x000000074f700000| 32%| E|  |TAMS 0x000000074f600000, 0x000000074f600000| Complete 
| 247|0x000000074f700000, 0x000000074f800000, 0x000000074f800000|100%| E|CS|TAMS 0x000000074f700000, 0x000000074f700000| Complete 
| 248|0x000000074f800000, 0x000000074f900000, 0x000000074f900000|100%| E|CS|TAMS 0x000000074f800000, 0x000000074f800000| Complete 
| 249|0x000000074f900000, 0x000000074fa00000, 0x000000074fa00000|100%| E|CS|TAMS 0x000000074f900000, 0x000000074f900000| Complete 
| 250|0x000000074fa00000, 0x000000074fb00000, 0x000000074fb00000|100%| E|CS|TAMS 0x000000074fa00000, 0x000000074fa00000| Complete 
| 251|0x000000074fb00000, 0x000000074fc00000, 0x000000074fc00000|100%| E|CS|TAMS 0x000000074fb00000, 0x000000074fb00000| Complete 
| 252|0x000000074fc00000, 0x000000074fd00000, 0x000000074fd00000|100%| E|CS|TAMS 0x000000074fc00000, 0x000000074fc00000| Complete 
| 253|0x000000074fd00000, 0x000000074fe00000, 0x000000074fe00000|100%| E|CS|TAMS 0x000000074fd00000, 0x000000074fd00000| Complete 
| 254|0x000000074fe00000, 0x000000074ff00000, 0x000000074ff00000|100%| E|CS|TAMS 0x000000074fe00000, 0x000000074fe00000| Complete 
| 255|0x000000074ff00000, 0x0000000750000000, 0x0000000750000000|100%| E|CS|TAMS 0x000000074ff00000, 0x000000074ff00000| Complete 

Card table byte_map: [0x000001cd7bec0000,0x000001cd7c4c0000] _byte_map_base: 0x000001cd784c0000

Marking Bits (Prev, Next): (CMBitMap*) 0x000001cd7388e090, (CMBitMap*) 0x000001cd7388e058
 Prev Bits: [0x000001cd4dd80000, 0x000001cd50d80000)
 Next Bits: [0x000001cd7cac0000, 0x000001cd7fac0000)

Polling page: 0x000001cd66950000

Metaspace:

Usage:
  Non-class:     70.36 MB capacity,    69.26 MB ( 98%) used,   858.76 KB (  1%) free+waste,   266.69 KB ( <1%) overhead. 
      Class:     11.61 MB capacity,    10.71 MB ( 92%) used,   787.29 KB (  7%) free+waste,   129.06 KB (  1%) overhead. 
       Both:     81.96 MB capacity,    79.97 MB ( 98%) used,     1.61 MB (  2%) free+waste,   395.75 KB ( <1%) overhead. 

Virtual space:
  Non-class space:       72.00 MB reserved,      70.37 MB ( 98%) committed 
      Class space:        1.00 GB reserved,      11.66 MB (  1%) committed 
             Both:        1.07 GB reserved,      82.02 MB (  7%) committed 

Chunk freelists:
   Non-Class:  11.00 KB
       Class:  18.00 KB
        Both:  29.00 KB

MaxMetaspaceSize: 17179869184.00 GB
CompressedClassSpaceSize: 1.00 GB

CodeHeap 'non-profiled nmethods': size=120000Kb used=12484Kb max_used=12484Kb free=107516Kb
 bounds [0x000001cd46850000, 0x000001cd47490000, 0x000001cd4dd80000]
CodeHeap 'profiled nmethods': size=120000Kb used=33860Kb max_used=33860Kb free=86139Kb
 bounds [0x000001cd3f320000, 0x000001cd41450000, 0x000001cd46850000]
CodeHeap 'non-nmethods': size=5760Kb used=1591Kb max_used=1653Kb free=4168Kb
 bounds [0x000001cd3ed80000, 0x000001cd3eff0000, 0x000001cd3f320000]
 total_blobs=14228 nmethods=13096 adapters=1037
 compilation: enabled
              stopped_count=0, restarted_count=0
 full_count=0

Compilation events (20 events):
Event: 170.845 Thread 0x000001cd68ff4800 14377       3       com.google.protobuf.DescriptorProtos$FieldDescriptorProto::getLabel (20 bytes)
Event: 170.845 Thread 0x000001cd68ff4800 nmethod 14377 0x000001cd4143a110 code [0x000001cd4143a2e0, 0x000001cd4143a4c8]
Event: 170.845 Thread 0x000001cd68ff4800 14380       3       com.jidesoft.grid.DefaultTableModelWrapper::fireIndexChanging (6 bytes)
Event: 170.845 Thread 0x000001cd68ff4800 nmethod 14380 0x000001cd4143a590 code [0x000001cd4143a760, 0x000001cd4143ab08]
Event: 170.845 Thread 0x000001cd68ff4800 14382       3       com.google.protobuf.GeneratedMessage$FieldAccessorTable::getField (48 bytes)
Event: 170.845 Thread 0x000001cd68ff4800 nmethod 14382 0x000001cd4143ac90 code [0x000001cd4143aea0, 0x000001cd4143b358]
Event: 170.845 Thread 0x000001cd68ff4800 14383       3       com.google.protobuf.GeneratedMessage::access$1200 (7 bytes)
Event: 170.846 Thread 0x000001cd68ff4800 nmethod 14383 0x000001cd4143b590 code [0x000001cd4143b740, 0x000001cd4143b848]
Event: 170.846 Thread 0x000001cd68ff4800 14384   !   3       com.google.protobuf.GeneratedMessage::invokeOrDie (66 bytes)
Event: 170.846 Thread 0x000001cd68ff4800 nmethod 14384 0x000001cd4143b910 code [0x000001cd4143bba0, 0x000001cd4143c7a8]
Event: 170.847 Thread 0x000001cd68ff4800 14385       3       com.google.protobuf.Descriptors$FieldDescriptor::compareTo (9 bytes)
Event: 170.847 Thread 0x000001cd68ff4800 nmethod 14385 0x000001cd4143cc10 code [0x000001cd4143ce00, 0x000001cd4143d288]
Event: 170.847 Thread 0x000001cd68ff4800 14386       3       com.google.protobuf.Descriptors$FieldDescriptor::compareTo (31 bytes)
Event: 170.847 Thread 0x000001cd68ff4800 nmethod 14386 0x000001cd4143d490 code [0x000001cd4143d660, 0x000001cd4143d988]
Event: 170.847 Thread 0x000001cd68ff4800 14381       3       com.google.protobuf.GeneratedMessage::hasField (15 bytes)
Event: 170.847 Thread 0x000001cd68ff4800 nmethod 14381 0x000001cd4143db10 code [0x000001cd4143dd00, 0x000001cd4143e008]
Event: 170.847 Thread 0x000001cd68ff4800 14379  s    1       com.jidesoft.grid.DefaultTableModelWrapper::setIndexes (6 bytes)
Event: 170.847 Thread 0x000001cd68ff4800 nmethod 14379 0x000001cd4747b910 code [0x000001cd4747bac0, 0x000001cd4747bd58]
Event: 170.848 Thread 0x000001cd68ff4800 14387       1       com.jidesoft.grid.AbstractExpandable::isAdjusting (5 bytes)
Event: 170.848 Thread 0x000001cd68ff4800 nmethod 14387 0x000001cd4747be10 code [0x000001cd4747bfc0, 0x000001cd4747c078]

GC Heap History (20 events):
Event: 90.431 GC heap before
{Heap before GC invocations=26 (full 2):
 garbage-first heap   total 262144K, used 92560K [0x0000000740000000, 0x0000000800000000)
  region size 1024K, 30 young (30720K), 2 survivors (2048K)
 Metaspace       used 75892K, capacity 77631K, committed 77848K, reserved 1116160K
  class space    used 10024K, capacity 10827K, committed 10912K, reserved 1048576K
}
Event: 90.508 GC heap after
{Heap after GC invocations=27 (full 3):
 garbage-first heap   total 262144K, used 63599K [0x0000000740000000, 0x0000000800000000)
  region size 1024K, 0 young (0K), 0 survivors (0K)
 Metaspace       used 75892K, capacity 77631K, committed 77848K, reserved 1116160K
  class space    used 10024K, capacity 10827K, committed 10912K, reserved 1048576K
}
Event: 102.831 GC heap before
{Heap before GC invocations=27 (full 3):
 garbage-first heap   total 262144K, used 125039K [0x0000000740000000, 0x0000000800000000)
  region size 1024K, 60 young (61440K), 0 survivors (0K)
 Metaspace       used 75907K, capacity 77631K, committed 77848K, reserved 1116160K
  class space    used 10024K, capacity 10827K, committed 10912K, reserved 1048576K
}
Event: 102.837 GC heap after
{Heap after GC invocations=28 (full 3):
 garbage-first heap   total 262144K, used 64676K [0x0000000740000000, 0x0000000800000000)
  region size 1024K, 2 young (2048K), 2 survivors (2048K)
 Metaspace       used 75907K, capacity 77631K, committed 77848K, reserved 1116160K
  class space    used 10024K, capacity 10827K, committed 10912K, reserved 1048576K
}
Event: 115.040 GC heap before
{Heap before GC invocations=28 (full 3):
 garbage-first heap   total 262144K, used 124068K [0x0000000740000000, 0x0000000800000000)
  region size 1024K, 60 young (61440K), 2 survivors (2048K)
 Metaspace       used 75913K, capacity 77631K, committed 77848K, reserved 1116160K
  class space    used 10024K, capacity 10827K, committed 10912K, reserved 1048576K
}
Event: 115.044 GC heap after
{Heap after GC invocations=29 (full 3):
 garbage-first heap   total 262144K, used 64623K [0x0000000740000000, 0x0000000800000000)
  region size 1024K, 1 young (1024K), 1 survivors (1024K)
 Metaspace       used 75913K, capacity 77631K, committed 77848K, reserved 1116160K
  class space    used 10024K, capacity 10827K, committed 10912K, reserved 1048576K
}
Event: 120.528 GC heap before
{Heap before GC invocations=29 (full 3):
 garbage-first heap   total 262144K, used 91247K [0x0000000740000000, 0x0000000800000000)
  region size 1024K, 28 young (28672K), 1 survivors (1024K)
 Metaspace       used 75916K, capacity 77631K, committed 77848K, reserved 1116160K
  class space    used 10024K, capacity 10827K, committed 10912K, reserved 1048576K
}
Event: 120.609 GC heap after
{Heap after GC invocations=30 (full 4):
 garbage-first heap   total 262144K, used 63575K [0x0000000740000000, 0x0000000800000000)
  region size 1024K, 0 young (0K), 0 survivors (0K)
 Metaspace       used 75916K, capacity 77631K, committed 77848K, reserved 1116160K
  class space    used 10024K, capacity 10827K, committed 10912K, reserved 1048576K
}
Event: 133.173 GC heap before
{Heap before GC invocations=30 (full 4):
 garbage-first heap   total 262144K, used 125015K [0x0000000740000000, 0x0000000800000000)
  region size 1024K, 60 young (61440K), 0 survivors (0K)
 Metaspace       used 75942K, capacity 77767K, committed 78104K, reserved 1116160K
  class space    used 10024K, capacity 10827K, committed 10912K, reserved 1048576K
}
Event: 133.179 GC heap after
{Heap after GC invocations=31 (full 4):
 garbage-first heap   total 262144K, used 64549K [0x0000000740000000, 0x0000000800000000)
  region size 1024K, 1 young (1024K), 1 survivors (1024K)
 Metaspace       used 75942K, capacity 77767K, committed 78104K, reserved 1116160K
  class space    used 10024K, capacity 10827K, committed 10912K, reserved 1048576K
}
Event: 145.690 GC heap before
{Heap before GC invocations=31 (full 4):
 garbage-first heap   total 262144K, used 124965K [0x0000000740000000, 0x0000000800000000)
  region size 1024K, 60 young (61440K), 1 survivors (1024K)
 Metaspace       used 75945K, capacity 77767K, committed 78104K, reserved 1116160K
  class space    used 10024K, capacity 10827K, committed 10912K, reserved 1048576K
}
Event: 145.695 GC heap after
{Heap after GC invocations=32 (full 4):
 garbage-first heap   total 262144K, used 64560K [0x0000000740000000, 0x0000000800000000)
  region size 1024K, 1 young (1024K), 1 survivors (1024K)
 Metaspace       used 75945K, capacity 77767K, committed 78104K, reserved 1116160K
  class space    used 10024K, capacity 10827K, committed 10912K, reserved 1048576K
}
Event: 157.866 GC heap before
{Heap before GC invocations=32 (full 4):
 garbage-first heap   total 262144K, used 124976K [0x0000000740000000, 0x0000000800000000)
  region size 1024K, 60 young (61440K), 1 survivors (1024K)
 Metaspace       used 75967K, capacity 77767K, committed 78104K, reserved 1116160K
  class space    used 10024K, capacity 10827K, committed 10912K, reserved 1048576K
}
Event: 157.870 GC heap after
{Heap after GC invocations=33 (full 4):
 garbage-first heap   total 262144K, used 64664K [0x0000000740000000, 0x0000000800000000)
  region size 1024K, 2 young (2048K), 2 survivors (2048K)
 Metaspace       used 75967K, capacity 77767K, committed 78104K, reserved 1116160K
  class space    used 10024K, capacity 10827K, committed 10912K, reserved 1048576K
}
Event: 166.029 GC heap before
{Heap before GC invocations=33 (full 4):
 garbage-first heap   total 262144K, used 124056K [0x0000000740000000, 0x0000000800000000)
  region size 1024K, 60 young (61440K), 2 survivors (2048K)
 Metaspace       used 76942K, capacity 78738K, committed 79000K, reserved 1118208K
  class space    used 10192K, capacity 11019K, committed 11040K, reserved 1048576K
}
Event: 166.035 GC heap after
{Heap after GC invocations=34 (full 4):
 garbage-first heap   total 262144K, used 65858K [0x0000000740000000, 0x0000000800000000)
  region size 1024K, 3 young (3072K), 3 survivors (3072K)
 Metaspace       used 76942K, capacity 78738K, committed 79000K, reserved 1118208K
  class space    used 10192K, capacity 11019K, committed 11040K, reserved 1048576K
}
Event: 166.979 GC heap before
{Heap before GC invocations=34 (full 4):
 garbage-first heap   total 262144K, used 124226K [0x0000000740000000, 0x0000000800000000)
  region size 1024K, 60 young (61440K), 3 survivors (3072K)
 Metaspace       used 78883K, capacity 80749K, committed 80920K, reserved 1118208K
  class space    used 10478K, capacity 11314K, committed 11424K, reserved 1048576K
}
Event: 166.984 GC heap after
{Heap after GC invocations=35 (full 4):
 garbage-first heap   total 262144K, used 67491K [0x0000000740000000, 0x0000000800000000)
  region size 1024K, 4 young (4096K), 4 survivors (4096K)
 Metaspace       used 78883K, capacity 80749K, committed 80920K, reserved 1118208K
  class space    used 10478K, capacity 11314K, committed 11424K, reserved 1048576K
}
Event: 169.151 GC heap before
{Heap before GC invocations=35 (full 4):
 garbage-first heap   total 262144K, used 122787K [0x0000000740000000, 0x0000000800000000)
  region size 1024K, 58 young (59392K), 4 survivors (4096K)
 Metaspace       used 81814K, capacity 83867K, committed 83992K, reserved 1122304K
  class space    used 10969K, capacity 11886K, committed 11936K, reserved 1048576K
}
Event: 169.162 GC heap after
{Heap after GC invocations=36 (full 4):
 garbage-first heap   total 262144K, used 71845K [0x0000000740000000, 0x0000000800000000)
  region size 1024K, 8 young (8192K), 8 survivors (8192K)
 Metaspace       used 81814K, capacity 83867K, committed 83992K, reserved 1122304K
  class space    used 10969K, capacity 11886K, committed 11936K, reserved 1048576K
}

Deoptimization events (20 events):
Event: 169.066 Thread 0x000001cd038fb800 Uncommon trap: trap_request=0xffffffde fr.pc=0x000001cd47387938 relative=0x0000000000000278
Event: 169.066 Thread 0x000001cd038fb800 Uncommon trap: reason=class_check action=maybe_recompile pc=0x000001cd47387938 method=de.javasoft.plaf.synthetica.painter.SyntheticaPainterState.<init>(Ljavax/swing/plaf/synth/SynthContext;IZZ)V @ 55 c2
Event: 169.066 Thread 0x000001cd038fb800 DEOPT PACKING pc=0x000001cd47387938 sp=0x0000008aec4f9d40
Event: 169.066 Thread 0x000001cd038fb800 DEOPT UNPACKING pc=0x000001cd3eda68af sp=0x0000008aec4f9ca8 mode 2
Event: 169.068 Thread 0x000001cd038fb800 Uncommon trap: trap_request=0xffffffde fr.pc=0x000001cd47387910 relative=0x0000000000000250
Event: 169.068 Thread 0x000001cd038fb800 Uncommon trap: reason=class_check action=maybe_recompile pc=0x000001cd47387910 method=de.javasoft.plaf.synthetica.painter.SyntheticaPainterState.<init>(Ljavax/swing/plaf/synth/SynthContext;IZZ)V @ 26 c2
Event: 169.068 Thread 0x000001cd038fb800 DEOPT PACKING pc=0x000001cd47387910 sp=0x0000008aec4f9b70
Event: 169.068 Thread 0x000001cd038fb800 DEOPT UNPACKING pc=0x000001cd3eda68af sp=0x0000008aec4f9ad8 mode 2
Event: 169.079 Thread 0x000001cd038fb800 Uncommon trap: trap_request=0xffffffde fr.pc=0x000001cd47387910 relative=0x0000000000000250
Event: 169.079 Thread 0x000001cd038fb800 Uncommon trap: reason=class_check action=maybe_recompile pc=0x000001cd47387910 method=de.javasoft.plaf.synthetica.painter.SyntheticaPainterState.<init>(Ljavax/swing/plaf/synth/SynthContext;IZZ)V @ 26 c2
Event: 169.079 Thread 0x000001cd038fb800 DEOPT PACKING pc=0x000001cd47387910 sp=0x0000008aec4fabc0
Event: 169.079 Thread 0x000001cd038fb800 DEOPT UNPACKING pc=0x000001cd3eda68af sp=0x0000008aec4fab28 mode 2
Event: 169.133 Thread 0x000001cd038fb800 Uncommon trap: trap_request=0xffffff4d fr.pc=0x000001cd47253308 relative=0x0000000000000a48
Event: 169.133 Thread 0x000001cd038fb800 Uncommon trap: reason=unstable_if action=reinterpret pc=0x000001cd47253308 method=sun.java2d.SunGraphics2D.setComposite(Ljava/awt/Composite;)V @ 107 c2
Event: 169.133 Thread 0x000001cd038fb800 DEOPT PACKING pc=0x000001cd47253308 sp=0x0000008aec4faaa0
Event: 169.133 Thread 0x000001cd038fb800 DEOPT UNPACKING pc=0x000001cd3eda68af sp=0x0000008aec4faa60 mode 2
Event: 169.134 Thread 0x000001cd038fb800 Uncommon trap: trap_request=0xffffff4d fr.pc=0x000001cd47282214 relative=0x0000000000003574
Event: 169.134 Thread 0x000001cd038fb800 Uncommon trap: reason=unstable_if action=reinterpret pc=0x000001cd47282214 method=sun.java2d.SurfaceData.getPaintSurfaceType(Lsun/java2d/SunGraphics2D;)Lsun/java2d/loops/SurfaceType; @ 4 c2
Event: 169.134 Thread 0x000001cd038fb800 DEOPT PACKING pc=0x000001cd47282214 sp=0x0000008aec4fa870
Event: 169.134 Thread 0x000001cd038fb800 DEOPT UNPACKING pc=0x000001cd3eda68af sp=0x0000008aec4fa780 mode 2

Classes redefined (0 events):
No events

Internal exceptions (20 events):
Event: 167.185 Thread 0x000001cd038fb800 Exception <a 'java/lang/ClassNotFoundException'{0x000000074f7052c0}: java/lang/ObjectCustomizer> (0x000000074f7052c0) thrown at [./src/hotspot/share/classfile/systemDictionary.cpp, line 231]
Event: 167.195 Thread 0x000001cd038fb800 Exception <a 'java/lang/ClassNotFoundException'{0x000000074f7150a8}: java/awt/ComponentCustomizer> (0x000000074f7150a8) thrown at [./src/hotspot/share/classfile/systemDictionary.cpp, line 231]
Event: 167.201 Thread 0x000001cd038fb800 Exception <a 'java/lang/ClassNotFoundException'{0x000000074f76af48}: java/awt/ContainerCustomizer> (0x000000074f76af48) thrown at [./src/hotspot/share/classfile/systemDictionary.cpp, line 231]
Event: 167.203 Thread 0x000001cd038fb800 Exception <a 'java/lang/ClassNotFoundException'{0x000000074f7a4430}: javax/swing/JComponentCustomizer> (0x000000074f7a4430) thrown at [./src/hotspot/share/classfile/systemDictionary.cpp, line 231]
Event: 167.222 Thread 0x000001cd038fb800 Exception <a 'java/lang/ClassNotFoundException'{0x000000074f644e58}: javax/swing/JPanelCustomizer> (0x000000074f644e58) thrown at [./src/hotspot/share/classfile/systemDictionary.cpp, line 231]
Event: 167.226 Thread 0x000001cd038fb800 Exception <a 'java/lang/ClassNotFoundException'{0x000000074f672e50}: org/jdesktop/swingx/JXPanelCustomizer> (0x000000074f672e50) thrown at [./src/hotspot/share/classfile/systemDictionary.cpp, line 231]
Event: 167.229 Thread 0x000001cd038fb800 Exception <a 'java/lang/ClassNotFoundException'{0x000000074f6aa988}: org/jdesktop/swingx/JXTitledPanelCustomizer> (0x000000074f6aa988) thrown at [./src/hotspot/share/classfile/systemDictionary.cpp, line 231]
Event: 167.232 Thread 0x000001cd038fb800 Exception <a 'java/lang/ClassNotFoundException'{0x000000074f6e0040}: ui/utils/swing/n/c/fCustomizer> (0x000000074f6e0040) thrown at [./src/hotspot/share/classfile/systemDictionary.cpp, line 231]
Event: 167.234 Thread 0x000001cd038fb800 Exception <a 'java/lang/ClassNotFoundException'{0x000000074f512210}: ui/views/waveform/g/yCustomizer> (0x000000074f512210) thrown at [./src/hotspot/share/classfile/systemDictionary.cpp, line 231]
Event: 167.244 Thread 0x000001cd038fb800 Implicit null exception at 0x000001cd472cd0f2 to 0x000001cd472cdb48
Event: 167.367 Thread 0x000001cd038fb800 Exception <a 'java/lang/NoSuchMethodError'{0x000000074f19d790}: 'java.lang.Object java.lang.invoke.DirectMethodHandle$Holder.invokeSpecial(java.lang.Object, java.lang.Object, int, int, int, long, long, long)'> (0x000000074f19d790) thrown at [./src/hotspot/share/interpreter/linkResolver.cpp, line 773]
Event: 167.368 Thread 0x000001cd038fb800 Exception <a 'java/lang/NoSuchMethodError'{0x000000074f1a0b90}: 'java.lang.Object java.lang.invoke.DelegatingMethodHandle$Holder.reinvoke_L(java.lang.Object, int, int, int, long, long, long)'> (0x000000074f1a0b90) thrown at [./src/hotspot/share/interpreter/linkResolver.cpp, line 773]
Event: 167.391 Thread 0x000001cd038fb800 Implicit null exception at 0x000001cd46ac57e7 to 0x000001cd46ac6268
Event: 167.442 Thread 0x000001cd12e4a000 Implicit null exception at 0x000001cd4710fe2a to 0x000001cd471105b0
Event: 167.527 Thread 0x000001cd038fb800 Exception <a 'java/lang/NoSuchMethodError'{0x000000074ec23da8}: 'java.lang.Object java.lang.invoke.DelegatingMethodHandle$Holder.reinvoke_L(java.lang.Object, java.lang.Object, int, int, java.lang.Object, java.lang.Object, java.lang.Object, java.lang.Object, java.lang.Object, int, java.lang.Object, java.lang.Object, int, int)'> (0x000000074ec23da8) thrown at [./src/hotspot/share/interpreter/linkResolver.cpp, line 773]
Event: 167.530 Thread 0x000001cd038fb800 Exception <a 'java/lang/NoSuchMethodError'{0x000000074ec9a888}: 'java.lang.Object java.lang.invoke.DirectMethodHandle$Holder.invokeSpecial(java.lang.Object, java.lang.Object, int, int, java.lang.Object, java.lang.Object, java.lang.Object, java.lang.Object, java.lang.Object, int, java.lang.Object, java.lang.Object, int, int)'> (0x000000074ec9a888) thrown at [./src/hotspot/share/interpreter/linkResolver.cpp, line 773]
Event: 167.530 Thread 0x000001cd038fb800 Exception <a 'java/lang/NoSuchMethodError'{0x000000074ec9e8f0}: 'java.lang.Object java.lang.invoke.DelegatingMethodHandle$Holder.reinvoke_L(java.lang.Object, int, int, java.lang.Object, java.lang.Object, java.lang.Object, java.lang.Object, java.lang.Object, int, java.lang.Object, java.lang.Object, int, int)'> (0x000000074ec9e8f0) thrown at [./src/hotspot/share/interpreter/linkResolver.cpp, line 773]
Event: 167.534 Thread 0x000001cd038fb800 Exception <a 'java/lang/NoSuchMethodError'{0x000000074eb47218}: 'java.lang.Object java.lang.invoke.DelegatingMethodHandle$Holder.reinvoke_L(java.lang.Object, java.lang.Object, java.lang.Object, java.lang.Object, java.lang.Object, java.lang.Object, int, java.lang.Object, java.lang.Object, int, int)'> (0x000000074eb47218) thrown at [./src/hotspot/share/interpreter/linkResolver.cpp, line 773]
Event: 169.235 Thread 0x000001cd038fb800 Exception <a 'java/io/FileNotFoundException'{0x000000074ff42f18}> (0x000000074ff42f18) thrown at [./src/hotspot/share/prims/jni.cpp, line 615]
Event: 169.299 Thread 0x000001cd038fb800 Exception <a 'java/io/FileNotFoundException'{0x000000074ffcf350}> (0x000000074ffcf350) thrown at [./src/hotspot/share/prims/jni.cpp, line 615]

Events (20 events):
Event: 169.113 loading class ui/data/o/b/c/k
Event: 169.113 loading class ui/data/o/b/c/k done
Event: 169.134 loading class java/awt/TexturePaintContext
Event: 169.134 loading class java/awt/TexturePaintContext done
Event: 169.135 loading class java/awt/TexturePaintContext$Int
Event: 169.135 loading class java/awt/TexturePaintContext$Int done
Event: 169.138 Thread 0x000001cd12e4b000 Thread added: 0x000001cd12e4b000
Event: 169.145 Thread 0x000001cd12e48800 Thread added: 0x000001cd12e48800
Event: 169.151 Thread 0x000001cd12e48800 Thread exited: 0x000001cd12e48800
Event: 169.151 Executing VM operation: G1CollectFull
Event: 169.151 Executing VM operation: G1CollectFull done
Event: 169.151 Executing VM operation: G1CollectForAllocation
Event: 169.162 Executing VM operation: G1CollectForAllocation done
Event: 169.163 Thread 0x000001cd12e4b000 Thread exited: 0x000001cd12e4b000
Event: 169.164 Executing VM operation: RevokeBias
Event: 169.164 Executing VM operation: RevokeBias done
Event: 169.835 Thread 0x000001cd12e46000 Thread exited: 0x000001cd12e46000
Event: 170.083 Thread 0x000001cd12e48800 Thread added: 0x000001cd12e48800
Event: 170.089 Thread 0x000001cd12e48800 Thread exited: 0x000001cd12e48800
Event: 170.842 Loaded shared library E:\Xilinx_2021\Vivado\2021.2\lib\win64.o\librdi_simdata.dll


Dynamic libraries:
0x00007ff67b0d0000 - 0x00007ff67b101000 	E:\Xilinx_2021\Vivado\2021.2\bin\unwrapped\win64.o\vivado.exe
0x00007ffe818b0000 - 0x00007ffe81aa5000 	C:\WINDOWS\SYSTEM32\ntdll.dll
0x00007ffe80f40000 - 0x00007ffe80ffe000 	C:\WINDOWS\System32\KERNEL32.DLL
0x00007ffe7f5f0000 - 0x00007ffe7f8b8000 	C:\WINDOWS\System32\KERNELBASE.dll
0x00007ffe7efd0000 - 0x00007ffe7f0d0000 	C:\WINDOWS\System32\ucrtbase.dll
0x00007ffe61fe0000 - 0x00007ffe6206d000 	C:\WINDOWS\SYSTEM32\MSVCP140.dll
0x00007ffe629b0000 - 0x00007ffe629cb000 	C:\WINDOWS\SYSTEM32\VCRUNTIME140.dll
0x00007ffe62910000 - 0x00007ffe6291c000 	C:\WINDOWS\SYSTEM32\VCRUNTIME140_1.dll
0x00007ffe78dd0000 - 0x00007ffe78de8000 	E:\Xilinx_2021\Vivado\2021.2\lib\win64.o\librdi_commonmain.dll
0x00007ffe048e0000 - 0x00007ffe05baa000 	E:\Xilinx_2021\Vivado\2021.2\lib\win64.o\librdi_common.dll
0x00007ffe810d0000 - 0x00007ffe81270000 	C:\WINDOWS\System32\USER32.dll
0x00007ffe788a0000 - 0x00007ffe788c1000 	E:\Xilinx_2021\Vivado\2021.2\lib\win64.o\libboost_filesystem.dll
0x00007ffe7f160000 - 0x00007ffe7f182000 	C:\WINDOWS\System32\win32u.dll
0x00007ffe79370000 - 0x00007ffe79379000 	E:\Xilinx_2021\Vivado\2021.2\lib\win64.o\librdi_commonversion.dll
0x00007ffe7f950000 - 0x00007ffe7f9fe000 	C:\WINDOWS\System32\ADVAPI32.dll
0x00007ffe7f910000 - 0x00007ffe7f93a000 	C:\WINDOWS\System32\GDI32.dll
0x00007ffe817d0000 - 0x00007ffe8186e000 	C:\WINDOWS\System32\msvcrt.dll
0x00007ffe7f320000 - 0x00007ffe7f42b000 	C:\WINDOWS\System32\gdi32full.dll
0x00007ffe48f90000 - 0x00007ffe49130000 	E:\Xilinx_2021\Vivado\2021.2\lib\win64.o\librdi_commonxillic.dll
0x00007ffe80920000 - 0x00007ffe809bc000 	C:\WINDOWS\System32\sechost.dll
0x00007ffe7f4e0000 - 0x00007ffe7f57d000 	C:\WINDOWS\System32\msvcp_win.dll
0x00007ffe80a40000 - 0x00007ffe80aab000 	C:\WINDOWS\System32\WS2_32.dll
0x00007ffe815c0000 - 0x00007ffe816e5000 	C:\WINDOWS\System32\RPCRT4.dll
0x0000000063370000 - 0x000000006349b000 	E:\Xilinx_2021\Vivado\2021.2\lib\win64.o\tcl85t.dll
0x00007ffe7f190000 - 0x00007ffe7f1b7000 	C:\WINDOWS\System32\bcrypt.dll
0x00007ffe800b0000 - 0x00007ffe807f4000 	C:\WINDOWS\System32\SHELL32.dll
0x00007ffe35b20000 - 0x00007ffe35e8e000 	E:\Xilinx_2021\Vivado\2021.2\lib\win64.o\libCOIN-all.dll
0x00007ffe78510000 - 0x00007ffe78521000 	E:\Xilinx_2021\Vivado\2021.2\lib\win64.o\libboost_date_time.dll
0x00007ffe6fe60000 - 0x00007ffe6fed9000 	E:\Xilinx_2021\Vivado\2021.2\lib\win64.o\libboost_program_options.dll
0x00007ffe4caa0000 - 0x00007ffe4cbb4000 	E:\Xilinx_2021\Vivado\2021.2\lib\win64.o\libboost_regex.dll
0x00007ffe786e0000 - 0x00007ffe786ec000 	E:\Xilinx_2021\Vivado\2021.2\lib\win64.o\libboost_xilinx.dll
0x00007ffe76ca0000 - 0x00007ffe76cbc000 	E:\Xilinx_2021\Vivado\2021.2\lib\win64.o\libboost_thread.dll
0x00007ffe68100000 - 0x00007ffe681a5000 	E:\Xilinx_2021\Vivado\2021.2\lib\win64.o\libhdxml.dll
0x00007ffe62f70000 - 0x00007ffe62ff2000 	E:\Xilinx_2021\Vivado\2021.2\lib\win64.o\libhdlpsolve.dll
0x00007ffe766a0000 - 0x00007ffe766ca000 	E:\Xilinx_2021\Vivado\2021.2\lib\win64.o\libisl_sysinfo.dll
0x00007ffe1edb0000 - 0x00007ffe1fd5f800 	E:\Xilinx_2021\Vivado\2021.2\lib\win64.o\libisl_iostreams.dll
0x00007ffe687d0000 - 0x00007ffe68835000 	E:\Xilinx_2021\Vivado\2021.2\lib\win64.o\liblmx6.0.dll
0x00007ffe76680000 - 0x00007ffe7669a000 	E:\Xilinx_2021\Vivado\2021.2\lib\win64.o\pthreadVC2.dll
0x00007ffe73810000 - 0x00007ffe7382c000 	E:\Xilinx_2021\Vivado\2021.2\lib\win64.o\librdiconfig.dll
0x00007ffe80800000 - 0x00007ffe80855000 	C:\WINDOWS\System32\SHLWAPI.dll
0x00007ffe737e0000 - 0x00007ffe73801000 	E:\Xilinx_2021\Vivado\2021.2\lib\win64.o\librdizlib.dll
0x00007ffe35850000 - 0x00007ffe35b11000 	E:\Xilinx_2021\Vivado\2021.2\lib\win64.o\xerces-c_3_2.dll
0x00007ffe35530000 - 0x00007ffe35846000 	E:\Xilinx_2021\Vivado\2021.2\lib\win64.o\libXil_lmgr11.dll
0x00007ffe816f0000 - 0x00007ffe817cb000 	C:\WINDOWS\System32\COMDLG32.dll
0x00007ffe80ab0000 - 0x00007ffe80e04000 	C:\WINDOWS\System32\combase.dll
0x00007ffe6a060000 - 0x00007ffe6a07a000 	C:\WINDOWS\SYSTEM32\NETAPI32.dll
0x00007ffe81020000 - 0x00007ffe810cd000 	C:\WINDOWS\System32\shcore.dll
0x00007ffe617f0000 - 0x00007ffe61cc6000 	C:\WINDOWS\SYSTEM32\WININET.dll
0x00007ffe72a90000 - 0x00007ffe72b9a000 	C:\WINDOWS\SYSTEM32\WINHTTP.dll
0x00007ffe6ce80000 - 0x00007ffe6d06c000 	C:\WINDOWS\SYSTEM32\urlmon.dll
0x00007ffe81270000 - 0x00007ffe8133d000 	C:\WINDOWS\System32\OLEAUT32.dll
0x00007ffe80e10000 - 0x00007ffe80f3a000 	C:\WINDOWS\System32\ole32.dll
0x00007ffe7f580000 - 0x00007ffe7f5e8000 	C:\WINDOWS\System32\WINTRUST.dll
0x00007ffe7f1c0000 - 0x00007ffe7f316000 	C:\WINDOWS\System32\CRYPT32.dll
0x00007ffe7d750000 - 0x00007ffe7d759000 	C:\WINDOWS\SYSTEM32\WSOCK32.dll
0x00007ffe6d860000 - 0x00007ffe6d891000 	C:\WINDOWS\SYSTEM32\VCOMP140.DLL
0x00007ffe029c0000 - 0x00007ffe048d7000 	E:\Xilinx_2021\Vivado\2021.2\lib\win64.o\gurobi90.dll
0x00007ffe809d0000 - 0x00007ffe80a26000 	C:\WINDOWS\System32\WLDAP32.dll
0x00007ffe80a30000 - 0x00007ffe80a38000 	C:\WINDOWS\System32\Normaliz.dll
0x00007ffe6cba0000 - 0x00007ffe6cbc4000 	E:\Xilinx_2021\Vivado\2021.2\lib\win64.o\libisl_iosutils.dll
0x00007ffe70b90000 - 0x00007ffe70ba8000 	E:\Xilinx_2021\Vivado\2021.2\lib\win64.o\libboost_iostreams.dll
0x00007ffe6ae20000 - 0x00007ffe6aed0000 	C:\WINDOWS\WinSxS\amd64_microsoft.windows.common-controls_6595b64144ccf1df_5.82.19041.1110_none_792d1c772443f647\COMCTL32.dll
0x00007ffe6daf0000 - 0x00007ffe6dda1000 	C:\WINDOWS\SYSTEM32\iertutil.dll
0x00007ffe6ce50000 - 0x00007ffe6ce78000 	C:\WINDOWS\SYSTEM32\srvcli.dll
0x00007ffe7e480000 - 0x00007ffe7e48c000 	C:\WINDOWS\SYSTEM32\netutils.dll
0x00007ffe77920000 - 0x00007ffe7793d000 	C:\WINDOWS\SYSTEM32\dhcpcsvc.DLL
0x00007ffe7eed0000 - 0x00007ffe7eefe000 	C:\WINDOWS\SYSTEM32\USERENV.dll
0x00007ffe7e7a0000 - 0x00007ffe7e80a000 	C:\WINDOWS\SYSTEM32\MSWSOCK.DLL
0x00007ffe81590000 - 0x00007ffe815c0000 	C:\WINDOWS\System32\IMM32.DLL
0x00007ffe7ebc0000 - 0x00007ffe7ebd2000 	C:\WINDOWS\SYSTEM32\MSASN1.dll
0x00007ffe7d880000 - 0x00007ffe7d892000 	C:\WINDOWS\SYSTEM32\kernel.appcore.dll
0x00007ffe31880000 - 0x00007ffe31db3000 	E:\Xilinx_2021\Vivado\2021.2\lib\win64.o\librdi_commontasks.dll
0x00007ffe77850000 - 0x00007ffe7785a000 	C:\WINDOWS\SYSTEM32\VERSION.dll
0x00007ffe35200000 - 0x00007ffe35525a00 	E:\Xilinx_2021\Vivado\2021.2\lib\win64.o\librdi_sio.dll
0x00007ffe0e620000 - 0x00007ffe0f16d000 	E:\Xilinx_2021\Vivado\2021.2\tps\win64\jre11.0.11_9\bin\server\jvm.dll
0x00007ffe7e440000 - 0x00007ffe7e47b000 	C:\WINDOWS\SYSTEM32\IPHLPAPI.DLL
0x00007ffe809c0000 - 0x00007ffe809c8000 	C:\WINDOWS\System32\PSAPI.DLL
0x00007ffe6cda0000 - 0x00007ffe6cdc7000 	C:\WINDOWS\SYSTEM32\WINMM.dll
0x00007ffe637b0000 - 0x00007ffe637c7000 	C:\WINDOWS\system32\napinsp.dll
0x00007ffe637d0000 - 0x00007ffe637eb000 	C:\WINDOWS\system32\pnrpnsp.dll
0x00007ffe789f0000 - 0x00007ffe78a05000 	C:\WINDOWS\system32\wshbth.dll
0x00007ffe7a070000 - 0x00007ffe7a08d000 	C:\WINDOWS\system32\NLAapi.dll
0x00007ffe7e490000 - 0x00007ffe7e55b000 	C:\WINDOWS\SYSTEM32\DNSAPI.dll
0x00007ffe7f940000 - 0x00007ffe7f948000 	C:\WINDOWS\System32\NSI.dll
0x00007ffe654e0000 - 0x00007ffe654f2000 	C:\WINDOWS\System32\winrnr.dll
0x00007ffe7cf90000 - 0x00007ffe7d724000 	C:\WINDOWS\SYSTEM32\windows.storage.dll
0x00007ffe7ea40000 - 0x00007ffe7ea6c000 	C:\WINDOWS\SYSTEM32\Wldp.dll
0x00007ffdffdb0000 - 0x00007ffe029bc000 	E:\Xilinx_2021\Vivado\2021.2\lib\win64.o\librdi_tcltasks.dll
0x00007ffe6b360000 - 0x00007ffe6b3a4000 	E:\Xilinx_2021\Vivado\2021.2\lib\win64.o\libboost_serialization.dll
0x00007ffe35040000 - 0x00007ffe351fd000 	E:\Xilinx_2021\Vivado\2021.2\lib\win64.o\librdi_board.dll
0x00007ffe21fd0000 - 0x00007ffe22498000 	E:\Xilinx_2021\Vivado\2021.2\lib\win64.o\librdi_bitstream.dll
0x00007ffe61060000 - 0x00007ffe610e0000 	E:\Xilinx_2021\Vivado\2021.2\lib\win64.o\librdi_boarddep.dll
0x00007ffe39ef0000 - 0x00007ffe3a017000 	E:\Xilinx_2021\Vivado\2021.2\lib\win64.o\librdi_chipscope.dll
0x00007ffe32240000 - 0x00007ffe32437000 	E:\Xilinx_2021\Vivado\2021.2\lib\win64.o\librdi_chipscopeimpl.dll
0x00007ffe31710000 - 0x00007ffe31872000 	E:\Xilinx_2021\Vivado\2021.2\lib\win64.o\librdi_containers.dll
0x00007ffdfde40000 - 0x00007ffdffda6000 	E:\Xilinx_2021\Vivado\2021.2\lib\win64.o\librdi_constraints.dll
0x00007ffdfb940000 - 0x00007ffdfde32000 	E:\Xilinx_2021\Vivado\2021.2\lib\win64.o\librdi_coregen.dll
0x00007ffdf92d0000 - 0x00007ffdf99f0000 	E:\Xilinx_2021\Vivado\2021.2\lib\win64.o\librdi_coregenipxact.dll
0x00007ffdf99f0000 - 0x00007ffdfb938000 	E:\Xilinx_2021\Vivado\2021.2\lib\win64.o\librdi_designutils.dll
0x00007ffe2cda0000 - 0x00007ffe2d108000 	E:\Xilinx_2021\Vivado\2021.2\lib\win64.o\librdi_dlyest.dll
0x00007ffdd9560000 - 0x00007ffdd9bfe000 	E:\Xilinx_2021\Vivado\2021.2\lib\win64.o\librdi_drc.dll
0x00007ffe3e3a0000 - 0x00007ffe3e455000 	E:\Xilinx_2021\Vivado\2021.2\lib\win64.o\librdi_dsp.dll
0x00007ffe68240000 - 0x00007ffe682a9000 	E:\Xilinx_2021\Vivado\2021.2\lib\win64.o\librdi_hdf.dll
0x00007ffe2d5e0000 - 0x00007ffe2d904000 	E:\Xilinx_2021\Vivado\2021.2\lib\win64.o\librdi_guitools.dll
0x00007ffdd8ee0000 - 0x00007ffdd955e000 	E:\Xilinx_2021\Vivado\2021.2\lib\win64.o\librdi_filemgmt.dll
0x00007ffe22720000 - 0x00007ffe229cf000 	E:\Xilinx_2021\Vivado\2021.2\lib\win64.o\librdi_hip_devdesign.dll
0x00007ffe22b90000 - 0x00007ffe22cd7000 	E:\Xilinx_2021\Vivado\2021.2\lib\win64.o\librdi_hip_perf_analysis.dll
0x00007ffdd8170000 - 0x00007ffdd8edb000 	E:\Xilinx_2021\Vivado\2021.2\lib\win64.o\librdi_implflow.dll
0x00007ffe3dc60000 - 0x00007ffe3dd76000 	E:\Xilinx_2021\Vivado\2021.2\lib\win64.o\librdi_ipconfig_readwrite.dll
0x00007ffdd7a70000 - 0x00007ffdd8164000 	E:\Xilinx_2021\Vivado\2021.2\lib\win64.o\librdi_lopt.dll
0x00007ffdd7420000 - 0x00007ffdd7a70000 	E:\Xilinx_2021\Vivado\2021.2\lib\win64.o\librdi_memdata.dll
0x00007ffe4ad20000 - 0x00007ffe4ad93000 	E:\Xilinx_2021\Vivado\2021.2\lib\win64.o\librdi_memoryarray.dll
0x00007ffdd47d0000 - 0x00007ffdd4f0b000 	E:\Xilinx_2021\Vivado\2021.2\lib\win64.o\librdi_netlist.dll
0x00007ffdd4f10000 - 0x00007ffdd741b000 	E:\Xilinx_2021\Vivado\2021.2\lib\win64.o\librdi_mig.dll
0x00007ffe4abe0000 - 0x00007ffe4ac53000 	E:\Xilinx_2021\Vivado\2021.2\lib\win64.o\librdi_noc_frameworks.dll
0x00007ffe66bd0000 - 0x00007ffe66c27000 	E:\Xilinx_2021\Vivado\2021.2\lib\win64.o\librdi_pfi.dll
0x00007ffe20050000 - 0x00007ffe20440000 	E:\Xilinx_2021\Vivado\2021.2\lib\win64.o\librdi_platform.dll
0x00007ffdd1120000 - 0x00007ffdd19d9000 	E:\Xilinx_2021\Vivado\2021.2\lib\win64.o\librdi_power.dll
0x00007ffdd9c00000 - 0x00007ffdf92c2000 	E:\Xilinx_2021\Vivado\2021.2\lib\win64.o\librdi_device.dll
0x00007ffdd19e0000 - 0x00007ffdd47c2000 	E:\Xilinx_2021\Vivado\2021.2\lib\win64.o\librdi_place.dll
0x00007ffdd0a30000 - 0x00007ffdd1113000 	E:\Xilinx_2021\Vivado\2021.2\lib\win64.o\librdi_project.dll
0x00007ffdd0300000 - 0x00007ffdd0a2c000 	E:\Xilinx_2021\Vivado\2021.2\lib\win64.o\librdi_psta.dll
0x00007ffdcfa40000 - 0x00007ffdd02fe000 	E:\Xilinx_2021\Vivado\2021.2\lib\win64.o\librdi_rsb.dll
0x00007ffe13320000 - 0x00007ffe1385f000 	E:\Xilinx_2021\Vivado\2021.2\lib\win64.o\librdi_runs.dll
0x00007ffe315f0000 - 0x00007ffe31707000 	E:\Xilinx_2021\Vivado\2021.2\lib\win64.o\librdi_runsbase.dll
0x00007ffe0e3a0000 - 0x00007ffe0e61b000 	E:\Xilinx_2021\Vivado\2021.2\lib\win64.o\librdi_simdata.dll
0x00007ffe22600000 - 0x00007ffe22714000 	E:\Xilinx_2021\Vivado\2021.2\lib\win64.o\librdi_xhub.dll
0x00007ffe39260000 - 0x00007ffe39307000 	E:\Xilinx_2021\Vivado\2021.2\lib\win64.o\librdi_xhubtasks.dll

dbghelp: loaded successfully - version: 4.0.5 - missing functions: none
symbol engine: initialized successfully - sym options: 0x614 - pdb path: .;E:\Xilinx_2021\Vivado\2021.2\bin\unwrapped\win64.o;C:\WINDOWS\SYSTEM32;E:\Xilinx_2021\Vivado\2021.2\lib\win64.o;C:\WINDOWS\WinSxS\amd64_microsoft.windows.common-controls_6595b64144ccf1df_5.82.19041.1110_none_792d1c772443f647;E:\Xilinx_2021\Vivado\2021.2\tps\win64\jre11.0.11_9\bin\server;E:\Xilinx_2021\Vivado\2021.2\tps\win64\python-3.8.3;E:\Xilinx_2021\Vivado\2021.2\tps\win64\jre11.0.11_9\bin;C:\WINDOWS\WinSxS\amd64_microsoft.windows.common-controls_6595b64144ccf1df_6.0.19041.1110_none_60b5254171f9507e

VM Arguments:
jvm_args: -Dsun.java2d.pmoffscreen=false -Dhttps.protocols=TLSv1,TLSv1.1,TLSv1.2 -Dsun.java2d.xrender=false -Dsun.java2d.d3d=false -Dsun.awt.nopixfmt=true -Dsun.java2d.dpiaware=true -Dsun.java2d.uiScale.enabled=false -Xverify:none -Dswing.aatext=true -XX:-UsePerfData -Djdk.map.althashing.threshold=512 -XX:StringTableSize=4072 --add-opens=java.base/java.nio=ALL-UNNAMED --add-opens=java.desktop/sun.swing=ALL-UNNAMED --add-opens=java.desktop/javax.swing=ALL-UNNAMED --add-opens=java.desktop/javax.swing.tree=ALL-UNNAMED --add-opens=java.desktop/javax.swing.plaf.basic=ALL-UNNAMED --add-opens=java.desktop/javax.swing.plaf.synth=ALL-UNNAMED --add-opens=java.desktop/com.sun.awt=ALL-UNNAMED -XX:NewSize=60m -XX:MaxNewSize=60m -Xms256m -Xmx3072m -Xss5m 
java_command: <unknown>
java_class_path (initial): E:/Xilinx_2021/Vivado/2021.2\lib\classes\alloy.jar;E:/Xilinx_2021/Vivado/2021.2\lib\classes\autoesl-models.jar;E:/Xilinx_2021/Vivado/2021.2\lib\classes\batik-anim.jar;E:/Xilinx_2021/Vivado/2021.2\lib\classes\batik-awt-util.jar;E:/Xilinx_2021/Vivado/2021.2\lib\classes\batik-bridge.jar;E:/Xilinx_2021/Vivado/2021.2\lib\classes\batik-codec.jar;E:/Xilinx_2021/Vivado/2021.2\lib\classes\batik-css.jar;E:/Xilinx_2021/Vivado/2021.2\lib\classes\batik-dom.jar;E:/Xilinx_2021/Vivado/2021.2\lib\classes\batik-ext.jar;E:/Xilinx_2021/Vivado/2021.2\lib\classes\batik-gui-util.jar;E:/Xilinx_2021/Vivado/2021.2\lib\classes\batik-gvt.jar;E:/Xilinx_2021/Vivado/2021.2\lib\classes\batik-parser.jar;E:/Xilinx_2021/Vivado/2021.2\lib\classes\batik-script.jar;E:/Xilinx_2021/Vivado/2021.2\lib\classes\batik-svg-dom.jar;E:/Xilinx_2021/Vivado/2021.2\lib\classes\batik-svggen.jar;E:/Xilinx_2021/Vivado/2021.2\lib\classes\batik-swing.jar;E:/Xilinx_2021/Vivado/2021.2\lib\classes\batik-transcoder.jar;E:/Xilinx_2021/Vivado/2021.2\lib\classes\batik-util.jar;E:/Xilinx_2021/Vivado/2021.2\lib\classes\batik-xml.jar;E:/Xilinx_2021/Vivado/2021.2\lib\classes\com.google.gson_2.8.2.v20180104-1110.jar;E:/Xilinx_2021/Vivado/2021.2\lib\classes\com.google.guava_27.1.0.v20190517-1946.jar;E:/Xilinx_2021/Vivado/2021.2\lib\classes\com.sigasi.hdt.connection_4.11.0.202105170810.jar;E:/Xilinx_2021/Vivado/2021.2\lib\classes\com.sigasi.hdt.epl_4.11.0.202105170810.jar;E:/Xilinx_2021/Vivado/2021.2\lib\classes\com.sigasi.hdt.project_4.11.0.202105170810.jar;E:/Xilinx_2021/Vivado/2021.2\lib\classes\com.sigasi.hdt.readonlyfilesystem_4.11.0.202105170810.jar;E:/Xilinx_2021/Vivado/2021.2\lib\classes\com.sigasi.hdt.shared_4.11.0.202105170810.jar;E:/Xilinx_2021/Vivado/2021.2\lib\classes\com.sigasi.lcm_4.11.0.202105170810.jar;E:/Xilinx_2021/Vivado/2021.2\lib\classes\com.sigasi.sdk.client_4.11.0.202105170810.jar;E:/Xilinx_2021/Vivado/2021.2\lib\classes\commons-collections4-4.1.jar;E:/Xilinx_2021/Vivado/2021.2\lib\c
Launcher Type: generic

[Global flags]
     bool BytecodeVerificationLocal                = false                                     {product} {command line}
     bool BytecodeVerificationRemote               = false                                     {product} {command line}
     intx CICompilerCount                          = 4                                         {product} {ergonomic}
     uint ConcGCThreads                            = 2                                         {product} {ergonomic}
     uint G1ConcRefinementThreads                  = 8                                         {product} {ergonomic}
   size_t G1HeapRegionSize                         = 1048576                                   {product} {ergonomic}
    uintx GCDrainStackTargetSize                   = 64                                        {product} {ergonomic}
   size_t InitialHeapSize                          = 268435456                                 {product} {command line}
   size_t MarkStackSize                            = 4194304                                   {product} {ergonomic}
   size_t MaxHeapSize                              = 3221225472                                {product} {command line}
   size_t MaxNewSize                               = 62914560                                  {product} {command line}
   size_t MinHeapDeltaBytes                        = 1048576                                   {product} {ergonomic}
   size_t NewSize                                  = 62914560                                  {product} {command line}
    uintx NonNMethodCodeHeapSize                   = 5836300                                {pd product} {ergonomic}
    uintx NonProfiledCodeHeapSize                  = 122910970                              {pd product} {ergonomic}
    uintx ProfiledCodeHeapSize                     = 122910970                              {pd product} {ergonomic}
    uintx ReservedCodeCacheSize                    = 251658240                              {pd product} {ergonomic}
     bool SegmentedCodeCache                       = true                                      {product} {ergonomic}
    uintx StringTableSize                          = 4072                                      {product} {command line}
     intx ThreadStackSize                          = 5120                                   {pd product} {command line}
     bool UseCompressedClassPointers               = true                                 {lp64_product} {ergonomic}
     bool UseCompressedOops                        = true                                 {lp64_product} {ergonomic}
     bool UseG1GC                                  = true                                      {product} {ergonomic}
     bool UseLargePagesIndividualAllocation        = false                                  {pd product} {ergonomic}
     bool UsePerfData                              = false                                     {product} {command line}

Logging:
Log output configuration:
 #0: stdout all=warning uptime,level,tags
 #1: stderr all=off uptime,level,tags

Environment Variables:
JAVA_HOME=C:\Program Files\Eclipse Foundation\jdk-16.0.2.7-hotspot
PATH=E:/Xilinx_2021/Vivado/2021.2/bin;E:/Xilinx_2021/Vivado/2021.2/tps/win64/javafx-sdk-11.0.2/lib;E:/Xilinx_2021/Vivado/2021.2/tps/win64/javafx-sdk-11.0.2/bin;E:/Xilinx_2021/Vivado/2021.2/lib/win64.o;E:/Xilinx_2021/Vivado/2021.2/tps/win64/jre11.0.11_9/bin/server;E:/Xilinx_2021/Vivado/2021.2/tps/win64/jre11.0.11_9/bin;E:/Xilinx_2021/Vivado/2021.2/ids_lite/ISE/bin/nt64;E:/Xilinx_2021/Vivado/2021.2/ids_lite/ISE/lib/nt64;E:/Xilinx_2021/Vitis_HLS/2021.2/bin;C:\Program Files\Eclipse Foundation\jdk-16.0.2.7-hotspot\bin;C:\Program Files (x86)\Common Files\Oracle\Java\javapath;C:\Windows\system32;C:\Windows;C:\Windows\System32\Wbem;C:\Windows\System32\WindowsPowerShell\v1.0\;C:\Windows\System32\OpenSSH\;C:\Program Files\Java\jdk-12.0.2;C:\Program Files (x86)\Windows Kits\8.1\Windows Performance Toolkit\;C:\Program Files\nodejs\;C:\Program Files\PuTTY\;C:\Program Files\Microsoft SQL Server\Client SDK\ODBC\110\Tools\Binn\;C:\Program Files (x86)\Microsoft SQL Server\120\Tools\Binn\;C:\Program Files\Microsoft SQL Server\120\Tools\Binn\;C:\Program Files\Microsoft SQL Server\120\DTS\Binn\;C:\Program Files (x86)\NVIDIA Corporation\PhysX\Common;C:\Program Files (x86)\Calibre2\;C:\Program Files (x86)\ZeroTier\One\;E:\remoteit\resources\x64;C:\Program Files\NVIDIA Corporation\NVIDIA NvDLISR;E:\matlab\bin;C:\Program Files\Cloudflare\Cloudflare WARP\;C:\Program Files\dotnet\;C:\Users\Kyouma48596\AppData\Local\ActiveState\StateTool\release;C:\Users\Kyouma48596\AppData\Local\activestate\cache\bin;C:\Users\Kyouma48596\AppData\Local\Microsoft\WindowsApps;C:\Mingw-w64\mingw32\bin;D:\texlive\2019\bin\win32;C:\Users\Kyouma48596\AppData\Roaming\npm;C:\Program Files\JetBrains\PyCharm Community Edition 2019.2.5\bin;C:\iverilog\bin;C:\iverilog\gtkwave\bin;C:\Users\Kyouma48596\AppData\Local\GitHubDesktop\bin;C:\Users\Kyouma48596\AppData\Roaming\Python\Python37\Scripts;d:\modelsim\win32pe_edu;D:\intelFPGA\20.1\modelsim_ase\win32aloem;D:\intelFPGA_lite\20.1\modelsim_ase\win32aloem;C:\Users\Kyouma48596\
USERNAME=Kyouma48596
OS=Windows_NT
PROCESSOR_IDENTIFIER=Intel64 Family 6 Model 94 Stepping 3, GenuineIntel



---------------  S Y S T E M  ---------------

OS: Windows 10 , 64 bit Build 19041 (10.0.19041.1645)
OS uptime: 4 days 12:46 hours

CPU:total 8 (initial active 8) (4 cores per cpu, 2 threads per core) family 6 model 94 stepping 3 microcode 0xcc, cmov, cx8, fxsr, mmx, sse, sse2, sse3, ssse3, sse4.1, sse4.2, popcnt, avx, avx2, aes, clmul, erms, rtm, 3dnowpref, lzcnt, ht, tsc, tscinvbit, bmi1, bmi2, adx, fma

Memory: 4k page, system-wide physical 8064M (3057M free)
TotalPageFile size 15232M (AvailPageFile size 5719M)
current process WorkingSet (physical memory assigned to process): 815M, peak: 1320M
current process commit charge ("private bytes"): 944M, peak: 1585M

vm_info: OpenJDK 64-Bit Server VM (11.0.11+9) for windows-amd64 JRE (11.0.11+9), built on Apr  9 2021 19:32:08 by "" with MS VC++ 15.5 (VS2017)

END.
