Time resolution is 1 ps
UVM_INFO /proj/xbuilds/SWIP/9999.0_0805_2155/installs/lin64/Vivado/2022.1/data/system_verilog/uvm_1.2/xlnx_uvm_package.sv(18601) @ 0: reporter [UVM/RELNOTES] 
      (Specify +UVM_NO_RELNOTES to turn off this notice)
  with `UVM_OBJECT_DO_NOT_NEED_CONSTRUCTOR undefined.

  You are using a version of the UVM library that has been compiled
  with `UVM_NO_DEPRECATED undefined.

  You are using a version of the UVM library that has been compiled

  ***********       IMPORTANT RELEASE NOTES         ************
----------------------------------------------------------------
(C) 2013-2014 NVIDIA Corporation
(C) 2011-2013 Cypress Semiconductor Corp.
(C) 2006-2014 Synopsys, Inc.
(C) 2007-2014 Cadence Design Systems, Inc.
(C) 2007-2014 Mentor Graphics Corporation


----------------------------------------------------------------

arr[CORE0_ADDR]=00
arr[CORE1_ADDR]=01
arr[CORE2_ADDR]=02
arr[CORE3_ADDR]=10
arr[CORE4_ADDR]=11
arr[CORE5_ADDR]=12
UVM_INFO @ 0: reporter [RNTST] Running test noc_test...
UVM_INFO ../../../../NoC_verif_own.srcs/sources_1/new/noc_test.sv(41) @ 0: uvm_test_top [ENV] core_selection_vector is: 101000
UVM_INFO /proj/xbuilds/SWIP/9999.0_0805_2155/installs/lin64/Vivado/2022.1/data/system_verilog/uvm_1.2/xlnx_uvm_package.sv(20867) @ 0: reporter [UVM/COMP/NAMECHECK] This implementation of the component name checks requires DPI to be enabled
UVM_INFO ../../../../NoC_verif_own.srcs/sources_1/new/noc_test.sv(52) @ 0: uvm_test_top [TEST] Test runphase
UVM_INFO ../../../../NoC_verif_own.srcs/sources_1/new/noc_monitor.sv(110) @ 0: uvm_test_top.env.agent[5].monitor [MONITOR_OUT] Waiting for header_flit
UVM_INFO ../../../../NoC_verif_own.srcs/sources_1/new/noc_monitor.sv(110) @ 0: uvm_test_top.env.agent[4].monitor [MONITOR_OUT] Waiting for header_flit
UVM_INFO ../../../../NoC_verif_own.srcs/sources_1/new/noc_monitor.sv(110) @ 0: uvm_test_top.env.agent[3].monitor [MONITOR_OUT] Waiting for header_flit
UVM_INFO ../../../../NoC_verif_own.srcs/sources_1/new/noc_monitor.sv(110) @ 0: uvm_test_top.env.agent[2].monitor [MONITOR_OUT] Waiting for header_flit
UVM_INFO ../../../../NoC_verif_own.srcs/sources_1/new/noc_monitor.sv(110) @ 0: uvm_test_top.env.agent[1].monitor [MONITOR_OUT] Waiting for header_flit
UVM_INFO ../../../../NoC_verif_own.srcs/sources_1/new/noc_monitor.sv(110) @ 0: uvm_test_top.env.agent[0].monitor [MONITOR_OUT] Waiting for header_flit
UVM_INFO ../../../../NoC_verif_own.srcs/sources_1/new/noc_sequence.sv(34) @ 0: uvm_test_top.env.agent[5].sequencer@@seq[          5] [SEQ] IN TASK BODY
UVM_INFO ../../../../NoC_verif_own.srcs/sources_1/new/noc_sequence.sv(50) @ 0: uvm_test_top.env.agent[5].sequencer@@seq[          5] [SEQ] Value of line count is =          15
UVM_INFO ../../../../NoC_verif_own.srcs/sources_1/new/noc_sequence.sv(51) @ 0: uvm_test_top.env.agent[5].sequencer@@seq[          5] [SEQ] Value of pkt count is =           3
UVM_INFO ../../../../NoC_verif_own.srcs/sources_1/new/noc_sequence.sv(34) @ 0: uvm_test_top.env.agent[3].sequencer@@seq[          3] [SEQ] IN TASK BODY
UVM_INFO ../../../../NoC_verif_own.srcs/sources_1/new/noc_sequence.sv(50) @ 0: uvm_test_top.env.agent[3].sequencer@@seq[          3] [SEQ] Value of line count is =          15
UVM_INFO ../../../../NoC_verif_own.srcs/sources_1/new/noc_sequence.sv(51) @ 0: uvm_test_top.env.agent[3].sequencer@@seq[          3] [SEQ] Value of pkt count is =           3
UVM_INFO ../../../../NoC_verif_own.srcs/sources_1/new/noc_driver.sv(101) @ 15000: uvm_test_top.env.agent[5].driver [DRIVER] Driving invalid
UVM_INFO ../../../../NoC_verif_own.srcs/sources_1/new/noc_driver.sv(101) @ 15000: uvm_test_top.env.agent[4].driver [DRIVER] Driving invalid
UVM_INFO ../../../../NoC_verif_own.srcs/sources_1/new/noc_driver.sv(101) @ 15000: uvm_test_top.env.agent[3].driver [DRIVER] Driving invalid
UVM_INFO ../../../../NoC_verif_own.srcs/sources_1/new/noc_driver.sv(101) @ 15000: uvm_test_top.env.agent[2].driver [DRIVER] Driving invalid
UVM_INFO ../../../../NoC_verif_own.srcs/sources_1/new/noc_driver.sv(101) @ 15000: uvm_test_top.env.agent[1].driver [DRIVER] Driving invalid
UVM_INFO ../../../../NoC_verif_own.srcs/sources_1/new/noc_driver.sv(101) @ 15000: uvm_test_top.env.agent[0].driver [DRIVER] Driving invalid
UVM_INFO ../../../../NoC_verif_own.srcs/sources_1/new/noc_monitor.sv(63) @ 16000: uvm_test_top.env.agent[5].monitor [MONITOR] Waiting for header_flit (001)
UVM_INFO ../../../../NoC_verif_own.srcs/sources_1/new/noc_monitor.sv(63) @ 16000: uvm_test_top.env.agent[4].monitor [MONITOR] Waiting for header_flit (001)
UVM_INFO ../../../../NoC_verif_own.srcs/sources_1/new/noc_monitor.sv(63) @ 16000: uvm_test_top.env.agent[3].monitor [MONITOR] Waiting for header_flit (001)
UVM_INFO ../../../../NoC_verif_own.srcs/sources_1/new/noc_monitor.sv(63) @ 16000: uvm_test_top.env.agent[2].monitor [MONITOR] Waiting for header_flit (001)
UVM_INFO ../../../../NoC_verif_own.srcs/sources_1/new/noc_monitor.sv(63) @ 16000: uvm_test_top.env.agent[1].monitor [MONITOR] Waiting for header_flit (001)
UVM_INFO ../../../../NoC_verif_own.srcs/sources_1/new/noc_monitor.sv(63) @ 16000: uvm_test_top.env.agent[0].monitor [MONITOR] Waiting for header_flit (001)
UVM_INFO ../../../../NoC_verif_own.srcs/sources_1/new/noc_driver.sv(61) @ 25000: uvm_test_top.env.agent[0].driver [DIVER] waiting for seq item
UVM_INFO ../../../../NoC_verif_own.srcs/sources_1/new/noc_driver.sv(61) @ 25000: uvm_test_top.env.agent[1].driver [DIVER] waiting for seq item
UVM_INFO ../../../../NoC_verif_own.srcs/sources_1/new/noc_driver.sv(61) @ 25000: uvm_test_top.env.agent[2].driver [DIVER] waiting for seq item
UVM_INFO ../../../../NoC_verif_own.srcs/sources_1/new/noc_driver.sv(61) @ 25000: uvm_test_top.env.agent[3].driver [DIVER] waiting for seq item
UVM_INFO ../../../../NoC_verif_own.srcs/sources_1/new/noc_driver.sv(61) @ 25000: uvm_test_top.env.agent[4].driver [DIVER] waiting for seq item
UVM_INFO ../../../../NoC_verif_own.srcs/sources_1/new/noc_driver.sv(61) @ 25000: uvm_test_top.env.agent[5].driver [DIVER] waiting for seq item
UVM_INFO ../../../../NoC_verif_own.srcs/sources_1/new/noc_sequence.sv(90) @ 25000: uvm_test_top.env.agent[5].sequencer@@seq[          5] [SEQ]  IN Seq Value of core_seq_num is           5 vc_id  is = 01 , src_addr is 00010010 dst_addr is 00000000 
UVM_INFO ../../../../NoC_verif_own.srcs/sources_1/new/noc_sequence.sv(90) @ 25000: uvm_test_top.env.agent[3].sequencer@@seq[          3] [SEQ]  IN Seq Value of core_seq_num is           3 vc_id  is = 01 , src_addr is 00010000 dst_addr is 00000000 
UVM_INFO ../../../../NoC_verif_own.srcs/sources_1/new/noc_driver.sv(63) @ 25000: uvm_test_top.env.agent[5].driver [DIVER] got seq item
UVM_INFO ../../../../NoC_verif_own.srcs/sources_1/new/noc_driver.sv(73) @ 25000: uvm_test_top.env.agent[5].driver [DIVER] driving data (header): 00101000000000000001001000000000
UVM_INFO ../../../../NoC_verif_own.srcs/sources_1/new/noc_driver.sv(63) @ 25000: uvm_test_top.env.agent[3].driver [DIVER] got seq item
UVM_INFO ../../../../NoC_verif_own.srcs/sources_1/new/noc_driver.sv(73) @ 25000: uvm_test_top.env.agent[3].driver [DIVER] driving data (header): 00101000000000000001000000000000
UVM_INFO ../../../../NoC_verif_own.srcs/sources_1/new/noc_monitor.sv(65) @ 35000: uvm_test_top.env.agent[3].monitor [MONITOR] Got header_flit (001)
UVM_INFO ../../../../NoC_verif_own.srcs/sources_1/new/noc_monitor.sv(70) @ 35000: uvm_test_top.env.agent[3].monitor [MONITOR] Waiting for payload_flit (000)
UVM_INFO ../../../../NoC_verif_own.srcs/sources_1/new/noc_monitor.sv(65) @ 35000: uvm_test_top.env.agent[5].monitor [MONITOR] Got header_flit (001)
UVM_INFO ../../../../NoC_verif_own.srcs/sources_1/new/noc_monitor.sv(70) @ 35000: uvm_test_top.env.agent[5].monitor [MONITOR] Waiting for payload_flit (000)
UVM_INFO ../../../../NoC_verif_own.srcs/sources_1/new/noc_driver.sv(83) @ 125000: uvm_test_top.env.agent[5].driver [DIVER] driving data (payload): 00001110101111000011011001100011
UVM_INFO ../../../../NoC_verif_own.srcs/sources_1/new/noc_driver.sv(83) @ 125000: uvm_test_top.env.agent[3].driver [DIVER] driving data (payload): 00001100001110110010000101111100
UVM_INFO ../../../../NoC_verif_own.srcs/sources_1/new/noc_monitor.sv(72) @ 125000: uvm_test_top.env.agent[5].monitor [MONITOR] Got payload_flit (000)
UVM_INFO ../../../../NoC_verif_own.srcs/sources_1/new/noc_monitor.sv(72) @ 125000: uvm_test_top.env.agent[3].monitor [MONITOR] Got payload_flit (000)
UVM_INFO ../../../../NoC_verif_own.srcs/sources_1/new/noc_driver.sv(83) @ 135000: uvm_test_top.env.agent[3].driver [DIVER] driving data (payload): 00001011111111010100001001010111
UVM_INFO ../../../../NoC_verif_own.srcs/sources_1/new/noc_driver.sv(83) @ 135000: uvm_test_top.env.agent[5].driver [DIVER] driving data (payload): 00001110101111100010111000100011
UVM_INFO ../../../../NoC_verif_own.srcs/sources_1/new/noc_driver.sv(88) @ 145000: uvm_test_top.env.agent[5].driver [DIVER] driving data (tailer): 01001000000000000000000000000000
UVM_INFO ../../../../NoC_verif_own.srcs/sources_1/new/noc_driver.sv(88) @ 145000: uvm_test_top.env.agent[3].driver [DIVER] driving data (tailer): 01001000000000000000000000000000
UVM_INFO ../../../../NoC_verif_own.srcs/sources_1/new/noc_monitor.sv(87) @ 145000: uvm_test_top.env.agent[5].monitor [MONITOR] Got tailer_flit (010)
UVM_INFO ../../../../NoC_verif_own.srcs/sources_1/new/noc_monitor.sv(93) @ 145000: uvm_test_top.env.agent[5].monitor [MONITOR] Sent a pkt
UVM_INFO ../../../../NoC_verif_own.srcs/sources_1/new/noc_monitor.sv(87) @ 145000: uvm_test_top.env.agent[3].monitor [MONITOR] Got tailer_flit (010)
UVM_INFO ../../../../NoC_verif_own.srcs/sources_1/new/noc_monitor.sv(93) @ 145000: uvm_test_top.env.agent[3].monitor [MONITOR] Sent a pkt
UVM_INFO ../../../../NoC_verif_own.srcs/sources_1/new/noc_coverage.sv(254) @ 145000: uvm_test_top.env.coverage [COVERAGE] Got a txn to sample for core           5
UVM_INFO ../../../../NoC_verif_own.srcs/sources_1/new/noc_coverage.sv(254) @ 145000: uvm_test_top.env.coverage [COVERAGE] Got a txn to sample for core           3
UVM_INFO ../../../../NoC_verif_own.srcs/sources_1/new/noc_driver.sv(93) @ 155000: uvm_test_top.env.agent[3].driver [DIVER] driving data (invalid): 01111111111111111111111111111111
UVM_INFO ../../../../NoC_verif_own.srcs/sources_1/new/noc_driver.sv(93) @ 155000: uvm_test_top.env.agent[5].driver [DIVER] driving data (invalid): 01111111111111111111111111111111
UVM_INFO ../../../../NoC_verif_own.srcs/sources_1/new/noc_monitor.sv(147) @ 155000: uvm_test_top.env.agent[0].monitor [MONITOR_OUT] Triggered header
UVM_INFO ../../../../NoC_verif_own.srcs/sources_1/new/noc_monitor.sv(112) @ 155000: uvm_test_top.env.agent[0].monitor [MONITOR_OUT] Got header_flit
UVM_INFO ../../../../NoC_verif_own.srcs/sources_1/new/noc_monitor.sv(117) @ 155000: uvm_test_top.env.agent[0].monitor [MONITOR_OUT] Waiting for payload_flit
UVM_INFO ../../../../NoC_verif_own.srcs/sources_1/new/noc_monitor.sv(63) @ 156000: uvm_test_top.env.agent[3].monitor [MONITOR] Waiting for header_flit (001)
UVM_INFO ../../../../NoC_verif_own.srcs/sources_1/new/noc_monitor.sv(63) @ 156000: uvm_test_top.env.agent[5].monitor [MONITOR] Waiting for header_flit (001)
UVM_INFO ../../../../NoC_verif_own.srcs/sources_1/new/noc_driver.sv(66) @ 165000: uvm_test_top.env.agent[5].driver [DIVER] finished drive_data_in
UVM_INFO ../../../../NoC_verif_own.srcs/sources_1/new/noc_driver.sv(66) @ 165000: uvm_test_top.env.agent[3].driver [DIVER] finished drive_data_in
UVM_INFO ../../../../NoC_verif_own.srcs/sources_1/new/noc_driver.sv(61) @ 175000: uvm_test_top.env.agent[3].driver [DIVER] waiting for seq item
UVM_INFO ../../../../NoC_verif_own.srcs/sources_1/new/noc_driver.sv(61) @ 175000: uvm_test_top.env.agent[5].driver [DIVER] waiting for seq item
UVM_INFO ../../../../NoC_verif_own.srcs/sources_1/new/noc_sequence.sv(90) @ 175000: uvm_test_top.env.agent[5].sequencer@@seq[          5] [SEQ]  IN Seq Value of core_seq_num is           5 vc_id  is = 00 , src_addr is 00010010 dst_addr is 00000000 
UVM_INFO ../../../../NoC_verif_own.srcs/sources_1/new/noc_sequence.sv(90) @ 175000: uvm_test_top.env.agent[3].sequencer@@seq[          3] [SEQ]  IN Seq Value of core_seq_num is           3 vc_id  is = 00 , src_addr is 00010000 dst_addr is 00000000 
UVM_INFO ../../../../NoC_verif_own.srcs/sources_1/new/noc_driver.sv(63) @ 175000: uvm_test_top.env.agent[5].driver [DIVER] got seq item
UVM_INFO ../../../../NoC_verif_own.srcs/sources_1/new/noc_driver.sv(73) @ 175000: uvm_test_top.env.agent[5].driver [DIVER] driving data (header): 00100000000000000001001000000000
UVM_INFO ../../../../NoC_verif_own.srcs/sources_1/new/noc_driver.sv(63) @ 175000: uvm_test_top.env.agent[3].driver [DIVER] got seq item
UVM_INFO ../../../../NoC_verif_own.srcs/sources_1/new/noc_driver.sv(73) @ 175000: uvm_test_top.env.agent[3].driver [DIVER] driving data (header): 00100000000000000001000000000000
UVM_INFO ../../../../NoC_verif_own.srcs/sources_1/new/noc_monitor.sv(65) @ 185000: uvm_test_top.env.agent[3].monitor [MONITOR] Got header_flit (001)
UVM_INFO ../../../../NoC_verif_own.srcs/sources_1/new/noc_monitor.sv(70) @ 185000: uvm_test_top.env.agent[3].monitor [MONITOR] Waiting for payload_flit (000)
UVM_INFO ../../../../NoC_verif_own.srcs/sources_1/new/noc_monitor.sv(65) @ 185000: uvm_test_top.env.agent[5].monitor [MONITOR] Got header_flit (001)
UVM_INFO ../../../../NoC_verif_own.srcs/sources_1/new/noc_monitor.sv(70) @ 185000: uvm_test_top.env.agent[5].monitor [MONITOR] Waiting for payload_flit (000)
UVM_INFO ../../../../NoC_verif_own.srcs/sources_1/new/noc_monitor.sv(148) @ 235000: uvm_test_top.env.agent[0].monitor [MONITOR_OUT] Triggered payload
UVM_INFO ../../../../NoC_verif_own.srcs/sources_1/new/noc_monitor.sv(121) @ 235000: uvm_test_top.env.agent[0].monitor [MONITOR_OUT] Got a payload_flit
UVM_INFO ../../../../NoC_verif_own.srcs/sources_1/new/noc_monitor.sv(121) @ 245000: uvm_test_top.env.agent[0].monitor [MONITOR_OUT] Got a payload_flit
UVM_INFO ../../../../NoC_verif_own.srcs/sources_1/new/noc_monitor.sv(148) @ 245000: uvm_test_top.env.agent[0].monitor [MONITOR_OUT] Triggered payload
UVM_INFO ../../../../NoC_verif_own.srcs/sources_1/new/noc_monitor.sv(121) @ 255000: uvm_test_top.env.agent[0].monitor [MONITOR_OUT] Got a payload_flit
UVM_INFO ../../../../NoC_verif_own.srcs/sources_1/new/noc_monitor.sv(149) @ 255000: uvm_test_top.env.agent[0].monitor [MONITOR_OUT] Triggered tailer
UVM_INFO ../../../../NoC_verif_own.srcs/sources_1/new/noc_monitor.sv(130) @ 265000: uvm_test_top.env.agent[0].monitor [MONITOR_OUT] Got tailer_flit
UVM_INFO ../../../../NoC_verif_own.srcs/sources_1/new/noc_monitor.sv(135) @ 265000: uvm_test_top.env.agent[0].monitor [MONITOR_OUT] Sent pkt
UVM_INFO ../../../../NoC_verif_own.srcs/sources_1/new/noc_monitor.sv(110) @ 265000: uvm_test_top.env.agent[0].monitor [MONITOR_OUT] Waiting for header_flit
UVM_INFO ../../../../NoC_verif_own.srcs/sources_1/new/noc_monitor.sv(147) @ 265000: uvm_test_top.env.agent[0].monitor [MONITOR_OUT] Triggered header
UVM_INFO ../../../../NoC_verif_own.srcs/sources_1/new/noc_monitor.sv(112) @ 265000: uvm_test_top.env.agent[0].monitor [MONITOR_OUT] Got header_flit
UVM_INFO ../../../../NoC_verif_own.srcs/sources_1/new/noc_monitor.sv(117) @ 265000: uvm_test_top.env.agent[0].monitor [MONITOR_OUT] Waiting for payload_flit
UVM_INFO ../../../../NoC_verif_own.srcs/sources_1/new/noc_driver.sv(83) @ 275000: uvm_test_top.env.agent[5].driver [DIVER] driving data (payload): 00000001111010111010111001101011
UVM_INFO ../../../../NoC_verif_own.srcs/sources_1/new/noc_driver.sv(83) @ 275000: uvm_test_top.env.agent[3].driver [DIVER] driving data (payload): 00000010001000111110000111010010
UVM_INFO ../../../../NoC_verif_own.srcs/sources_1/new/noc_monitor.sv(72) @ 275000: uvm_test_top.env.agent[5].monitor [MONITOR] Got payload_flit (000)
UVM_INFO ../../../../NoC_verif_own.srcs/sources_1/new/noc_monitor.sv(72) @ 275000: uvm_test_top.env.agent[3].monitor [MONITOR] Got payload_flit (000)
UVM_INFO ../../../../NoC_verif_own.srcs/sources_1/new/noc_monitor.sv(147) @ 275000: uvm_test_top.env.agent[0].monitor [MONITOR_OUT] Triggered header
UVM_INFO ../../../../NoC_verif_own.srcs/sources_1/new/noc_driver.sv(83) @ 285000: uvm_test_top.env.agent[3].driver [DIVER] driving data (payload): 00000001100001110000100001011011
UVM_INFO ../../../../NoC_verif_own.srcs/sources_1/new/noc_driver.sv(83) @ 285000: uvm_test_top.env.agent[5].driver [DIVER] driving data (payload): 00000111001000101101000010000100
UVM_INFO ../../../../NoC_verif_own.srcs/sources_1/new/noc_driver.sv(88) @ 295000: uvm_test_top.env.agent[5].driver [DIVER] driving data (tailer): 01000000000000000000000000000000
UVM_INFO ../../../../NoC_verif_own.srcs/sources_1/new/noc_driver.sv(88) @ 295000: uvm_test_top.env.agent[3].driver [DIVER] driving data (tailer): 01000000000000000000000000000000
UVM_INFO ../../../../NoC_verif_own.srcs/sources_1/new/noc_monitor.sv(87) @ 295000: uvm_test_top.env.agent[5].monitor [MONITOR] Got tailer_flit (010)
UVM_INFO ../../../../NoC_verif_own.srcs/sources_1/new/noc_monitor.sv(93) @ 295000: uvm_test_top.env.agent[5].monitor [MONITOR] Sent a pkt
UVM_INFO ../../../../NoC_verif_own.srcs/sources_1/new/noc_monitor.sv(87) @ 295000: uvm_test_top.env.agent[3].monitor [MONITOR] Got tailer_flit (010)
UVM_INFO ../../../../NoC_verif_own.srcs/sources_1/new/noc_monitor.sv(93) @ 295000: uvm_test_top.env.agent[3].monitor [MONITOR] Sent a pkt
UVM_INFO ../../../../NoC_verif_own.srcs/sources_1/new/noc_coverage.sv(254) @ 295000: uvm_test_top.env.coverage [COVERAGE] Got a txn to sample for core           5
UVM_INFO ../../../../NoC_verif_own.srcs/sources_1/new/noc_coverage.sv(254) @ 295000: uvm_test_top.env.coverage [COVERAGE] Got a txn to sample for core           3
UVM_INFO ../../../../NoC_verif_own.srcs/sources_1/new/noc_driver.sv(93) @ 305000: uvm_test_top.env.agent[3].driver [DIVER] driving data (invalid): 01111111111111111111111111111111
UVM_INFO ../../../../NoC_verif_own.srcs/sources_1/new/noc_driver.sv(93) @ 305000: uvm_test_top.env.agent[5].driver [DIVER] driving data (invalid): 01111111111111111111111111111111
UVM_INFO ../../../../NoC_verif_own.srcs/sources_1/new/noc_monitor.sv(63) @ 306000: uvm_test_top.env.agent[3].monitor [MONITOR] Waiting for header_flit (001)
UVM_INFO ../../../../NoC_verif_own.srcs/sources_1/new/noc_monitor.sv(63) @ 306000: uvm_test_top.env.agent[5].monitor [MONITOR] Waiting for header_flit (001)
UVM_INFO ../../../../NoC_verif_own.srcs/sources_1/new/noc_driver.sv(66) @ 315000: uvm_test_top.env.agent[5].driver [DIVER] finished drive_data_in
UVM_INFO ../../../../NoC_verif_own.srcs/sources_1/new/noc_driver.sv(66) @ 315000: uvm_test_top.env.agent[3].driver [DIVER] finished drive_data_in
UVM_INFO ../../../../NoC_verif_own.srcs/sources_1/new/noc_driver.sv(61) @ 325000: uvm_test_top.env.agent[3].driver [DIVER] waiting for seq item
UVM_INFO ../../../../NoC_verif_own.srcs/sources_1/new/noc_driver.sv(61) @ 325000: uvm_test_top.env.agent[5].driver [DIVER] waiting for seq item
UVM_INFO ../../../../NoC_verif_own.srcs/sources_1/new/noc_sequence.sv(90) @ 325000: uvm_test_top.env.agent[5].sequencer@@seq[          5] [SEQ]  IN Seq Value of core_seq_num is           5 vc_id  is = 00 , src_addr is 00010010 dst_addr is 00000010 
UVM_INFO ../../../../NoC_verif_own.srcs/sources_1/new/noc_sequence.sv(90) @ 325000: uvm_test_top.env.agent[3].sequencer@@seq[          3] [SEQ]  IN Seq Value of core_seq_num is           3 vc_id  is = 00 , src_addr is 00010000 dst_addr is 00000001 
UVM_INFO ../../../../NoC_verif_own.srcs/sources_1/new/noc_driver.sv(63) @ 325000: uvm_test_top.env.agent[5].driver [DIVER] got seq item
UVM_INFO ../../../../NoC_verif_own.srcs/sources_1/new/noc_driver.sv(73) @ 325000: uvm_test_top.env.agent[5].driver [DIVER] driving data (header): 00100000000000000001001000000010
UVM_INFO ../../../../NoC_verif_own.srcs/sources_1/new/noc_driver.sv(63) @ 325000: uvm_test_top.env.agent[3].driver [DIVER] got seq item
UVM_INFO ../../../../NoC_verif_own.srcs/sources_1/new/noc_driver.sv(73) @ 325000: uvm_test_top.env.agent[3].driver [DIVER] driving data (header): 00100000000000000001000000000001
UVM_INFO ../../../../NoC_verif_own.srcs/sources_1/new/noc_monitor.sv(65) @ 335000: uvm_test_top.env.agent[3].monitor [MONITOR] Got header_flit (001)
UVM_INFO ../../../../NoC_verif_own.srcs/sources_1/new/noc_monitor.sv(70) @ 335000: uvm_test_top.env.agent[3].monitor [MONITOR] Waiting for payload_flit (000)
UVM_INFO ../../../../NoC_verif_own.srcs/sources_1/new/noc_monitor.sv(65) @ 335000: uvm_test_top.env.agent[5].monitor [MONITOR] Got header_flit (001)
UVM_INFO ../../../../NoC_verif_own.srcs/sources_1/new/noc_monitor.sv(70) @ 335000: uvm_test_top.env.agent[5].monitor [MONITOR] Waiting for payload_flit (000)
UVM_INFO ../../../../NoC_verif_own.srcs/sources_1/new/noc_monitor.sv(148) @ 355000: uvm_test_top.env.agent[0].monitor [MONITOR_OUT] Triggered payload
UVM_INFO ../../../../NoC_verif_own.srcs/sources_1/new/noc_monitor.sv(121) @ 355000: uvm_test_top.env.agent[0].monitor [MONITOR_OUT] Got a payload_flit
UVM_INFO ../../../../NoC_verif_own.srcs/sources_1/new/noc_monitor.sv(121) @ 365000: uvm_test_top.env.agent[0].monitor [MONITOR_OUT] Got a payload_flit
UVM_INFO ../../../../NoC_verif_own.srcs/sources_1/new/noc_monitor.sv(148) @ 365000: uvm_test_top.env.agent[0].monitor [MONITOR_OUT] Triggered payload
UVM_INFO ../../../../NoC_verif_own.srcs/sources_1/new/noc_monitor.sv(121) @ 375000: uvm_test_top.env.agent[0].monitor [MONITOR_OUT] Got a payload_flit
UVM_INFO ../../../../NoC_verif_own.srcs/sources_1/new/noc_monitor.sv(149) @ 375000: uvm_test_top.env.agent[0].monitor [MONITOR_OUT] Triggered tailer
UVM_INFO ../../../../NoC_verif_own.srcs/sources_1/new/noc_monitor.sv(130) @ 385000: uvm_test_top.env.agent[0].monitor [MONITOR_OUT] Got tailer_flit
UVM_INFO ../../../../NoC_verif_own.srcs/sources_1/new/noc_monitor.sv(135) @ 385000: uvm_test_top.env.agent[0].monitor [MONITOR_OUT] Sent pkt
UVM_INFO ../../../../NoC_verif_own.srcs/sources_1/new/noc_monitor.sv(110) @ 385000: uvm_test_top.env.agent[0].monitor [MONITOR_OUT] Waiting for header_flit
UVM_INFO ../../../../NoC_verif_own.srcs/sources_1/new/noc_driver.sv(83) @ 425000: uvm_test_top.env.agent[5].driver [DIVER] driving data (payload): 00000111011000101000010110111111
UVM_INFO ../../../../NoC_verif_own.srcs/sources_1/new/noc_driver.sv(83) @ 425000: uvm_test_top.env.agent[3].driver [DIVER] driving data (payload): 00000111010111101001100011001001
UVM_INFO ../../../../NoC_verif_own.srcs/sources_1/new/noc_monitor.sv(72) @ 425000: uvm_test_top.env.agent[5].monitor [MONITOR] Got payload_flit (000)
UVM_INFO ../../../../NoC_verif_own.srcs/sources_1/new/noc_monitor.sv(72) @ 425000: uvm_test_top.env.agent[3].monitor [MONITOR] Got payload_flit (000)
UVM_INFO ../../../../NoC_verif_own.srcs/sources_1/new/noc_driver.sv(83) @ 435000: uvm_test_top.env.agent[3].driver [DIVER] driving data (payload): 00000111100100111100111001010010
UVM_INFO ../../../../NoC_verif_own.srcs/sources_1/new/noc_driver.sv(83) @ 435000: uvm_test_top.env.agent[5].driver [DIVER] driving data (payload): 00000011011010011010010001100111
UVM_INFO ../../../../NoC_verif_own.srcs/sources_1/new/noc_driver.sv(88) @ 445000: uvm_test_top.env.agent[5].driver [DIVER] driving data (tailer): 01000000000000000000000000000000
UVM_INFO ../../../../NoC_verif_own.srcs/sources_1/new/noc_driver.sv(88) @ 445000: uvm_test_top.env.agent[3].driver [DIVER] driving data (tailer): 01000000000000000000000000000000
UVM_INFO ../../../../NoC_verif_own.srcs/sources_1/new/noc_monitor.sv(87) @ 445000: uvm_test_top.env.agent[5].monitor [MONITOR] Got tailer_flit (010)
UVM_INFO ../../../../NoC_verif_own.srcs/sources_1/new/noc_monitor.sv(93) @ 445000: uvm_test_top.env.agent[5].monitor [MONITOR] Sent a pkt
UVM_INFO ../../../../NoC_verif_own.srcs/sources_1/new/noc_monitor.sv(87) @ 445000: uvm_test_top.env.agent[3].monitor [MONITOR] Got tailer_flit (010)
UVM_INFO ../../../../NoC_verif_own.srcs/sources_1/new/noc_monitor.sv(93) @ 445000: uvm_test_top.env.agent[3].monitor [MONITOR] Sent a pkt
UVM_INFO ../../../../NoC_verif_own.srcs/sources_1/new/noc_coverage.sv(254) @ 445000: uvm_test_top.env.coverage [COVERAGE] Got a txn to sample for core           5
UVM_INFO ../../../../NoC_verif_own.srcs/sources_1/new/noc_coverage.sv(254) @ 445000: uvm_test_top.env.coverage [COVERAGE] Got a txn to sample for core           3
UVM_INFO ../../../../NoC_verif_own.srcs/sources_1/new/noc_driver.sv(93) @ 455000: uvm_test_top.env.agent[3].driver [DIVER] driving data (invalid): 01111111111111111111111111111111
UVM_INFO ../../../../NoC_verif_own.srcs/sources_1/new/noc_driver.sv(93) @ 455000: uvm_test_top.env.agent[5].driver [DIVER] driving data (invalid): 01111111111111111111111111111111
UVM_INFO ../../../../NoC_verif_own.srcs/sources_1/new/noc_monitor.sv(63) @ 456000: uvm_test_top.env.agent[3].monitor [MONITOR] Waiting for header_flit (001)
UVM_INFO ../../../../NoC_verif_own.srcs/sources_1/new/noc_monitor.sv(63) @ 456000: uvm_test_top.env.agent[5].monitor [MONITOR] Waiting for header_flit (001)
UVM_INFO ../../../../NoC_verif_own.srcs/sources_1/new/noc_driver.sv(66) @ 465000: uvm_test_top.env.agent[5].driver [DIVER] finished drive_data_in
UVM_INFO ../../../../NoC_verif_own.srcs/sources_1/new/noc_driver.sv(66) @ 465000: uvm_test_top.env.agent[3].driver [DIVER] finished drive_data_in
UVM_INFO ../../../../NoC_verif_own.srcs/sources_1/new/noc_driver.sv(61) @ 475000: uvm_test_top.env.agent[3].driver [DIVER] waiting for seq item
UVM_INFO ../../../../NoC_verif_own.srcs/sources_1/new/noc_driver.sv(61) @ 475000: uvm_test_top.env.agent[5].driver [DIVER] waiting for seq item
UVM_INFO ../../../../NoC_verif_own.srcs/sources_1/new/noc_monitor.sv(147) @ 475000: uvm_test_top.env.agent[2].monitor [MONITOR_OUT] Triggered header
UVM_INFO ../../../../NoC_verif_own.srcs/sources_1/new/noc_monitor.sv(112) @ 475000: uvm_test_top.env.agent[2].monitor [MONITOR_OUT] Got header_flit
UVM_INFO ../../../../NoC_verif_own.srcs/sources_1/new/noc_monitor.sv(117) @ 475000: uvm_test_top.env.agent[2].monitor [MONITOR_OUT] Waiting for payload_flit
UVM_INFO ../../../../NoC_verif_own.srcs/sources_1/new/noc_monitor.sv(147) @ 535000: uvm_test_top.env.agent[2].monitor [MONITOR_OUT] Triggered header
UVM_INFO ../../../../NoC_verif_own.srcs/sources_1/new/noc_monitor.sv(147) @ 535000: uvm_test_top.env.agent[1].monitor [MONITOR_OUT] Triggered header
UVM_INFO ../../../../NoC_verif_own.srcs/sources_1/new/noc_monitor.sv(112) @ 535000: uvm_test_top.env.agent[1].monitor [MONITOR_OUT] Got header_flit
UVM_INFO ../../../../NoC_verif_own.srcs/sources_1/new/noc_monitor.sv(117) @ 535000: uvm_test_top.env.agent[1].monitor [MONITOR_OUT] Waiting for payload_flit
UVM_INFO ../../../../NoC_verif_own.srcs/sources_1/new/noc_monitor.sv(148) @ 555000: uvm_test_top.env.agent[2].monitor [MONITOR_OUT] Triggered payload
UVM_INFO ../../../../NoC_verif_own.srcs/sources_1/new/noc_monitor.sv(121) @ 555000: uvm_test_top.env.agent[2].monitor [MONITOR_OUT] Got a payload_flit
UVM_INFO ../../../../NoC_verif_own.srcs/sources_1/new/noc_monitor.sv(121) @ 565000: uvm_test_top.env.agent[2].monitor [MONITOR_OUT] Got a payload_flit
UVM_INFO ../../../../NoC_verif_own.srcs/sources_1/new/noc_monitor.sv(148) @ 565000: uvm_test_top.env.agent[2].monitor [MONITOR_OUT] Triggered payload
UVM_INFO ../../../../NoC_verif_own.srcs/sources_1/new/noc_monitor.sv(121) @ 575000: uvm_test_top.env.agent[2].monitor [MONITOR_OUT] Got a payload_flit
UVM_INFO ../../../../NoC_verif_own.srcs/sources_1/new/noc_monitor.sv(149) @ 575000: uvm_test_top.env.agent[2].monitor [MONITOR_OUT] Triggered tailer
UVM_INFO ../../../../NoC_verif_own.srcs/sources_1/new/noc_monitor.sv(130) @ 585000: uvm_test_top.env.agent[2].monitor [MONITOR_OUT] Got tailer_flit
UVM_INFO ../../../../NoC_verif_own.srcs/sources_1/new/noc_monitor.sv(135) @ 585000: uvm_test_top.env.agent[2].monitor [MONITOR_OUT] Sent pkt
UVM_INFO ../../../../NoC_verif_own.srcs/sources_1/new/noc_monitor.sv(110) @ 585000: uvm_test_top.env.agent[2].monitor [MONITOR_OUT] Waiting for header_flit
UVM_INFO ../../../../NoC_verif_own.srcs/sources_1/new/noc_monitor.sv(148) @ 615000: uvm_test_top.env.agent[1].monitor [MONITOR_OUT] Triggered payload
UVM_INFO ../../../../NoC_verif_own.srcs/sources_1/new/noc_monitor.sv(121) @ 615000: uvm_test_top.env.agent[1].monitor [MONITOR_OUT] Got a payload_flit
UVM_INFO ../../../../NoC_verif_own.srcs/sources_1/new/noc_monitor.sv(121) @ 625000: uvm_test_top.env.agent[1].monitor [MONITOR_OUT] Got a payload_flit
UVM_INFO ../../../../NoC_verif_own.srcs/sources_1/new/noc_monitor.sv(148) @ 625000: uvm_test_top.env.agent[1].monitor [MONITOR_OUT] Triggered payload
UVM_INFO ../../../../NoC_verif_own.srcs/sources_1/new/noc_monitor.sv(121) @ 635000: uvm_test_top.env.agent[1].monitor [MONITOR_OUT] Got a payload_flit
UVM_INFO ../../../../NoC_verif_own.srcs/sources_1/new/noc_monitor.sv(149) @ 635000: uvm_test_top.env.agent[1].monitor [MONITOR_OUT] Triggered tailer
UVM_INFO ../../../../NoC_verif_own.srcs/sources_1/new/noc_monitor.sv(130) @ 645000: uvm_test_top.env.agent[1].monitor [MONITOR_OUT] Got tailer_flit
UVM_INFO ../../../../NoC_verif_own.srcs/sources_1/new/noc_monitor.sv(135) @ 645000: uvm_test_top.env.agent[1].monitor [MONITOR_OUT] Sent pkt
UVM_INFO ../../../../NoC_verif_own.srcs/sources_1/new/noc_monitor.sv(110) @ 645000: uvm_test_top.env.agent[1].monitor [MONITOR_OUT] Waiting for header_flit
